# bin_edge_left	bin_edge_right	dN/d[mg/H]	dN/d[fe/H]	dN/d[o/H]	dN/d[fe/mg]	dN/d[o/mg]	dN/d[o/fe]	
-3.000000e+00	-2.990000e+00	0.000000e+00	0.000000e+00	0.000000e+00	0.000000e+00	0.000000e+00	0.000000e+00	
-2.990000e+00	-2.980000e+00	0.000000e+00	0.000000e+00	0.000000e+00	0.000000e+00	0.000000e+00	0.000000e+00	
-2.980000e+00	-2.970000e+00	0.000000e+00	0.000000e+00	0.000000e+00	0.000000e+00	0.000000e+00	0.000000e+00	
-2.970000e+00	-2.960000e+00	0.000000e+00	0.000000e+00	0.000000e+00	0.000000e+00	0.000000e+00	0.000000e+00	
-2.960000e+00	-2.950000e+00	0.000000e+00	0.000000e+00	0.000000e+00	0.000000e+00	0.000000e+00	0.000000e+00	
-2.950000e+00	-2.940000e+00	0.000000e+00	0.000000e+00	0.000000e+00	0.000000e+00	0.000000e+00	0.000000e+00	
-2.940000e+00	-2.930000e+00	0.000000e+00	0.000000e+00	0.000000e+00	0.000000e+00	0.000000e+00	0.000000e+00	
-2.930000e+00	-2.920000e+00	0.000000e+00	0.000000e+00	0.000000e+00	0.000000e+00	0.000000e+00	0.000000e+00	
-2.920000e+00	-2.910000e+00	0.000000e+00	0.000000e+00	0.000000e+00	0.000000e+00	0.000000e+00	0.000000e+00	
-2.910000e+00	-2.900000e+00	0.000000e+00	0.000000e+00	0.000000e+00	0.000000e+00	0.000000e+00	0.000000e+00	
-2.900000e+00	-2.890000e+00	0.000000e+00	0.000000e+00	0.000000e+00	0.000000e+00	0.000000e+00	0.000000e+00	
-2.890000e+00	-2.880000e+00	0.000000e+00	0.000000e+00	0.000000e+00	0.000000e+00	0.000000e+00	0.000000e+00	
-2.880000e+00	-2.870000e+00	0.000000e+00	0.000000e+00	0.000000e+00	0.000000e+00	0.000000e+00	0.000000e+00	
-2.870000e+00	-2.860000e+00	0.000000e+00	0.000000e+00	0.000000e+00	0.000000e+00	0.000000e+00	0.000000e+00	
-2.860000e+00	-2.850000e+00	0.000000e+00	0.000000e+00	0.000000e+00	0.000000e+00	0.000000e+00	0.000000e+00	
-2.850000e+00	-2.840000e+00	0.000000e+00	0.000000e+00	0.000000e+00	0.000000e+00	0.000000e+00	0.000000e+00	
-2.840000e+00	-2.830000e+00	0.000000e+00	0.000000e+00	0.000000e+00	0.000000e+00	0.000000e+00	0.000000e+00	
-2.830000e+00	-2.820000e+00	0.000000e+00	0.000000e+00	0.000000e+00	0.000000e+00	0.000000e+00	0.000000e+00	
-2.820000e+00	-2.810000e+00	0.000000e+00	0.000000e+00	0.000000e+00	0.000000e+00	0.000000e+00	0.000000e+00	
-2.810000e+00	-2.800000e+00	0.000000e+00	0.000000e+00	0.000000e+00	0.000000e+00	0.000000e+00	0.000000e+00	
-2.800000e+00	-2.790000e+00	0.000000e+00	0.000000e+00	0.000000e+00	0.000000e+00	0.000000e+00	0.000000e+00	
-2.790000e+00	-2.780000e+00	0.000000e+00	0.000000e+00	0.000000e+00	0.000000e+00	0.000000e+00	0.000000e+00	
-2.780000e+00	-2.770000e+00	0.000000e+00	0.000000e+00	0.000000e+00	0.000000e+00	0.000000e+00	0.000000e+00	
-2.770000e+00	-2.760000e+00	0.000000e+00	0.000000e+00	0.000000e+00	0.000000e+00	0.000000e+00	0.000000e+00	
-2.760000e+00	-2.750000e+00	0.000000e+00	0.000000e+00	0.000000e+00	0.000000e+00	0.000000e+00	0.000000e+00	
-2.750000e+00	-2.740000e+00	0.000000e+00	0.000000e+00	0.000000e+00	0.000000e+00	0.000000e+00	0.000000e+00	
-2.740000e+00	-2.730000e+00	0.000000e+00	0.000000e+00	0.000000e+00	0.000000e+00	0.000000e+00	0.000000e+00	
-2.730000e+00	-2.720000e+00	0.000000e+00	0.000000e+00	0.000000e+00	0.000000e+00	0.000000e+00	0.000000e+00	
-2.720000e+00	-2.710000e+00	0.000000e+00	0.000000e+00	0.000000e+00	0.000000e+00	0.000000e+00	0.000000e+00	
-2.710000e+00	-2.700000e+00	0.000000e+00	0.000000e+00	0.000000e+00	0.000000e+00	0.000000e+00	0.000000e+00	
-2.700000e+00	-2.690000e+00	0.000000e+00	0.000000e+00	0.000000e+00	0.000000e+00	0.000000e+00	0.000000e+00	
-2.690000e+00	-2.680000e+00	0.000000e+00	0.000000e+00	0.000000e+00	0.000000e+00	0.000000e+00	0.000000e+00	
-2.680000e+00	-2.670000e+00	0.000000e+00	0.000000e+00	0.000000e+00	0.000000e+00	0.000000e+00	0.000000e+00	
-2.670000e+00	-2.660000e+00	0.000000e+00	0.000000e+00	0.000000e+00	0.000000e+00	0.000000e+00	0.000000e+00	
-2.660000e+00	-2.650000e+00	0.000000e+00	0.000000e+00	0.000000e+00	0.000000e+00	0.000000e+00	0.000000e+00	
-2.650000e+00	-2.640000e+00	0.000000e+00	0.000000e+00	0.000000e+00	0.000000e+00	0.000000e+00	0.000000e+00	
-2.640000e+00	-2.630000e+00	0.000000e+00	6.482894e-03	0.000000e+00	0.000000e+00	0.000000e+00	0.000000e+00	
-2.630000e+00	-2.620000e+00	0.000000e+00	0.000000e+00	0.000000e+00	0.000000e+00	0.000000e+00	0.000000e+00	
-2.620000e+00	-2.610000e+00	0.000000e+00	0.000000e+00	0.000000e+00	0.000000e+00	0.000000e+00	0.000000e+00	
-2.610000e+00	-2.600000e+00	0.000000e+00	0.000000e+00	0.000000e+00	0.000000e+00	0.000000e+00	0.000000e+00	
-2.600000e+00	-2.590000e+00	0.000000e+00	0.000000e+00	0.000000e+00	0.000000e+00	0.000000e+00	0.000000e+00	
-2.590000e+00	-2.580000e+00	0.000000e+00	0.000000e+00	0.000000e+00	0.000000e+00	0.000000e+00	0.000000e+00	
-2.580000e+00	-2.570000e+00	0.000000e+00	0.000000e+00	0.000000e+00	0.000000e+00	0.000000e+00	0.000000e+00	
-2.570000e+00	-2.560000e+00	0.000000e+00	0.000000e+00	0.000000e+00	0.000000e+00	0.000000e+00	0.000000e+00	
-2.560000e+00	-2.550000e+00	0.000000e+00	0.000000e+00	0.000000e+00	0.000000e+00	0.000000e+00	0.000000e+00	
-2.550000e+00	-2.540000e+00	0.000000e+00	0.000000e+00	0.000000e+00	0.000000e+00	0.000000e+00	0.000000e+00	
-2.540000e+00	-2.530000e+00	0.000000e+00	0.000000e+00	0.000000e+00	0.000000e+00	0.000000e+00	0.000000e+00	
-2.530000e+00	-2.520000e+00	0.000000e+00	0.000000e+00	0.000000e+00	0.000000e+00	0.000000e+00	0.000000e+00	
-2.520000e+00	-2.510000e+00	0.000000e+00	0.000000e+00	0.000000e+00	0.000000e+00	0.000000e+00	0.000000e+00	
-2.510000e+00	-2.500000e+00	0.000000e+00	0.000000e+00	0.000000e+00	0.000000e+00	0.000000e+00	0.000000e+00	
-2.500000e+00	-2.490000e+00	0.000000e+00	0.000000e+00	0.000000e+00	0.000000e+00	0.000000e+00	0.000000e+00	
-2.490000e+00	-2.480000e+00	0.000000e+00	0.000000e+00	0.000000e+00	0.000000e+00	0.000000e+00	0.000000e+00	
-2.480000e+00	-2.470000e+00	0.000000e+00	0.000000e+00	0.000000e+00	0.000000e+00	0.000000e+00	0.000000e+00	
-2.470000e+00	-2.460000e+00	0.000000e+00	0.000000e+00	0.000000e+00	0.000000e+00	0.000000e+00	0.000000e+00	
-2.460000e+00	-2.450000e+00	6.482894e-03	0.000000e+00	0.000000e+00	0.000000e+00	0.000000e+00	0.000000e+00	
-2.450000e+00	-2.440000e+00	0.000000e+00	0.000000e+00	0.000000e+00	0.000000e+00	0.000000e+00	0.000000e+00	
-2.440000e+00	-2.430000e+00	0.000000e+00	0.000000e+00	0.000000e+00	0.000000e+00	0.000000e+00	0.000000e+00	
-2.430000e+00	-2.420000e+00	0.000000e+00	0.000000e+00	0.000000e+00	0.000000e+00	0.000000e+00	0.000000e+00	
-2.420000e+00	-2.410000e+00	0.000000e+00	0.000000e+00	0.000000e+00	0.000000e+00	0.000000e+00	0.000000e+00	
-2.410000e+00	-2.400000e+00	0.000000e+00	0.000000e+00	0.000000e+00	0.000000e+00	0.000000e+00	0.000000e+00	
-2.400000e+00	-2.390000e+00	0.000000e+00	0.000000e+00	0.000000e+00	0.000000e+00	0.000000e+00	0.000000e+00	
-2.390000e+00	-2.380000e+00	0.000000e+00	0.000000e+00	0.000000e+00	0.000000e+00	0.000000e+00	0.000000e+00	
-2.380000e+00	-2.370000e+00	0.000000e+00	0.000000e+00	0.000000e+00	0.000000e+00	0.000000e+00	0.000000e+00	
-2.370000e+00	-2.360000e+00	0.000000e+00	0.000000e+00	0.000000e+00	0.000000e+00	0.000000e+00	0.000000e+00	
-2.360000e+00	-2.350000e+00	0.000000e+00	0.000000e+00	0.000000e+00	0.000000e+00	0.000000e+00	0.000000e+00	
-2.350000e+00	-2.340000e+00	0.000000e+00	0.000000e+00	0.000000e+00	0.000000e+00	0.000000e+00	0.000000e+00	
-2.340000e+00	-2.330000e+00	0.000000e+00	9.636200e-03	0.000000e+00	0.000000e+00	0.000000e+00	0.000000e+00	
-2.330000e+00	-2.320000e+00	0.000000e+00	0.000000e+00	0.000000e+00	0.000000e+00	0.000000e+00	0.000000e+00	
-2.320000e+00	-2.310000e+00	0.000000e+00	0.000000e+00	0.000000e+00	0.000000e+00	0.000000e+00	0.000000e+00	
-2.310000e+00	-2.300000e+00	0.000000e+00	0.000000e+00	0.000000e+00	0.000000e+00	0.000000e+00	0.000000e+00	
-2.300000e+00	-2.290000e+00	0.000000e+00	0.000000e+00	0.000000e+00	0.000000e+00	0.000000e+00	0.000000e+00	
-2.290000e+00	-2.280000e+00	0.000000e+00	0.000000e+00	0.000000e+00	0.000000e+00	0.000000e+00	0.000000e+00	
-2.280000e+00	-2.270000e+00	0.000000e+00	0.000000e+00	0.000000e+00	0.000000e+00	0.000000e+00	0.000000e+00	
-2.270000e+00	-2.260000e+00	0.000000e+00	0.000000e+00	0.000000e+00	0.000000e+00	0.000000e+00	0.000000e+00	
-2.260000e+00	-2.250000e+00	0.000000e+00	0.000000e+00	0.000000e+00	0.000000e+00	0.000000e+00	0.000000e+00	
-2.250000e+00	-2.240000e+00	0.000000e+00	0.000000e+00	0.000000e+00	0.000000e+00	0.000000e+00	0.000000e+00	
-2.240000e+00	-2.230000e+00	0.000000e+00	0.000000e+00	0.000000e+00	0.000000e+00	0.000000e+00	0.000000e+00	
-2.230000e+00	-2.220000e+00	0.000000e+00	0.000000e+00	0.000000e+00	0.000000e+00	0.000000e+00	0.000000e+00	
-2.220000e+00	-2.210000e+00	0.000000e+00	0.000000e+00	0.000000e+00	0.000000e+00	0.000000e+00	0.000000e+00	
-2.210000e+00	-2.200000e+00	0.000000e+00	0.000000e+00	0.000000e+00	0.000000e+00	0.000000e+00	0.000000e+00	
-2.200000e+00	-2.190000e+00	0.000000e+00	0.000000e+00	0.000000e+00	0.000000e+00	0.000000e+00	0.000000e+00	
-2.190000e+00	-2.180000e+00	0.000000e+00	0.000000e+00	6.482894e-03	0.000000e+00	0.000000e+00	0.000000e+00	
-2.180000e+00	-2.170000e+00	0.000000e+00	0.000000e+00	0.000000e+00	0.000000e+00	0.000000e+00	0.000000e+00	
-2.170000e+00	-2.160000e+00	0.000000e+00	1.273234e-02	0.000000e+00	0.000000e+00	0.000000e+00	0.000000e+00	
-2.160000e+00	-2.150000e+00	9.636200e-03	0.000000e+00	0.000000e+00	0.000000e+00	0.000000e+00	0.000000e+00	
-2.150000e+00	-2.140000e+00	0.000000e+00	0.000000e+00	0.000000e+00	0.000000e+00	0.000000e+00	0.000000e+00	
-2.140000e+00	-2.130000e+00	0.000000e+00	0.000000e+00	0.000000e+00	0.000000e+00	0.000000e+00	0.000000e+00	
-2.130000e+00	-2.120000e+00	0.000000e+00	0.000000e+00	0.000000e+00	0.000000e+00	0.000000e+00	0.000000e+00	
-2.120000e+00	-2.110000e+00	0.000000e+00	0.000000e+00	0.000000e+00	0.000000e+00	0.000000e+00	0.000000e+00	
-2.110000e+00	-2.100000e+00	0.000000e+00	0.000000e+00	0.000000e+00	0.000000e+00	0.000000e+00	0.000000e+00	
-2.100000e+00	-2.090000e+00	0.000000e+00	0.000000e+00	0.000000e+00	0.000000e+00	0.000000e+00	0.000000e+00	
-2.090000e+00	-2.080000e+00	0.000000e+00	0.000000e+00	0.000000e+00	0.000000e+00	0.000000e+00	0.000000e+00	
-2.080000e+00	-2.070000e+00	0.000000e+00	0.000000e+00	0.000000e+00	0.000000e+00	0.000000e+00	0.000000e+00	
-2.070000e+00	-2.060000e+00	0.000000e+00	0.000000e+00	0.000000e+00	0.000000e+00	0.000000e+00	0.000000e+00	
-2.060000e+00	-2.050000e+00	0.000000e+00	0.000000e+00	0.000000e+00	0.000000e+00	0.000000e+00	0.000000e+00	
-2.050000e+00	-2.040000e+00	0.000000e+00	0.000000e+00	0.000000e+00	0.000000e+00	0.000000e+00	0.000000e+00	
-2.040000e+00	-2.030000e+00	0.000000e+00	1.577239e-02	0.000000e+00	0.000000e+00	0.000000e+00	0.000000e+00	
-2.030000e+00	-2.020000e+00	0.000000e+00	0.000000e+00	0.000000e+00	0.000000e+00	0.000000e+00	0.000000e+00	
-2.020000e+00	-2.010000e+00	0.000000e+00	0.000000e+00	0.000000e+00	0.000000e+00	0.000000e+00	0.000000e+00	
-2.010000e+00	-2.000000e+00	0.000000e+00	0.000000e+00	0.000000e+00	0.000000e+00	0.000000e+00	0.000000e+00	
-2.000000e+00	-1.990000e+00	0.000000e+00	0.000000e+00	0.000000e+00	0.000000e+00	0.000000e+00	0.000000e+00	
-1.990000e+00	-1.980000e+00	0.000000e+00	0.000000e+00	0.000000e+00	0.000000e+00	0.000000e+00	0.000000e+00	
-1.980000e+00	-1.970000e+00	1.273234e-02	0.000000e+00	0.000000e+00	0.000000e+00	0.000000e+00	0.000000e+00	
-1.970000e+00	-1.960000e+00	0.000000e+00	0.000000e+00	0.000000e+00	0.000000e+00	0.000000e+00	0.000000e+00	
-1.960000e+00	-1.950000e+00	0.000000e+00	0.000000e+00	0.000000e+00	0.000000e+00	0.000000e+00	0.000000e+00	
-1.950000e+00	-1.940000e+00	0.000000e+00	1.875738e-02	0.000000e+00	0.000000e+00	0.000000e+00	0.000000e+00	
-1.940000e+00	-1.930000e+00	0.000000e+00	0.000000e+00	0.000000e+00	0.000000e+00	0.000000e+00	0.000000e+00	
-1.930000e+00	-1.920000e+00	0.000000e+00	0.000000e+00	0.000000e+00	0.000000e+00	0.000000e+00	0.000000e+00	
-1.920000e+00	-1.910000e+00	0.000000e+00	0.000000e+00	0.000000e+00	0.000000e+00	0.000000e+00	0.000000e+00	
-1.910000e+00	-1.900000e+00	0.000000e+00	0.000000e+00	0.000000e+00	0.000000e+00	0.000000e+00	0.000000e+00	
-1.900000e+00	-1.890000e+00	0.000000e+00	0.000000e+00	0.000000e+00	0.000000e+00	0.000000e+00	0.000000e+00	
-1.890000e+00	-1.880000e+00	0.000000e+00	0.000000e+00	9.636200e-03	0.000000e+00	0.000000e+00	0.000000e+00	
-1.880000e+00	-1.870000e+00	0.000000e+00	0.000000e+00	0.000000e+00	0.000000e+00	0.000000e+00	0.000000e+00	
-1.870000e+00	-1.860000e+00	0.000000e+00	2.168830e-02	0.000000e+00	0.000000e+00	0.000000e+00	0.000000e+00	
-1.860000e+00	-1.850000e+00	1.577239e-02	0.000000e+00	0.000000e+00	0.000000e+00	0.000000e+00	0.000000e+00	
-1.850000e+00	-1.840000e+00	0.000000e+00	0.000000e+00	0.000000e+00	0.000000e+00	0.000000e+00	0.000000e+00	
-1.840000e+00	-1.830000e+00	0.000000e+00	0.000000e+00	0.000000e+00	0.000000e+00	0.000000e+00	0.000000e+00	
-1.830000e+00	-1.820000e+00	0.000000e+00	0.000000e+00	0.000000e+00	0.000000e+00	0.000000e+00	0.000000e+00	
-1.820000e+00	-1.810000e+00	0.000000e+00	0.000000e+00	0.000000e+00	0.000000e+00	0.000000e+00	0.000000e+00	
-1.810000e+00	-1.800000e+00	0.000000e+00	0.000000e+00	0.000000e+00	0.000000e+00	0.000000e+00	0.000000e+00	
-1.800000e+00	-1.790000e+00	0.000000e+00	2.456609e-02	0.000000e+00	0.000000e+00	0.000000e+00	0.000000e+00	
-1.790000e+00	-1.780000e+00	0.000000e+00	0.000000e+00	0.000000e+00	0.000000e+00	0.000000e+00	0.000000e+00	
-1.780000e+00	-1.770000e+00	0.000000e+00	0.000000e+00	0.000000e+00	0.000000e+00	0.000000e+00	0.000000e+00	
-1.770000e+00	-1.760000e+00	0.000000e+00	0.000000e+00	0.000000e+00	0.000000e+00	0.000000e+00	0.000000e+00	
-1.760000e+00	-1.750000e+00	1.875738e-02	0.000000e+00	0.000000e+00	0.000000e+00	0.000000e+00	0.000000e+00	
-1.750000e+00	-1.740000e+00	0.000000e+00	2.739170e-02	0.000000e+00	0.000000e+00	0.000000e+00	0.000000e+00	
-1.740000e+00	-1.730000e+00	0.000000e+00	0.000000e+00	0.000000e+00	0.000000e+00	0.000000e+00	0.000000e+00	
-1.730000e+00	-1.720000e+00	0.000000e+00	0.000000e+00	0.000000e+00	0.000000e+00	0.000000e+00	0.000000e+00	
-1.720000e+00	-1.710000e+00	0.000000e+00	0.000000e+00	1.273234e-02	0.000000e+00	0.000000e+00	0.000000e+00	
-1.710000e+00	-1.700000e+00	0.000000e+00	0.000000e+00	0.000000e+00	0.000000e+00	0.000000e+00	0.000000e+00	
-1.700000e+00	-1.690000e+00	0.000000e+00	3.016602e-02	0.000000e+00	0.000000e+00	0.000000e+00	0.000000e+00	
-1.690000e+00	-1.680000e+00	2.168830e-02	0.000000e+00	0.000000e+00	0.000000e+00	0.000000e+00	0.000000e+00	
-1.680000e+00	-1.670000e+00	0.000000e+00	0.000000e+00	0.000000e+00	0.000000e+00	0.000000e+00	0.000000e+00	
-1.670000e+00	-1.660000e+00	0.000000e+00	0.000000e+00	0.000000e+00	0.000000e+00	0.000000e+00	0.000000e+00	
-1.660000e+00	-1.650000e+00	0.000000e+00	0.000000e+00	0.000000e+00	0.000000e+00	0.000000e+00	0.000000e+00	
-1.650000e+00	-1.640000e+00	0.000000e+00	3.288993e-02	0.000000e+00	0.000000e+00	0.000000e+00	0.000000e+00	
-1.640000e+00	-1.630000e+00	0.000000e+00	0.000000e+00	0.000000e+00	0.000000e+00	0.000000e+00	0.000000e+00	
-1.630000e+00	-1.620000e+00	0.000000e+00	0.000000e+00	0.000000e+00	0.000000e+00	0.000000e+00	0.000000e+00	
-1.620000e+00	-1.610000e+00	2.456609e-02	0.000000e+00	0.000000e+00	0.000000e+00	0.000000e+00	0.000000e+00	
-1.610000e+00	-1.600000e+00	0.000000e+00	3.556430e-02	0.000000e+00	0.000000e+00	0.000000e+00	0.000000e+00	
-1.600000e+00	-1.590000e+00	0.000000e+00	0.000000e+00	0.000000e+00	0.000000e+00	0.000000e+00	0.000000e+00	
-1.590000e+00	-1.580000e+00	0.000000e+00	0.000000e+00	1.577239e-02	0.000000e+00	0.000000e+00	0.000000e+00	
-1.580000e+00	-1.570000e+00	0.000000e+00	0.000000e+00	0.000000e+00	0.000000e+00	0.000000e+00	0.000000e+00	
-1.570000e+00	-1.560000e+00	0.000000e+00	3.818997e-02	0.000000e+00	0.000000e+00	0.000000e+00	0.000000e+00	
-1.560000e+00	-1.550000e+00	2.739170e-02	0.000000e+00	0.000000e+00	0.000000e+00	0.000000e+00	0.000000e+00	
-1.550000e+00	-1.540000e+00	0.000000e+00	0.000000e+00	0.000000e+00	0.000000e+00	0.000000e+00	0.000000e+00	
-1.540000e+00	-1.530000e+00	0.000000e+00	4.076777e-02	0.000000e+00	0.000000e+00	0.000000e+00	0.000000e+00	
-1.530000e+00	-1.520000e+00	0.000000e+00	0.000000e+00	0.000000e+00	0.000000e+00	0.000000e+00	0.000000e+00	
-1.520000e+00	-1.510000e+00	0.000000e+00	0.000000e+00	0.000000e+00	0.000000e+00	0.000000e+00	0.000000e+00	
-1.510000e+00	-1.500000e+00	3.016602e-02	4.329851e-02	0.000000e+00	0.000000e+00	0.000000e+00	0.000000e+00	
-1.500000e+00	-1.490000e+00	0.000000e+00	0.000000e+00	1.875738e-02	0.000000e+00	0.000000e+00	0.000000e+00	
-1.490000e+00	-1.480000e+00	0.000000e+00	0.000000e+00	0.000000e+00	0.000000e+00	0.000000e+00	0.000000e+00	
-1.480000e+00	-1.470000e+00	0.000000e+00	4.578297e-02	0.000000e+00	0.000000e+00	0.000000e+00	0.000000e+00	
-1.470000e+00	-1.460000e+00	3.288993e-02	0.000000e+00	0.000000e+00	0.000000e+00	0.000000e+00	0.000000e+00	
-1.460000e+00	-1.450000e+00	0.000000e+00	0.000000e+00	0.000000e+00	0.000000e+00	0.000000e+00	0.000000e+00	
-1.450000e+00	-1.440000e+00	0.000000e+00	4.822193e-02	0.000000e+00	0.000000e+00	0.000000e+00	0.000000e+00	
-1.440000e+00	-1.430000e+00	0.000000e+00	0.000000e+00	0.000000e+00	0.000000e+00	0.000000e+00	0.000000e+00	
-1.430000e+00	-1.420000e+00	3.556430e-02	5.061616e-02	0.000000e+00	0.000000e+00	0.000000e+00	0.000000e+00	
-1.420000e+00	-1.410000e+00	0.000000e+00	0.000000e+00	2.168830e-02	0.000000e+00	0.000000e+00	0.000000e+00	
-1.410000e+00	-1.400000e+00	0.000000e+00	0.000000e+00	0.000000e+00	0.000000e+00	0.000000e+00	0.000000e+00	
-1.400000e+00	-1.390000e+00	0.000000e+00	5.296641e-02	0.000000e+00	0.000000e+00	0.000000e+00	0.000000e+00	
-1.390000e+00	-1.380000e+00	3.818997e-02	0.000000e+00	0.000000e+00	0.000000e+00	0.000000e+00	0.000000e+00	
-1.380000e+00	-1.370000e+00	0.000000e+00	5.527340e-02	0.000000e+00	0.000000e+00	0.000000e+00	0.000000e+00	
-1.370000e+00	-1.360000e+00	0.000000e+00	0.000000e+00	0.000000e+00	0.000000e+00	0.000000e+00	0.000000e+00	
-1.360000e+00	-1.350000e+00	4.076777e-02	5.753785e-02	0.000000e+00	0.000000e+00	0.000000e+00	0.000000e+00	
-1.350000e+00	-1.340000e+00	0.000000e+00	0.000000e+00	2.456609e-02	0.000000e+00	0.000000e+00	0.000000e+00	
-1.340000e+00	-1.330000e+00	0.000000e+00	5.976048e-02	0.000000e+00	0.000000e+00	0.000000e+00	0.000000e+00	
-1.330000e+00	-1.320000e+00	4.329851e-02	0.000000e+00	0.000000e+00	0.000000e+00	0.000000e+00	0.000000e+00	
-1.320000e+00	-1.310000e+00	0.000000e+00	6.194198e-02	0.000000e+00	0.000000e+00	0.000000e+00	0.000000e+00	
-1.310000e+00	-1.300000e+00	0.000000e+00	0.000000e+00	0.000000e+00	0.000000e+00	0.000000e+00	0.000000e+00	
-1.300000e+00	-1.290000e+00	4.578297e-02	6.408302e-02	2.739170e-02	0.000000e+00	0.000000e+00	0.000000e+00	
-1.290000e+00	-1.280000e+00	0.000000e+00	0.000000e+00	0.000000e+00	0.000000e+00	0.000000e+00	0.000000e+00	
-1.280000e+00	-1.270000e+00	0.000000e+00	6.618429e-02	0.000000e+00	0.000000e+00	0.000000e+00	0.000000e+00	
-1.270000e+00	-1.260000e+00	4.822193e-02	0.000000e+00	0.000000e+00	0.000000e+00	0.000000e+00	0.000000e+00	
-1.260000e+00	-1.250000e+00	0.000000e+00	6.824642e-02	0.000000e+00	0.000000e+00	0.000000e+00	0.000000e+00	
-1.250000e+00	-1.240000e+00	5.061616e-02	0.000000e+00	3.016602e-02	0.000000e+00	0.000000e+00	0.000000e+00	
-1.240000e+00	-1.230000e+00	0.000000e+00	7.027008e-02	0.000000e+00	0.000000e+00	0.000000e+00	0.000000e+00	
-1.230000e+00	-1.220000e+00	0.000000e+00	7.225589e-02	0.000000e+00	0.000000e+00	0.000000e+00	0.000000e+00	
-1.220000e+00	-1.210000e+00	5.296641e-02	0.000000e+00	0.000000e+00	0.000000e+00	0.000000e+00	0.000000e+00	
-1.210000e+00	-1.200000e+00	0.000000e+00	7.420449e-02	0.000000e+00	0.000000e+00	0.000000e+00	0.000000e+00	
-1.200000e+00	-1.190000e+00	5.527340e-02	7.611647e-02	3.288993e-02	0.000000e+00	0.000000e+00	0.000000e+00	
-1.190000e+00	-1.180000e+00	0.000000e+00	0.000000e+00	0.000000e+00	0.000000e+00	0.000000e+00	0.000000e+00	
-1.180000e+00	-1.170000e+00	5.753785e-02	7.799245e-02	0.000000e+00	0.000000e+00	0.000000e+00	0.000000e+00	
-1.170000e+00	-1.160000e+00	0.000000e+00	0.000000e+00	0.000000e+00	0.000000e+00	0.000000e+00	0.000000e+00	
-1.160000e+00	-1.150000e+00	5.976048e-02	7.983301e-02	3.556430e-02	0.000000e+00	0.000000e+00	0.000000e+00	
-1.150000e+00	-1.140000e+00	0.000000e+00	8.163874e-02	0.000000e+00	0.000000e+00	0.000000e+00	0.000000e+00	
-1.140000e+00	-1.130000e+00	6.194198e-02	8.341021e-02	0.000000e+00	0.000000e+00	0.000000e+00	0.000000e+00	
-1.130000e+00	-1.120000e+00	0.000000e+00	0.000000e+00	0.000000e+00	0.000000e+00	0.000000e+00	0.000000e+00	
-1.120000e+00	-1.110000e+00	6.408302e-02	8.514798e-02	3.818997e-02	0.000000e+00	0.000000e+00	0.000000e+00	
-1.110000e+00	-1.100000e+00	0.000000e+00	8.685260e-02	0.000000e+00	0.000000e+00	0.000000e+00	0.000000e+00	
-1.100000e+00	-1.090000e+00	6.618429e-02	8.852462e-02	0.000000e+00	0.000000e+00	0.000000e+00	0.000000e+00	
-1.090000e+00	-1.080000e+00	6.824642e-02	0.000000e+00	4.076777e-02	0.000000e+00	0.000000e+00	0.000000e+00	
-1.080000e+00	-1.070000e+00	0.000000e+00	9.016458e-02	0.000000e+00	0.000000e+00	0.000000e+00	0.000000e+00	
-1.070000e+00	-1.060000e+00	7.027008e-02	9.177298e-02	0.000000e+00	0.000000e+00	0.000000e+00	0.000000e+00	
-1.060000e+00	-1.050000e+00	7.225589e-02	9.335036e-02	4.329851e-02	0.000000e+00	0.000000e+00	0.000000e+00	
-1.050000e+00	-1.040000e+00	0.000000e+00	9.489722e-02	0.000000e+00	0.000000e+00	0.000000e+00	0.000000e+00	
-1.040000e+00	-1.030000e+00	7.420449e-02	9.641405e-02	0.000000e+00	0.000000e+00	0.000000e+00	0.000000e+00	
-1.030000e+00	-1.020000e+00	7.611647e-02	0.000000e+00	4.578297e-02	0.000000e+00	0.000000e+00	0.000000e+00	
-1.020000e+00	-1.010000e+00	0.000000e+00	9.790136e-02	0.000000e+00	0.000000e+00	0.000000e+00	0.000000e+00	
-1.010000e+00	-1.000000e+00	7.799245e-02	9.935962e-02	0.000000e+00	0.000000e+00	0.000000e+00	0.000000e+00	
-1.000000e+00	-9.900000e-01	7.983301e-02	1.007893e-01	4.822193e-02	0.000000e+00	0.000000e+00	0.000000e+00	
-9.900000e-01	-9.800000e-01	8.163874e-02	1.021909e-01	0.000000e+00	0.000000e+00	0.000000e+00	0.000000e+00	
-9.800000e-01	-9.700000e-01	0.000000e+00	1.035648e-01	5.061616e-02	0.000000e+00	0.000000e+00	0.000000e+00	
-9.700000e-01	-9.600000e-01	8.341021e-02	1.049115e-01	0.000000e+00	0.000000e+00	0.000000e+00	0.000000e+00	
-9.600000e-01	-9.500000e-01	8.514798e-02	1.062315e-01	0.000000e+00	0.000000e+00	0.000000e+00	0.000000e+00	
-9.500000e-01	-9.400000e-01	8.685260e-02	1.075252e-01	5.296641e-02	0.000000e+00	0.000000e+00	0.000000e+00	
-9.400000e-01	-9.300000e-01	8.852462e-02	1.087930e-01	0.000000e+00	0.000000e+00	0.000000e+00	0.000000e+00	
-9.300000e-01	-9.200000e-01	9.016458e-02	1.100353e-01	5.527340e-02	0.000000e+00	0.000000e+00	0.000000e+00	
-9.200000e-01	-9.100000e-01	9.177298e-02	1.112525e-01	0.000000e+00	0.000000e+00	0.000000e+00	0.000000e+00	
-9.100000e-01	-9.000000e-01	9.335036e-02	2.260587e-01	5.753785e-02	0.000000e+00	0.000000e+00	0.000000e+00	
-9.000000e-01	-8.900000e-01	9.489722e-02	1.147581e-01	0.000000e+00	0.000000e+00	0.000000e+00	0.000000e+00	
-8.900000e-01	-8.800000e-01	9.641405e-02	1.158792e-01	5.976048e-02	0.000000e+00	0.000000e+00	0.000000e+00	
-8.800000e-01	-8.700000e-01	9.790136e-02	1.169772e-01	0.000000e+00	0.000000e+00	0.000000e+00	0.000000e+00	
-8.700000e-01	-8.600000e-01	9.935962e-02	1.180525e-01	6.194198e-02	0.000000e+00	0.000000e+00	0.000000e+00	
-8.600000e-01	-8.500000e-01	1.007893e-01	2.392421e-01	0.000000e+00	0.000000e+00	0.000000e+00	0.000000e+00	
-8.500000e-01	-8.400000e-01	2.057557e-01	1.211460e-01	6.408302e-02	0.000000e+00	0.000000e+00	0.000000e+00	
-8.400000e-01	-8.300000e-01	1.049115e-01	1.221342e-01	6.618429e-02	0.000000e+00	0.000000e+00	0.000000e+00	
-8.300000e-01	-8.200000e-01	1.062315e-01	2.471496e-01	0.000000e+00	0.000000e+00	0.000000e+00	0.000000e+00	
-8.200000e-01	-8.100000e-01	1.075252e-01	1.249747e-01	6.824642e-02	0.000000e+00	0.000000e+00	0.000000e+00	
-8.100000e-01	-8.000000e-01	2.188282e-01	1.258813e-01	0.000000e+00	0.000000e+00	0.000000e+00	0.000000e+00	
-8.000000e-01	-7.900000e-01	1.112525e-01	2.544043e-01	7.027008e-02	0.000000e+00	0.000000e+00	0.000000e+00	
-7.900000e-01	-7.800000e-01	1.124452e-01	1.284849e-01	7.225589e-02	0.000000e+00	0.000000e+00	0.000000e+00	
-7.800000e-01	-7.700000e-01	2.283716e-01	2.594420e-01	0.000000e+00	0.000000e+00	0.000000e+00	0.000000e+00	
-7.700000e-01	-7.600000e-01	1.158792e-01	1.309208e-01	7.420449e-02	0.000000e+00	0.000000e+00	0.000000e+00	
-7.600000e-01	-7.500000e-01	2.350297e-01	2.641524e-01	7.611647e-02	0.000000e+00	0.000000e+00	0.000000e+00	
-7.500000e-01	-7.400000e-01	2.392421e-01	2.671188e-01	7.799245e-02	0.000000e+00	0.000000e+00	0.000000e+00	
-7.400000e-01	-7.300000e-01	1.211460e-01	1.346297e-01	0.000000e+00	0.000000e+00	0.000000e+00	0.000000e+00	
-7.300000e-01	-7.200000e-01	2.452356e-01	2.713185e-01	7.983301e-02	0.000000e+00	0.000000e+00	0.000000e+00	
-7.200000e-01	-7.100000e-01	2.490228e-01	2.739581e-01	8.163874e-02	0.000000e+00	0.000000e+00	0.000000e+00	
-7.100000e-01	-7.000000e-01	2.526495e-01	1.379302e-01	8.341021e-02	0.000000e+00	0.000000e+00	0.000000e+00	
-7.000000e-01	-6.900000e-01	1.276360e-01	2.776875e-01	8.514798e-02	0.000000e+00	0.000000e+00	0.000000e+00	
-6.900000e-01	-6.800000e-01	2.577999e-01	2.800263e-01	0.000000e+00	0.000000e+00	0.000000e+00	0.000000e+00	
-6.800000e-01	-6.700000e-01	2.610477e-01	2.822515e-01	8.685260e-02	0.000000e+00	0.000000e+00	0.000000e+00	
-6.700000e-01	-6.600000e-01	3.973495e-01	2.843669e-01	8.852462e-02	0.000000e+00	0.000000e+00	0.000000e+00	
-6.600000e-01	-6.500000e-01	2.685514e-01	2.863759e-01	9.016458e-02	0.000000e+00	0.000000e+00	0.000000e+00	
-6.500000e-01	-6.400000e-01	2.713185e-01	2.882822e-01	9.177298e-02	0.000000e+00	0.000000e+00	0.000000e+00	
-6.400000e-01	-6.300000e-01	2.739581e-01	2.900890e-01	9.335036e-02	0.000000e+00	0.000000e+00	0.000000e+00	
-6.300000e-01	-6.200000e-01	4.156177e-01	2.917995e-01	9.489722e-02	0.000000e+00	0.000000e+00	0.000000e+00	
-6.200000e-01	-6.100000e-01	2.800263e-01	4.407038e-01	9.641405e-02	0.000000e+00	0.000000e+00	0.000000e+00	
-6.100000e-01	-6.000000e-01	4.241772e-01	2.956753e-01	9.790136e-02	0.000000e+00	0.000000e+00	0.000000e+00	
-6.000000e-01	-5.900000e-01	4.288170e-01	2.970732e-01	9.935962e-02	0.000000e+00	0.000000e+00	0.000000e+00	
-5.900000e-01	-5.800000e-01	4.331069e-01	4.480504e-01	2.029802e-01	0.000000e+00	0.000000e+00	0.000000e+00	
-5.800000e-01	-5.700000e-01	4.370638e-01	3.002114e-01	1.035648e-01	0.000000e+00	0.000000e+00	0.000000e+00	
-5.700000e-01	-5.600000e-01	4.407038e-01	4.523934e-01	1.049115e-01	0.000000e+00	0.000000e+00	0.000000e+00	
-5.600000e-01	-5.500000e-01	4.440424e-01	4.546665e-01	1.062315e-01	0.000000e+00	0.000000e+00	0.000000e+00	
-5.500000e-01	-5.400000e-01	5.967565e-01	4.567050e-01	2.163181e-01	0.000000e+00	0.000000e+00	0.000000e+00	
-5.400000e-01	-5.300000e-01	4.507417e-01	3.054920e-01	1.100353e-01	0.000000e+00	0.000000e+00	0.000000e+00	
-5.300000e-01	-5.200000e-01	6.047363e-01	4.596124e-01	1.112525e-01	0.000000e+00	0.000000e+00	0.000000e+00	
-5.200000e-01	-5.100000e-01	6.084984e-01	4.610804e-01	2.260587e-01	0.000000e+00	0.000000e+00	0.000000e+00	
-5.100000e-01	-5.000000e-01	6.117272e-01	4.623535e-01	1.147581e-01	0.000000e+00	0.000000e+00	0.000000e+00	
-5.000000e-01	-4.900000e-01	7.684432e-01	6.181330e-01	2.328564e-01	0.000000e+00	0.000000e+00	0.000000e+00	
-4.900000e-01	-4.800000e-01	6.172189e-01	4.646198e-01	1.180525e-01	0.000000e+00	0.000000e+00	0.000000e+00	
-4.800000e-01	-4.700000e-01	7.739017e-01	4.653108e-01	2.392421e-01	0.000000e+00	0.000000e+00	0.000000e+00	
-4.700000e-01	-4.600000e-01	7.758245e-01	6.212206e-01	2.432802e-01	0.000000e+00	0.000000e+00	0.000000e+00	
-4.600000e-01	-4.500000e-01	9.325310e-01	6.218241e-01	1.231015e-01	0.000000e+00	0.000000e+00	0.000000e+00	
-4.500000e-01	-4.400000e-01	9.331623e-01	6.221024e-01	2.490228e-01	0.000000e+00	0.000000e+00	0.000000e+00	
-4.400000e-01	-4.300000e-01	9.327872e-01	6.220774e-01	2.526495e-01	0.000000e+00	0.000000e+00	0.000000e+00	
-4.300000e-01	-4.200000e-01	1.086574e+00	6.217697e-01	2.561209e-01	0.000000e+00	0.000000e+00	0.000000e+00	
-4.200000e-01	-4.100000e-01	1.238031e+00	6.211985e-01	2.594420e-01	0.000000e+00	0.000000e+00	0.000000e+00	
-4.100000e-01	-4.000000e-01	1.232415e+00	6.203818e-01	2.626177e-01	0.000000e+00	0.000000e+00	0.000000e+00	
-4.000000e-01	-3.900000e-01	1.225353e+00	7.739822e-01	2.656526e-01	0.000000e+00	0.000000e+00	0.000000e+00	
-3.900000e-01	-3.800000e-01	1.519879e+00	7.719385e-01	2.685514e-01	0.000000e+00	0.000000e+00	0.000000e+00	
-3.800000e-01	-3.700000e-01	1.654452e+00	7.695188e-01	4.079754e-01	0.000000e+00	0.000000e+00	0.000000e+00	
-3.700000e-01	-3.600000e-01	1.781541e+00	7.667562e-01	2.752314e-01	0.000000e+00	0.000000e+00	0.000000e+00	
-3.600000e-01	-3.500000e-01	2.044802e+00	9.160231e-01	4.174155e-01	0.000000e+00	0.000000e+00	0.000000e+00	
-3.500000e-01	-3.400000e-01	2.289271e+00	7.596186e-01	2.811529e-01	0.000000e+00	0.000000e+00	0.000000e+00	
-3.400000e-01	-3.300000e-01	2.648861e+00	9.066825e-01	4.257638e-01	0.000000e+00	0.000000e+00	0.000000e+00	
-3.300000e-01	-3.200000e-01	3.101608e+00	1.050604e+00	4.302850e-01	0.000000e+00	0.000000e+00	0.000000e+00	
-3.200000e-01	-3.100000e-01	3.995362e+00	8.939579e-01	4.344620e-01	0.000000e+00	0.000000e+00	0.000000e+00	
-3.100000e-01	-3.000000e-01	4.959719e+00	1.034874e+00	4.383115e-01	0.000000e+00	0.000000e+00	0.000000e+00	
-3.000000e-01	-2.900000e-01	7.342604e+00	1.171557e+00	4.418494e-01	0.000000e+00	0.000000e+00	0.000000e+00	
-2.900000e-01	-2.800000e-01	1.255980e+01	1.014953e+00	4.450909e-01	0.000000e+00	0.000000e+00	0.000000e+00	
-2.800000e-01	-2.700000e-01	1.786935e+01	1.290511e+00	5.980115e-01	0.000000e+00	0.000000e+00	0.000000e+00	
-2.700000e-01	-2.600000e-01	1.093541e+01	1.133109e+00	4.515815e-01	0.000000e+00	0.000000e+00	0.000000e+00	
-2.600000e-01	-2.500000e-01	3.464481e+00	1.397385e+00	6.057288e-01	0.000000e+00	0.000000e+00	0.000000e+00	
-2.500000e-01	-2.400000e-01	0.000000e+00	1.239262e+00	6.093542e-01	0.000000e+00	0.000000e+00	0.000000e+00	
-2.400000e-01	-2.300000e-01	0.000000e+00	1.490658e+00	7.659954e-01	0.000000e+00	0.000000e+00	0.000000e+00	
-2.300000e-01	-2.200000e-01	0.000000e+00	1.464008e+00	6.156460e-01	0.000000e+00	0.000000e+00	0.000000e+00	
-2.200000e-01	-2.100000e-01	0.000000e+00	1.566539e+00	7.723806e-01	0.000000e+00	0.000000e+00	0.000000e+00	
-2.100000e-01	-2.000000e-01	0.000000e+00	1.661059e+00	7.747601e-01	0.000000e+00	0.000000e+00	0.000000e+00	
-2.000000e-01	-1.900000e-01	0.000000e+00	1.747070e+00	7.763912e-01	0.000000e+00	0.000000e+00	0.000000e+00	
-1.900000e-01	-1.800000e-01	0.000000e+00	1.824169e+00	9.328599e-01	6.715518e-01	0.000000e+00	0.000000e+00	
-1.800000e-01	-1.700000e-01	0.000000e+00	1.892052e+00	9.331439e-01	5.369291e-01	0.000000e+00	0.000000e+00	
-1.700000e-01	-1.600000e-01	0.000000e+00	1.950520e+00	1.087736e+00	3.989778e-01	0.000000e+00	0.000000e+00	
-1.600000e-01	-1.500000e-01	0.000000e+00	2.108606e+00	1.085427e+00	4.424483e-01	0.000000e+00	0.000000e+00	
-1.500000e-01	-1.400000e-01	0.000000e+00	2.245131e+00	1.081902e+00	4.819068e-01	0.000000e+00	0.000000e+00	
-1.400000e-01	-1.300000e-01	0.000000e+00	2.258744e+00	1.384130e+00	6.251928e-01	0.000000e+00	0.000000e+00	
-1.300000e-01	-1.200000e-01	0.000000e+00	2.359016e+00	1.374579e+00	5.561213e-01	0.000000e+00	0.000000e+00	
-1.200000e-01	-1.100000e-01	0.000000e+00	2.436769e+00	1.514096e+00	7.048860e-01	0.000000e+00	1.697153e-01	
-1.100000e-01	-1.000000e-01	0.000000e+00	2.492145e+00	1.647270e+00	7.412615e-01	0.000000e+00	7.674101e-01	
-1.000000e-01	-9.000000e-02	0.000000e+00	2.443784e+00	1.919464e+00	7.732267e-01	0.000000e+00	8.525961e-01	
-9.000000e-02	-8.000000e-02	0.000000e+00	2.542997e+00	2.174805e+00	8.011961e-01	0.000000e+00	9.488047e-01	
-8.000000e-02	-7.000000e-02	0.000000e+00	2.463297e+00	2.409539e+00	9.652693e-01	0.000000e+00	1.057573e+00	
-7.000000e-02	-6.000000e-02	0.000000e+00	2.446782e+00	2.891513e+00	1.137164e+00	0.000000e+00	1.128290e+00	
-6.000000e-02	-5.000000e-02	0.000000e+00	2.350032e+00	3.445956e+00	1.019645e+00	0.000000e+00	1.258084e+00	
-5.000000e-02	-4.000000e-02	0.000000e+00	2.250971e+00	4.280514e+00	1.338003e+00	0.000000e+00	1.405076e+00	
-4.000000e-02	-3.000000e-02	0.000000e+00	2.204845e+00	5.838757e+00	1.361523e+00	0.000000e+00	1.537593e+00	
-3.000000e-02	-2.000000e-02	0.000000e+00	2.044955e+00	9.137526e+00	1.378587e+00	0.000000e+00	1.720436e+00	
-2.000000e-02	-1.000000e-02	0.000000e+00	1.943513e+00	1.616115e+01	1.545056e+00	0.000000e+00	1.845845e+00	
-1.000000e-02	0.000000e+00	0.000000e+00	1.799261e+00	1.584663e+01	1.552810e+00	0.000000e+00	1.975741e+00	
0.000000e+00	1.000000e-02	0.000000e+00	1.705848e+00	7.609875e+00	1.865984e+00	0.000000e+00	2.109895e+00	
1.000000e-02	2.000000e-02	0.000000e+00	1.613309e+00	6.804189e-01	1.861531e+00	0.000000e+00	2.301213e+00	
2.000000e-02	3.000000e-02	0.000000e+00	1.488028e+00	0.000000e+00	1.850767e+00	0.000000e+00	2.393770e+00	
3.000000e-02	4.000000e-02	0.000000e+00	1.372650e+00	0.000000e+00	2.138907e+00	0.000000e+00	2.600992e+00	
4.000000e-02	5.000000e-02	0.000000e+00	1.208400e+00	0.000000e+00	2.111046e+00	0.000000e+00	2.689447e+00	
5.000000e-02	6.000000e-02	0.000000e+00	1.146226e+00	0.000000e+00	2.372371e+00	0.000000e+00	2.837158e+00	
6.000000e-02	7.000000e-02	0.000000e+00	1.034975e+00	0.000000e+00	2.324406e+00	0.000000e+00	2.905765e+00	
7.000000e-02	8.000000e-02	0.000000e+00	9.589421e-01	0.000000e+00	2.553051e+00	0.000000e+00	2.956041e+00	
8.000000e-02	9.000000e-02	0.000000e+00	8.672155e-01	0.000000e+00	2.484228e+00	0.000000e+00	2.985900e+00	
9.000000e-02	1.000000e-01	0.000000e+00	8.052600e-01	0.000000e+00	2.677170e+00	0.000000e+00	3.089948e+00	
1.000000e-01	1.100000e-01	0.000000e+00	7.293611e-01	0.000000e+00	2.842628e+00	0.000000e+00	2.982591e+00	
1.100000e-01	1.200000e-01	0.000000e+00	6.615513e-01	0.000000e+00	2.735652e+00	0.000000e+00	3.048482e+00	
1.200000e-01	1.300000e-01	0.000000e+00	2.385109e-01	0.000000e+00	2.980563e+00	0.000000e+00	2.877424e+00	
1.300000e-01	1.400000e-01	0.000000e+00	0.000000e+00	0.000000e+00	2.958524e+00	0.000000e+00	3.018972e+00	
1.400000e-01	1.500000e-01	0.000000e+00	0.000000e+00	0.000000e+00	2.924693e+00	0.000000e+00	2.792004e+00	
1.500000e-01	1.600000e-01	0.000000e+00	0.000000e+00	0.000000e+00	3.080166e+00	0.000000e+00	2.779313e+00	
1.600000e-01	1.700000e-01	0.000000e+00	0.000000e+00	0.000000e+00	3.003964e+00	0.000000e+00	2.752981e+00	
1.700000e-01	1.800000e-01	0.000000e+00	0.000000e+00	0.000000e+00	3.008357e+00	0.000000e+00	2.574649e+00	
1.800000e-01	1.900000e-01	0.000000e+00	0.000000e+00	0.000000e+00	3.071887e+00	0.000000e+00	2.511299e+00	
1.900000e-01	2.000000e-01	0.000000e+00	0.000000e+00	0.000000e+00	2.943229e+00	0.000000e+00	2.433989e+00	
2.000000e-01	2.100000e-01	0.000000e+00	0.000000e+00	0.000000e+00	2.883332e+00	0.000000e+00	2.342905e+00	
2.100000e-01	2.200000e-01	0.000000e+00	0.000000e+00	0.000000e+00	2.740294e+00	0.000000e+00	2.238522e+00	
2.200000e-01	2.300000e-01	0.000000e+00	0.000000e+00	0.000000e+00	2.658405e+00	0.000000e+00	2.121622e+00	
2.300000e-01	2.400000e-01	0.000000e+00	0.000000e+00	0.000000e+00	2.507299e+00	0.000000e+00	1.993306e+00	
2.400000e-01	2.500000e-01	0.000000e+00	0.000000e+00	0.000000e+00	2.358984e+00	0.000000e+00	2.010038e+00	
2.500000e-01	2.600000e-01	0.000000e+00	0.000000e+00	0.000000e+00	2.214112e+00	0.000000e+00	1.708721e+00	
2.600000e-01	2.700000e-01	0.000000e+00	0.000000e+00	0.000000e+00	2.073241e+00	1.000000e+02	1.710447e+00	
2.700000e-01	2.800000e-01	0.000000e+00	0.000000e+00	0.000000e+00	1.897434e+00	0.000000e+00	1.551101e+00	
2.800000e-01	2.900000e-01	0.000000e+00	0.000000e+00	0.000000e+00	1.808719e+00	0.000000e+00	1.541516e+00	
2.900000e-01	3.000000e-01	0.000000e+00	0.000000e+00	0.000000e+00	1.649167e+00	0.000000e+00	1.373558e+00	
3.000000e-01	3.100000e-01	0.000000e+00	0.000000e+00	0.000000e+00	1.474040e+00	0.000000e+00	1.354449e+00	
3.100000e-01	3.200000e-01	0.000000e+00	0.000000e+00	0.000000e+00	1.319703e+00	0.000000e+00	1.182448e+00	
3.200000e-01	3.300000e-01	0.000000e+00	0.000000e+00	0.000000e+00	1.208601e+00	0.000000e+00	1.156509e+00	
3.300000e-01	3.400000e-01	0.000000e+00	0.000000e+00	0.000000e+00	1.107047e+00	0.000000e+00	9.857558e-01	
3.400000e-01	3.500000e-01	0.000000e+00	0.000000e+00	0.000000e+00	9.930934e-01	0.000000e+00	9.563494e-01	
3.500000e-01	3.600000e-01	0.000000e+00	0.000000e+00	0.000000e+00	9.117163e-01	0.000000e+00	7.922930e-01	
3.600000e-01	3.700000e-01	0.000000e+00	0.000000e+00	0.000000e+00	8.015000e-01	0.000000e+00	7.630352e-01	
3.700000e-01	3.800000e-01	0.000000e+00	0.000000e+00	0.000000e+00	5.724320e-01	0.000000e+00	7.296480e-01	
3.800000e-01	3.900000e-01	0.000000e+00	0.000000e+00	0.000000e+00	0.000000e+00	0.000000e+00	5.792616e-01	
3.900000e-01	4.000000e-01	0.000000e+00	0.000000e+00	0.000000e+00	0.000000e+00	0.000000e+00	6.562612e-01	
4.000000e-01	4.100000e-01	0.000000e+00	0.000000e+00	0.000000e+00	0.000000e+00	0.000000e+00	5.107994e-01	
4.100000e-01	4.200000e-01	0.000000e+00	0.000000e+00	0.000000e+00	0.000000e+00	0.000000e+00	4.743205e-01	
4.200000e-01	4.300000e-01	0.000000e+00	0.000000e+00	0.000000e+00	0.000000e+00	0.000000e+00	4.340858e-01	
4.300000e-01	4.400000e-01	0.000000e+00	0.000000e+00	0.000000e+00	0.000000e+00	0.000000e+00	4.620259e-01	
4.400000e-01	4.500000e-01	0.000000e+00	0.000000e+00	0.000000e+00	0.000000e+00	0.000000e+00	6.068602e-01	
4.500000e-01	4.600000e-01	0.000000e+00	0.000000e+00	0.000000e+00	0.000000e+00	0.000000e+00	4.551651e-01	
4.600000e-01	4.700000e-01	0.000000e+00	0.000000e+00	0.000000e+00	0.000000e+00	0.000000e+00	0.000000e+00	
4.700000e-01	4.800000e-01	0.000000e+00	0.000000e+00	0.000000e+00	0.000000e+00	0.000000e+00	0.000000e+00	
4.800000e-01	4.900000e-01	0.000000e+00	0.000000e+00	0.000000e+00	0.000000e+00	0.000000e+00	0.000000e+00	
4.900000e-01	5.000000e-01	0.000000e+00	0.000000e+00	0.000000e+00	0.000000e+00	0.000000e+00	0.000000e+00	
5.000000e-01	5.100000e-01	0.000000e+00	0.000000e+00	0.000000e+00	0.000000e+00	0.000000e+00	0.000000e+00	
5.100000e-01	5.200000e-01	0.000000e+00	0.000000e+00	0.000000e+00	0.000000e+00	0.000000e+00	0.000000e+00	
5.200000e-01	5.300000e-01	0.000000e+00	0.000000e+00	0.000000e+00	0.000000e+00	0.000000e+00	0.000000e+00	
5.300000e-01	5.400000e-01	0.000000e+00	0.000000e+00	0.000000e+00	0.000000e+00	0.000000e+00	0.000000e+00	
5.400000e-01	5.500000e-01	0.000000e+00	0.000000e+00	0.000000e+00	0.000000e+00	0.000000e+00	0.000000e+00	
5.500000e-01	5.600000e-01	0.000000e+00	0.000000e+00	0.000000e+00	0.000000e+00	0.000000e+00	0.000000e+00	
5.600000e-01	5.700000e-01	0.000000e+00	0.000000e+00	0.000000e+00	0.000000e+00	0.000000e+00	0.000000e+00	
5.700000e-01	5.800000e-01	0.000000e+00	0.000000e+00	0.000000e+00	0.000000e+00	0.000000e+00	0.000000e+00	
5.800000e-01	5.900000e-01	0.000000e+00	0.000000e+00	0.000000e+00	0.000000e+00	0.000000e+00	0.000000e+00	
5.900000e-01	6.000000e-01	0.000000e+00	0.000000e+00	0.000000e+00	0.000000e+00	0.000000e+00	0.000000e+00	
6.000000e-01	6.100000e-01	0.000000e+00	0.000000e+00	0.000000e+00	0.000000e+00	0.000000e+00	0.000000e+00	
6.100000e-01	6.200000e-01	0.000000e+00	0.000000e+00	0.000000e+00	0.000000e+00	0.000000e+00	0.000000e+00	
6.200000e-01	6.300000e-01	0.000000e+00	0.000000e+00	0.000000e+00	0.000000e+00	0.000000e+00	0.000000e+00	
6.300000e-01	6.400000e-01	0.000000e+00	0.000000e+00	0.000000e+00	0.000000e+00	0.000000e+00	0.000000e+00	
6.400000e-01	6.500000e-01	0.000000e+00	0.000000e+00	0.000000e+00	0.000000e+00	0.000000e+00	0.000000e+00	
6.500000e-01	6.600000e-01	0.000000e+00	0.000000e+00	0.000000e+00	0.000000e+00	0.000000e+00	0.000000e+00	
6.600000e-01	6.700000e-01	0.000000e+00	0.000000e+00	0.000000e+00	0.000000e+00	0.000000e+00	0.000000e+00	
6.700000e-01	6.800000e-01	0.000000e+00	0.000000e+00	0.000000e+00	0.000000e+00	0.000000e+00	0.000000e+00	
6.800000e-01	6.900000e-01	0.000000e+00	0.000000e+00	0.000000e+00	0.000000e+00	0.000000e+00	0.000000e+00	
6.900000e-01	7.000000e-01	0.000000e+00	0.000000e+00	0.000000e+00	0.000000e+00	0.000000e+00	0.000000e+00	
7.000000e-01	7.100000e-01	0.000000e+00	0.000000e+00	0.000000e+00	0.000000e+00	0.000000e+00	0.000000e+00	
7.100000e-01	7.200000e-01	0.000000e+00	0.000000e+00	0.000000e+00	0.000000e+00	0.000000e+00	0.000000e+00	
7.200000e-01	7.300000e-01	0.000000e+00	0.000000e+00	0.000000e+00	0.000000e+00	0.000000e+00	0.000000e+00	
7.300000e-01	7.400000e-01	0.000000e+00	0.000000e+00	0.000000e+00	0.000000e+00	0.000000e+00	0.000000e+00	
7.400000e-01	7.500000e-01	0.000000e+00	0.000000e+00	0.000000e+00	0.000000e+00	0.000000e+00	0.000000e+00	
7.500000e-01	7.600000e-01	0.000000e+00	0.000000e+00	0.000000e+00	0.000000e+00	0.000000e+00	0.000000e+00	
7.600000e-01	7.700000e-01	0.000000e+00	0.000000e+00	0.000000e+00	0.000000e+00	0.000000e+00	0.000000e+00	
7.700000e-01	7.800000e-01	0.000000e+00	0.000000e+00	0.000000e+00	0.000000e+00	0.000000e+00	0.000000e+00	
7.800000e-01	7.900000e-01	0.000000e+00	0.000000e+00	0.000000e+00	0.000000e+00	0.000000e+00	0.000000e+00	
7.900000e-01	8.000000e-01	0.000000e+00	0.000000e+00	0.000000e+00	0.000000e+00	0.000000e+00	0.000000e+00	
8.000000e-01	8.100000e-01	0.000000e+00	0.000000e+00	0.000000e+00	0.000000e+00	0.000000e+00	0.000000e+00	
8.100000e-01	8.200000e-01	0.000000e+00	0.000000e+00	0.000000e+00	0.000000e+00	0.000000e+00	0.000000e+00	
8.200000e-01	8.300000e-01	0.000000e+00	0.000000e+00	0.000000e+00	0.000000e+00	0.000000e+00	0.000000e+00	
8.300000e-01	8.400000e-01	0.000000e+00	0.000000e+00	0.000000e+00	0.000000e+00	0.000000e+00	0.000000e+00	
8.400000e-01	8.500000e-01	0.000000e+00	0.000000e+00	0.000000e+00	0.000000e+00	0.000000e+00	0.000000e+00	
8.500000e-01	8.600000e-01	0.000000e+00	0.000000e+00	0.000000e+00	0.000000e+00	0.000000e+00	0.000000e+00	
8.600000e-01	8.700000e-01	0.000000e+00	0.000000e+00	0.000000e+00	0.000000e+00	0.000000e+00	0.000000e+00	
8.700000e-01	8.800000e-01	0.000000e+00	0.000000e+00	0.000000e+00	0.000000e+00	0.000000e+00	0.000000e+00	
8.800000e-01	8.900000e-01	0.000000e+00	0.000000e+00	0.000000e+00	0.000000e+00	0.000000e+00	0.000000e+00	
8.900000e-01	9.000000e-01	0.000000e+00	0.000000e+00	0.000000e+00	0.000000e+00	0.000000e+00	0.000000e+00	
9.000000e-01	9.100000e-01	0.000000e+00	0.000000e+00	0.000000e+00	0.000000e+00	0.000000e+00	0.000000e+00	
9.100000e-01	9.200000e-01	0.000000e+00	0.000000e+00	0.000000e+00	0.000000e+00	0.000000e+00	0.000000e+00	
9.200000e-01	9.300000e-01	0.000000e+00	0.000000e+00	0.000000e+00	0.000000e+00	0.000000e+00	0.000000e+00	
9.300000e-01	9.400000e-01	0.000000e+00	0.000000e+00	0.000000e+00	0.000000e+00	0.000000e+00	0.000000e+00	
9.400000e-01	9.500000e-01	0.000000e+00	0.000000e+00	0.000000e+00	0.000000e+00	0.000000e+00	0.000000e+00	
9.500000e-01	9.600000e-01	0.000000e+00	0.000000e+00	0.000000e+00	0.000000e+00	0.000000e+00	0.000000e+00	
9.600000e-01	9.700000e-01	0.000000e+00	0.000000e+00	0.000000e+00	0.000000e+00	0.000000e+00	0.000000e+00	
9.700000e-01	9.800000e-01	0.000000e+00	0.000000e+00	0.000000e+00	0.000000e+00	0.000000e+00	0.000000e+00	
9.800000e-01	9.900000e-01	0.000000e+00	0.000000e+00	0.000000e+00	0.000000e+00	0.000000e+00	0.000000e+00	
9.900000e-01	1.000000e+00	0.000000e+00	0.000000e+00	0.000000e+00	0.000000e+00	0.000000e+00	0.000000e+00	
