# bin_edge_left	bin_edge_right	dN/d[mg/H]	dN/d[fe/H]	dN/d[o/H]	dN/d[fe/mg]	dN/d[o/mg]	dN/d[o/fe]	
-3.000000e+00	-2.990000e+00	0.000000e+00	0.000000e+00	0.000000e+00	0.000000e+00	0.000000e+00	0.000000e+00	
-2.990000e+00	-2.980000e+00	0.000000e+00	0.000000e+00	0.000000e+00	0.000000e+00	0.000000e+00	0.000000e+00	
-2.980000e+00	-2.970000e+00	0.000000e+00	0.000000e+00	0.000000e+00	0.000000e+00	0.000000e+00	0.000000e+00	
-2.970000e+00	-2.960000e+00	0.000000e+00	0.000000e+00	0.000000e+00	0.000000e+00	0.000000e+00	0.000000e+00	
-2.960000e+00	-2.950000e+00	0.000000e+00	0.000000e+00	0.000000e+00	0.000000e+00	0.000000e+00	0.000000e+00	
-2.950000e+00	-2.940000e+00	0.000000e+00	0.000000e+00	0.000000e+00	0.000000e+00	0.000000e+00	0.000000e+00	
-2.940000e+00	-2.930000e+00	0.000000e+00	0.000000e+00	0.000000e+00	0.000000e+00	0.000000e+00	0.000000e+00	
-2.930000e+00	-2.920000e+00	0.000000e+00	0.000000e+00	0.000000e+00	0.000000e+00	0.000000e+00	0.000000e+00	
-2.920000e+00	-2.910000e+00	0.000000e+00	0.000000e+00	0.000000e+00	0.000000e+00	0.000000e+00	0.000000e+00	
-2.910000e+00	-2.900000e+00	0.000000e+00	0.000000e+00	0.000000e+00	0.000000e+00	0.000000e+00	0.000000e+00	
-2.900000e+00	-2.890000e+00	0.000000e+00	0.000000e+00	0.000000e+00	0.000000e+00	0.000000e+00	0.000000e+00	
-2.890000e+00	-2.880000e+00	0.000000e+00	0.000000e+00	0.000000e+00	0.000000e+00	0.000000e+00	0.000000e+00	
-2.880000e+00	-2.870000e+00	0.000000e+00	0.000000e+00	0.000000e+00	0.000000e+00	0.000000e+00	0.000000e+00	
-2.870000e+00	-2.860000e+00	0.000000e+00	0.000000e+00	0.000000e+00	0.000000e+00	0.000000e+00	0.000000e+00	
-2.860000e+00	-2.850000e+00	0.000000e+00	0.000000e+00	0.000000e+00	0.000000e+00	0.000000e+00	0.000000e+00	
-2.850000e+00	-2.840000e+00	0.000000e+00	0.000000e+00	0.000000e+00	0.000000e+00	0.000000e+00	0.000000e+00	
-2.840000e+00	-2.830000e+00	0.000000e+00	0.000000e+00	0.000000e+00	0.000000e+00	0.000000e+00	0.000000e+00	
-2.830000e+00	-2.820000e+00	0.000000e+00	0.000000e+00	0.000000e+00	0.000000e+00	0.000000e+00	0.000000e+00	
-2.820000e+00	-2.810000e+00	0.000000e+00	0.000000e+00	0.000000e+00	0.000000e+00	0.000000e+00	0.000000e+00	
-2.810000e+00	-2.800000e+00	0.000000e+00	0.000000e+00	0.000000e+00	0.000000e+00	0.000000e+00	0.000000e+00	
-2.800000e+00	-2.790000e+00	0.000000e+00	0.000000e+00	0.000000e+00	0.000000e+00	0.000000e+00	0.000000e+00	
-2.790000e+00	-2.780000e+00	0.000000e+00	0.000000e+00	0.000000e+00	0.000000e+00	0.000000e+00	0.000000e+00	
-2.780000e+00	-2.770000e+00	0.000000e+00	0.000000e+00	0.000000e+00	0.000000e+00	0.000000e+00	0.000000e+00	
-2.770000e+00	-2.760000e+00	0.000000e+00	0.000000e+00	0.000000e+00	0.000000e+00	0.000000e+00	0.000000e+00	
-2.760000e+00	-2.750000e+00	0.000000e+00	0.000000e+00	0.000000e+00	0.000000e+00	0.000000e+00	0.000000e+00	
-2.750000e+00	-2.740000e+00	0.000000e+00	0.000000e+00	0.000000e+00	0.000000e+00	0.000000e+00	0.000000e+00	
-2.740000e+00	-2.730000e+00	0.000000e+00	0.000000e+00	0.000000e+00	0.000000e+00	0.000000e+00	0.000000e+00	
-2.730000e+00	-2.720000e+00	0.000000e+00	0.000000e+00	0.000000e+00	0.000000e+00	0.000000e+00	0.000000e+00	
-2.720000e+00	-2.710000e+00	0.000000e+00	0.000000e+00	0.000000e+00	0.000000e+00	0.000000e+00	0.000000e+00	
-2.710000e+00	-2.700000e+00	0.000000e+00	0.000000e+00	0.000000e+00	0.000000e+00	0.000000e+00	0.000000e+00	
-2.700000e+00	-2.690000e+00	0.000000e+00	0.000000e+00	0.000000e+00	0.000000e+00	0.000000e+00	0.000000e+00	
-2.690000e+00	-2.680000e+00	0.000000e+00	0.000000e+00	0.000000e+00	0.000000e+00	0.000000e+00	0.000000e+00	
-2.680000e+00	-2.670000e+00	0.000000e+00	0.000000e+00	0.000000e+00	0.000000e+00	0.000000e+00	0.000000e+00	
-2.670000e+00	-2.660000e+00	0.000000e+00	0.000000e+00	0.000000e+00	0.000000e+00	0.000000e+00	0.000000e+00	
-2.660000e+00	-2.650000e+00	0.000000e+00	0.000000e+00	0.000000e+00	0.000000e+00	0.000000e+00	0.000000e+00	
-2.650000e+00	-2.640000e+00	0.000000e+00	0.000000e+00	0.000000e+00	0.000000e+00	0.000000e+00	0.000000e+00	
-2.640000e+00	-2.630000e+00	0.000000e+00	7.183180e-03	0.000000e+00	0.000000e+00	0.000000e+00	0.000000e+00	
-2.630000e+00	-2.620000e+00	0.000000e+00	0.000000e+00	0.000000e+00	0.000000e+00	0.000000e+00	0.000000e+00	
-2.620000e+00	-2.610000e+00	0.000000e+00	0.000000e+00	0.000000e+00	0.000000e+00	0.000000e+00	0.000000e+00	
-2.610000e+00	-2.600000e+00	0.000000e+00	0.000000e+00	0.000000e+00	0.000000e+00	0.000000e+00	0.000000e+00	
-2.600000e+00	-2.590000e+00	0.000000e+00	0.000000e+00	0.000000e+00	0.000000e+00	0.000000e+00	0.000000e+00	
-2.590000e+00	-2.580000e+00	0.000000e+00	0.000000e+00	0.000000e+00	0.000000e+00	0.000000e+00	0.000000e+00	
-2.580000e+00	-2.570000e+00	0.000000e+00	0.000000e+00	0.000000e+00	0.000000e+00	0.000000e+00	0.000000e+00	
-2.570000e+00	-2.560000e+00	0.000000e+00	0.000000e+00	0.000000e+00	0.000000e+00	0.000000e+00	0.000000e+00	
-2.560000e+00	-2.550000e+00	0.000000e+00	0.000000e+00	0.000000e+00	0.000000e+00	0.000000e+00	0.000000e+00	
-2.550000e+00	-2.540000e+00	0.000000e+00	0.000000e+00	0.000000e+00	0.000000e+00	0.000000e+00	0.000000e+00	
-2.540000e+00	-2.530000e+00	0.000000e+00	0.000000e+00	0.000000e+00	0.000000e+00	0.000000e+00	0.000000e+00	
-2.530000e+00	-2.520000e+00	0.000000e+00	0.000000e+00	0.000000e+00	0.000000e+00	0.000000e+00	0.000000e+00	
-2.520000e+00	-2.510000e+00	0.000000e+00	0.000000e+00	0.000000e+00	0.000000e+00	0.000000e+00	0.000000e+00	
-2.510000e+00	-2.500000e+00	0.000000e+00	0.000000e+00	0.000000e+00	0.000000e+00	0.000000e+00	0.000000e+00	
-2.500000e+00	-2.490000e+00	0.000000e+00	0.000000e+00	0.000000e+00	0.000000e+00	0.000000e+00	0.000000e+00	
-2.490000e+00	-2.480000e+00	0.000000e+00	0.000000e+00	0.000000e+00	0.000000e+00	0.000000e+00	0.000000e+00	
-2.480000e+00	-2.470000e+00	0.000000e+00	0.000000e+00	0.000000e+00	0.000000e+00	0.000000e+00	0.000000e+00	
-2.470000e+00	-2.460000e+00	0.000000e+00	0.000000e+00	0.000000e+00	0.000000e+00	0.000000e+00	0.000000e+00	
-2.460000e+00	-2.450000e+00	7.183180e-03	0.000000e+00	0.000000e+00	0.000000e+00	0.000000e+00	0.000000e+00	
-2.450000e+00	-2.440000e+00	0.000000e+00	0.000000e+00	0.000000e+00	0.000000e+00	0.000000e+00	0.000000e+00	
-2.440000e+00	-2.430000e+00	0.000000e+00	0.000000e+00	0.000000e+00	0.000000e+00	0.000000e+00	0.000000e+00	
-2.430000e+00	-2.420000e+00	0.000000e+00	0.000000e+00	0.000000e+00	0.000000e+00	0.000000e+00	0.000000e+00	
-2.420000e+00	-2.410000e+00	0.000000e+00	0.000000e+00	0.000000e+00	0.000000e+00	0.000000e+00	0.000000e+00	
-2.410000e+00	-2.400000e+00	0.000000e+00	0.000000e+00	0.000000e+00	0.000000e+00	0.000000e+00	0.000000e+00	
-2.400000e+00	-2.390000e+00	0.000000e+00	0.000000e+00	0.000000e+00	0.000000e+00	0.000000e+00	0.000000e+00	
-2.390000e+00	-2.380000e+00	0.000000e+00	0.000000e+00	0.000000e+00	0.000000e+00	0.000000e+00	0.000000e+00	
-2.380000e+00	-2.370000e+00	0.000000e+00	0.000000e+00	0.000000e+00	0.000000e+00	0.000000e+00	0.000000e+00	
-2.370000e+00	-2.360000e+00	0.000000e+00	0.000000e+00	0.000000e+00	0.000000e+00	0.000000e+00	0.000000e+00	
-2.360000e+00	-2.350000e+00	0.000000e+00	0.000000e+00	0.000000e+00	0.000000e+00	0.000000e+00	0.000000e+00	
-2.350000e+00	-2.340000e+00	0.000000e+00	0.000000e+00	0.000000e+00	0.000000e+00	0.000000e+00	0.000000e+00	
-2.340000e+00	-2.330000e+00	0.000000e+00	1.067451e-02	0.000000e+00	0.000000e+00	0.000000e+00	0.000000e+00	
-2.330000e+00	-2.320000e+00	0.000000e+00	0.000000e+00	0.000000e+00	0.000000e+00	0.000000e+00	0.000000e+00	
-2.320000e+00	-2.310000e+00	0.000000e+00	0.000000e+00	0.000000e+00	0.000000e+00	0.000000e+00	0.000000e+00	
-2.310000e+00	-2.300000e+00	0.000000e+00	0.000000e+00	0.000000e+00	0.000000e+00	0.000000e+00	0.000000e+00	
-2.300000e+00	-2.290000e+00	0.000000e+00	0.000000e+00	0.000000e+00	0.000000e+00	0.000000e+00	0.000000e+00	
-2.290000e+00	-2.280000e+00	0.000000e+00	0.000000e+00	0.000000e+00	0.000000e+00	0.000000e+00	0.000000e+00	
-2.280000e+00	-2.270000e+00	0.000000e+00	0.000000e+00	0.000000e+00	0.000000e+00	0.000000e+00	0.000000e+00	
-2.270000e+00	-2.260000e+00	0.000000e+00	0.000000e+00	0.000000e+00	0.000000e+00	0.000000e+00	0.000000e+00	
-2.260000e+00	-2.250000e+00	0.000000e+00	0.000000e+00	0.000000e+00	0.000000e+00	0.000000e+00	0.000000e+00	
-2.250000e+00	-2.240000e+00	0.000000e+00	0.000000e+00	0.000000e+00	0.000000e+00	0.000000e+00	0.000000e+00	
-2.240000e+00	-2.230000e+00	0.000000e+00	0.000000e+00	0.000000e+00	0.000000e+00	0.000000e+00	0.000000e+00	
-2.230000e+00	-2.220000e+00	0.000000e+00	0.000000e+00	0.000000e+00	0.000000e+00	0.000000e+00	0.000000e+00	
-2.220000e+00	-2.210000e+00	0.000000e+00	0.000000e+00	0.000000e+00	0.000000e+00	0.000000e+00	0.000000e+00	
-2.210000e+00	-2.200000e+00	0.000000e+00	0.000000e+00	0.000000e+00	0.000000e+00	0.000000e+00	0.000000e+00	
-2.200000e+00	-2.190000e+00	0.000000e+00	0.000000e+00	0.000000e+00	0.000000e+00	0.000000e+00	0.000000e+00	
-2.190000e+00	-2.180000e+00	0.000000e+00	0.000000e+00	7.183180e-03	0.000000e+00	0.000000e+00	0.000000e+00	
-2.180000e+00	-2.170000e+00	0.000000e+00	0.000000e+00	0.000000e+00	0.000000e+00	0.000000e+00	0.000000e+00	
-2.170000e+00	-2.160000e+00	0.000000e+00	1.410084e-02	0.000000e+00	0.000000e+00	0.000000e+00	0.000000e+00	
-2.160000e+00	-2.150000e+00	1.067451e-02	0.000000e+00	0.000000e+00	0.000000e+00	0.000000e+00	0.000000e+00	
-2.150000e+00	-2.140000e+00	0.000000e+00	0.000000e+00	0.000000e+00	0.000000e+00	0.000000e+00	0.000000e+00	
-2.140000e+00	-2.130000e+00	0.000000e+00	0.000000e+00	0.000000e+00	0.000000e+00	0.000000e+00	0.000000e+00	
-2.130000e+00	-2.120000e+00	0.000000e+00	0.000000e+00	0.000000e+00	0.000000e+00	0.000000e+00	0.000000e+00	
-2.120000e+00	-2.110000e+00	0.000000e+00	0.000000e+00	0.000000e+00	0.000000e+00	0.000000e+00	0.000000e+00	
-2.110000e+00	-2.100000e+00	0.000000e+00	0.000000e+00	0.000000e+00	0.000000e+00	0.000000e+00	0.000000e+00	
-2.100000e+00	-2.090000e+00	0.000000e+00	0.000000e+00	0.000000e+00	0.000000e+00	0.000000e+00	0.000000e+00	
-2.090000e+00	-2.080000e+00	0.000000e+00	0.000000e+00	0.000000e+00	0.000000e+00	0.000000e+00	0.000000e+00	
-2.080000e+00	-2.070000e+00	0.000000e+00	0.000000e+00	0.000000e+00	0.000000e+00	0.000000e+00	0.000000e+00	
-2.070000e+00	-2.060000e+00	0.000000e+00	0.000000e+00	0.000000e+00	0.000000e+00	0.000000e+00	0.000000e+00	
-2.060000e+00	-2.050000e+00	0.000000e+00	0.000000e+00	0.000000e+00	0.000000e+00	0.000000e+00	0.000000e+00	
-2.050000e+00	-2.040000e+00	0.000000e+00	0.000000e+00	0.000000e+00	0.000000e+00	0.000000e+00	0.000000e+00	
-2.040000e+00	-2.030000e+00	0.000000e+00	1.746339e-02	0.000000e+00	0.000000e+00	0.000000e+00	0.000000e+00	
-2.030000e+00	-2.020000e+00	0.000000e+00	0.000000e+00	0.000000e+00	0.000000e+00	0.000000e+00	0.000000e+00	
-2.020000e+00	-2.010000e+00	0.000000e+00	0.000000e+00	0.000000e+00	0.000000e+00	0.000000e+00	0.000000e+00	
-2.010000e+00	-2.000000e+00	0.000000e+00	0.000000e+00	0.000000e+00	0.000000e+00	0.000000e+00	0.000000e+00	
-2.000000e+00	-1.990000e+00	0.000000e+00	0.000000e+00	0.000000e+00	0.000000e+00	0.000000e+00	0.000000e+00	
-1.990000e+00	-1.980000e+00	0.000000e+00	0.000000e+00	0.000000e+00	0.000000e+00	0.000000e+00	0.000000e+00	
-1.980000e+00	-1.970000e+00	1.410084e-02	0.000000e+00	0.000000e+00	0.000000e+00	0.000000e+00	0.000000e+00	
-1.970000e+00	-1.960000e+00	0.000000e+00	0.000000e+00	0.000000e+00	0.000000e+00	0.000000e+00	0.000000e+00	
-1.960000e+00	-1.950000e+00	0.000000e+00	0.000000e+00	0.000000e+00	0.000000e+00	0.000000e+00	0.000000e+00	
-1.950000e+00	-1.940000e+00	0.000000e+00	2.076337e-02	0.000000e+00	0.000000e+00	0.000000e+00	0.000000e+00	
-1.940000e+00	-1.930000e+00	0.000000e+00	0.000000e+00	0.000000e+00	0.000000e+00	0.000000e+00	0.000000e+00	
-1.930000e+00	-1.920000e+00	0.000000e+00	0.000000e+00	0.000000e+00	0.000000e+00	0.000000e+00	0.000000e+00	
-1.920000e+00	-1.910000e+00	0.000000e+00	0.000000e+00	0.000000e+00	0.000000e+00	0.000000e+00	0.000000e+00	
-1.910000e+00	-1.900000e+00	0.000000e+00	0.000000e+00	0.000000e+00	0.000000e+00	0.000000e+00	0.000000e+00	
-1.900000e+00	-1.890000e+00	0.000000e+00	0.000000e+00	0.000000e+00	0.000000e+00	0.000000e+00	0.000000e+00	
-1.890000e+00	-1.880000e+00	0.000000e+00	0.000000e+00	1.067451e-02	0.000000e+00	0.000000e+00	0.000000e+00	
-1.880000e+00	-1.870000e+00	0.000000e+00	0.000000e+00	0.000000e+00	0.000000e+00	0.000000e+00	0.000000e+00	
-1.870000e+00	-1.860000e+00	0.000000e+00	2.400189e-02	0.000000e+00	0.000000e+00	0.000000e+00	0.000000e+00	
-1.860000e+00	-1.850000e+00	1.746339e-02	0.000000e+00	0.000000e+00	0.000000e+00	0.000000e+00	0.000000e+00	
-1.850000e+00	-1.840000e+00	0.000000e+00	0.000000e+00	0.000000e+00	0.000000e+00	0.000000e+00	0.000000e+00	
-1.840000e+00	-1.830000e+00	0.000000e+00	0.000000e+00	0.000000e+00	0.000000e+00	0.000000e+00	0.000000e+00	
-1.830000e+00	-1.820000e+00	0.000000e+00	0.000000e+00	0.000000e+00	0.000000e+00	0.000000e+00	0.000000e+00	
-1.820000e+00	-1.810000e+00	0.000000e+00	0.000000e+00	0.000000e+00	0.000000e+00	0.000000e+00	0.000000e+00	
-1.810000e+00	-1.800000e+00	0.000000e+00	0.000000e+00	0.000000e+00	0.000000e+00	0.000000e+00	0.000000e+00	
-1.800000e+00	-1.790000e+00	0.000000e+00	2.718007e-02	0.000000e+00	0.000000e+00	0.000000e+00	0.000000e+00	
-1.790000e+00	-1.780000e+00	0.000000e+00	0.000000e+00	0.000000e+00	0.000000e+00	0.000000e+00	0.000000e+00	
-1.780000e+00	-1.770000e+00	0.000000e+00	0.000000e+00	0.000000e+00	0.000000e+00	0.000000e+00	0.000000e+00	
-1.770000e+00	-1.760000e+00	0.000000e+00	0.000000e+00	0.000000e+00	0.000000e+00	0.000000e+00	0.000000e+00	
-1.760000e+00	-1.750000e+00	2.076337e-02	0.000000e+00	0.000000e+00	0.000000e+00	0.000000e+00	0.000000e+00	
-1.750000e+00	-1.740000e+00	0.000000e+00	3.029898e-02	0.000000e+00	0.000000e+00	0.000000e+00	0.000000e+00	
-1.740000e+00	-1.730000e+00	0.000000e+00	0.000000e+00	0.000000e+00	0.000000e+00	0.000000e+00	0.000000e+00	
-1.730000e+00	-1.720000e+00	0.000000e+00	0.000000e+00	0.000000e+00	0.000000e+00	0.000000e+00	0.000000e+00	
-1.720000e+00	-1.710000e+00	0.000000e+00	0.000000e+00	1.410084e-02	0.000000e+00	0.000000e+00	0.000000e+00	
-1.710000e+00	-1.700000e+00	0.000000e+00	0.000000e+00	0.000000e+00	0.000000e+00	0.000000e+00	0.000000e+00	
-1.700000e+00	-1.690000e+00	0.000000e+00	3.335965e-02	0.000000e+00	0.000000e+00	0.000000e+00	0.000000e+00	
-1.690000e+00	-1.680000e+00	2.400189e-02	0.000000e+00	0.000000e+00	0.000000e+00	0.000000e+00	0.000000e+00	
-1.680000e+00	-1.670000e+00	0.000000e+00	0.000000e+00	0.000000e+00	0.000000e+00	0.000000e+00	0.000000e+00	
-1.670000e+00	-1.660000e+00	0.000000e+00	0.000000e+00	0.000000e+00	0.000000e+00	0.000000e+00	0.000000e+00	
-1.660000e+00	-1.650000e+00	0.000000e+00	0.000000e+00	0.000000e+00	0.000000e+00	0.000000e+00	0.000000e+00	
-1.650000e+00	-1.640000e+00	0.000000e+00	3.636311e-02	0.000000e+00	0.000000e+00	0.000000e+00	0.000000e+00	
-1.640000e+00	-1.630000e+00	0.000000e+00	0.000000e+00	0.000000e+00	0.000000e+00	0.000000e+00	0.000000e+00	
-1.630000e+00	-1.620000e+00	0.000000e+00	0.000000e+00	0.000000e+00	0.000000e+00	0.000000e+00	0.000000e+00	
-1.620000e+00	-1.610000e+00	2.718007e-02	0.000000e+00	0.000000e+00	0.000000e+00	0.000000e+00	0.000000e+00	
-1.610000e+00	-1.600000e+00	0.000000e+00	3.931035e-02	0.000000e+00	0.000000e+00	0.000000e+00	0.000000e+00	
-1.600000e+00	-1.590000e+00	0.000000e+00	0.000000e+00	0.000000e+00	0.000000e+00	0.000000e+00	0.000000e+00	
-1.590000e+00	-1.580000e+00	0.000000e+00	0.000000e+00	1.746339e-02	0.000000e+00	0.000000e+00	0.000000e+00	
-1.580000e+00	-1.570000e+00	0.000000e+00	0.000000e+00	0.000000e+00	0.000000e+00	0.000000e+00	0.000000e+00	
-1.570000e+00	-1.560000e+00	0.000000e+00	4.220234e-02	0.000000e+00	0.000000e+00	0.000000e+00	0.000000e+00	
-1.560000e+00	-1.550000e+00	3.029898e-02	0.000000e+00	0.000000e+00	0.000000e+00	0.000000e+00	0.000000e+00	
-1.550000e+00	-1.540000e+00	0.000000e+00	0.000000e+00	0.000000e+00	0.000000e+00	0.000000e+00	0.000000e+00	
-1.540000e+00	-1.530000e+00	0.000000e+00	4.504004e-02	0.000000e+00	0.000000e+00	0.000000e+00	0.000000e+00	
-1.530000e+00	-1.520000e+00	0.000000e+00	0.000000e+00	0.000000e+00	0.000000e+00	0.000000e+00	0.000000e+00	
-1.520000e+00	-1.510000e+00	0.000000e+00	0.000000e+00	0.000000e+00	0.000000e+00	0.000000e+00	0.000000e+00	
-1.510000e+00	-1.500000e+00	3.335965e-02	4.782438e-02	0.000000e+00	0.000000e+00	0.000000e+00	0.000000e+00	
-1.500000e+00	-1.490000e+00	0.000000e+00	0.000000e+00	2.076337e-02	0.000000e+00	0.000000e+00	0.000000e+00	
-1.490000e+00	-1.480000e+00	0.000000e+00	0.000000e+00	0.000000e+00	0.000000e+00	0.000000e+00	0.000000e+00	
-1.480000e+00	-1.470000e+00	0.000000e+00	5.055627e-02	0.000000e+00	0.000000e+00	0.000000e+00	0.000000e+00	
-1.470000e+00	-1.460000e+00	3.636311e-02	0.000000e+00	0.000000e+00	0.000000e+00	0.000000e+00	0.000000e+00	
-1.460000e+00	-1.450000e+00	0.000000e+00	0.000000e+00	0.000000e+00	0.000000e+00	0.000000e+00	0.000000e+00	
-1.450000e+00	-1.440000e+00	0.000000e+00	5.323661e-02	0.000000e+00	0.000000e+00	0.000000e+00	0.000000e+00	
-1.440000e+00	-1.430000e+00	0.000000e+00	0.000000e+00	0.000000e+00	0.000000e+00	0.000000e+00	0.000000e+00	
-1.430000e+00	-1.420000e+00	3.931035e-02	5.586627e-02	0.000000e+00	0.000000e+00	0.000000e+00	0.000000e+00	
-1.420000e+00	-1.410000e+00	0.000000e+00	0.000000e+00	2.400189e-02	0.000000e+00	0.000000e+00	0.000000e+00	
-1.410000e+00	-1.400000e+00	0.000000e+00	0.000000e+00	0.000000e+00	0.000000e+00	0.000000e+00	0.000000e+00	
-1.400000e+00	-1.390000e+00	0.000000e+00	5.844613e-02	0.000000e+00	0.000000e+00	0.000000e+00	0.000000e+00	
-1.390000e+00	-1.380000e+00	4.220234e-02	0.000000e+00	0.000000e+00	0.000000e+00	0.000000e+00	0.000000e+00	
-1.380000e+00	-1.370000e+00	0.000000e+00	6.097701e-02	0.000000e+00	0.000000e+00	0.000000e+00	0.000000e+00	
-1.370000e+00	-1.360000e+00	0.000000e+00	0.000000e+00	0.000000e+00	0.000000e+00	0.000000e+00	0.000000e+00	
-1.360000e+00	-1.350000e+00	4.504004e-02	6.345976e-02	0.000000e+00	0.000000e+00	0.000000e+00	0.000000e+00	
-1.350000e+00	-1.340000e+00	0.000000e+00	0.000000e+00	2.718007e-02	0.000000e+00	0.000000e+00	0.000000e+00	
-1.340000e+00	-1.330000e+00	0.000000e+00	6.589519e-02	0.000000e+00	0.000000e+00	0.000000e+00	0.000000e+00	
-1.330000e+00	-1.320000e+00	4.782438e-02	0.000000e+00	0.000000e+00	0.000000e+00	0.000000e+00	0.000000e+00	
-1.320000e+00	-1.310000e+00	0.000000e+00	6.828410e-02	0.000000e+00	0.000000e+00	0.000000e+00	0.000000e+00	
-1.310000e+00	-1.300000e+00	0.000000e+00	0.000000e+00	0.000000e+00	0.000000e+00	0.000000e+00	0.000000e+00	
-1.300000e+00	-1.290000e+00	5.055627e-02	7.062726e-02	3.029898e-02	0.000000e+00	0.000000e+00	0.000000e+00	
-1.290000e+00	-1.280000e+00	0.000000e+00	0.000000e+00	0.000000e+00	0.000000e+00	0.000000e+00	0.000000e+00	
-1.280000e+00	-1.270000e+00	0.000000e+00	7.292546e-02	0.000000e+00	0.000000e+00	0.000000e+00	0.000000e+00	
-1.270000e+00	-1.260000e+00	5.323661e-02	0.000000e+00	0.000000e+00	0.000000e+00	0.000000e+00	0.000000e+00	
-1.260000e+00	-1.250000e+00	0.000000e+00	7.517945e-02	0.000000e+00	0.000000e+00	0.000000e+00	0.000000e+00	
-1.250000e+00	-1.240000e+00	5.586627e-02	0.000000e+00	3.335965e-02	0.000000e+00	0.000000e+00	0.000000e+00	
-1.240000e+00	-1.230000e+00	0.000000e+00	7.738998e-02	0.000000e+00	0.000000e+00	0.000000e+00	0.000000e+00	
-1.230000e+00	-1.220000e+00	0.000000e+00	7.955776e-02	0.000000e+00	0.000000e+00	0.000000e+00	0.000000e+00	
-1.220000e+00	-1.210000e+00	5.844613e-02	0.000000e+00	0.000000e+00	0.000000e+00	0.000000e+00	0.000000e+00	
-1.210000e+00	-1.200000e+00	0.000000e+00	8.168353e-02	0.000000e+00	0.000000e+00	0.000000e+00	0.000000e+00	
-1.200000e+00	-1.190000e+00	6.097701e-02	8.376799e-02	3.636311e-02	0.000000e+00	0.000000e+00	0.000000e+00	
-1.190000e+00	-1.180000e+00	0.000000e+00	0.000000e+00	0.000000e+00	0.000000e+00	0.000000e+00	0.000000e+00	
-1.180000e+00	-1.170000e+00	6.345976e-02	8.581183e-02	0.000000e+00	0.000000e+00	0.000000e+00	0.000000e+00	
-1.170000e+00	-1.160000e+00	0.000000e+00	0.000000e+00	0.000000e+00	0.000000e+00	0.000000e+00	0.000000e+00	
-1.160000e+00	-1.150000e+00	6.589519e-02	8.781572e-02	3.931035e-02	0.000000e+00	0.000000e+00	0.000000e+00	
-1.150000e+00	-1.140000e+00	0.000000e+00	8.978035e-02	0.000000e+00	0.000000e+00	0.000000e+00	0.000000e+00	
-1.140000e+00	-1.130000e+00	6.828410e-02	9.170636e-02	0.000000e+00	0.000000e+00	0.000000e+00	0.000000e+00	
-1.130000e+00	-1.120000e+00	0.000000e+00	0.000000e+00	0.000000e+00	0.000000e+00	0.000000e+00	0.000000e+00	
-1.120000e+00	-1.110000e+00	7.062726e-02	9.359441e-02	4.220234e-02	0.000000e+00	0.000000e+00	0.000000e+00	
-1.110000e+00	-1.100000e+00	0.000000e+00	9.544512e-02	0.000000e+00	0.000000e+00	0.000000e+00	0.000000e+00	
-1.100000e+00	-1.090000e+00	7.292546e-02	9.725912e-02	0.000000e+00	0.000000e+00	0.000000e+00	0.000000e+00	
-1.090000e+00	-1.080000e+00	7.517945e-02	0.000000e+00	4.504004e-02	0.000000e+00	0.000000e+00	0.000000e+00	
-1.080000e+00	-1.070000e+00	0.000000e+00	9.903703e-02	0.000000e+00	0.000000e+00	0.000000e+00	0.000000e+00	
-1.070000e+00	-1.060000e+00	7.738998e-02	1.007794e-01	0.000000e+00	0.000000e+00	0.000000e+00	0.000000e+00	
-1.060000e+00	-1.050000e+00	7.955776e-02	1.024870e-01	4.782438e-02	0.000000e+00	0.000000e+00	0.000000e+00	
-1.050000e+00	-1.040000e+00	0.000000e+00	1.041602e-01	0.000000e+00	0.000000e+00	0.000000e+00	0.000000e+00	
-1.040000e+00	-1.030000e+00	8.168353e-02	1.057996e-01	0.000000e+00	0.000000e+00	0.000000e+00	0.000000e+00	
-1.030000e+00	-1.020000e+00	8.376799e-02	0.000000e+00	5.055627e-02	0.000000e+00	0.000000e+00	0.000000e+00	
-1.020000e+00	-1.010000e+00	0.000000e+00	1.074059e-01	0.000000e+00	0.000000e+00	0.000000e+00	0.000000e+00	
-1.010000e+00	-1.000000e+00	8.581183e-02	1.089795e-01	0.000000e+00	0.000000e+00	0.000000e+00	0.000000e+00	
-1.000000e+00	-9.900000e-01	8.781572e-02	1.105211e-01	5.323661e-02	0.000000e+00	0.000000e+00	0.000000e+00	
-9.900000e-01	-9.800000e-01	8.978035e-02	1.120311e-01	0.000000e+00	0.000000e+00	0.000000e+00	0.000000e+00	
-9.800000e-01	-9.700000e-01	0.000000e+00	1.135101e-01	5.586627e-02	0.000000e+00	0.000000e+00	0.000000e+00	
-9.700000e-01	-9.600000e-01	9.170636e-02	1.149586e-01	0.000000e+00	0.000000e+00	0.000000e+00	0.000000e+00	
-9.600000e-01	-9.500000e-01	9.359441e-02	1.163771e-01	0.000000e+00	0.000000e+00	0.000000e+00	0.000000e+00	
-9.500000e-01	-9.400000e-01	9.544512e-02	1.177661e-01	5.844613e-02	0.000000e+00	0.000000e+00	0.000000e+00	
-9.400000e-01	-9.300000e-01	9.725912e-02	1.191261e-01	0.000000e+00	0.000000e+00	0.000000e+00	0.000000e+00	
-9.300000e-01	-9.200000e-01	9.903703e-02	1.204576e-01	6.097701e-02	0.000000e+00	0.000000e+00	0.000000e+00	
-9.200000e-01	-9.100000e-01	1.007794e-01	1.217610e-01	0.000000e+00	0.000000e+00	0.000000e+00	0.000000e+00	
-9.100000e-01	-9.000000e-01	1.024870e-01	2.473224e-01	6.345976e-02	0.000000e+00	0.000000e+00	0.000000e+00	
-9.000000e-01	-8.900000e-01	1.041602e-01	1.255076e-01	0.000000e+00	0.000000e+00	0.000000e+00	0.000000e+00	
-8.900000e-01	-8.800000e-01	1.057996e-01	1.267035e-01	6.589519e-02	0.000000e+00	0.000000e+00	0.000000e+00	
-8.800000e-01	-8.700000e-01	1.074059e-01	1.278735e-01	0.000000e+00	0.000000e+00	0.000000e+00	0.000000e+00	
-8.700000e-01	-8.600000e-01	1.089795e-01	1.290182e-01	6.828410e-02	0.000000e+00	0.000000e+00	0.000000e+00	
-8.600000e-01	-8.500000e-01	1.105211e-01	2.613712e-01	0.000000e+00	0.000000e+00	0.000000e+00	0.000000e+00	
-8.500000e-01	-8.400000e-01	2.255412e-01	1.323044e-01	7.062726e-02	0.000000e+00	0.000000e+00	0.000000e+00	
-8.400000e-01	-8.300000e-01	1.149586e-01	1.333518e-01	7.292546e-02	0.000000e+00	0.000000e+00	0.000000e+00	
-8.300000e-01	-8.200000e-01	1.163771e-01	1.343760e-01	0.000000e+00	0.000000e+00	0.000000e+00	0.000000e+00	
-8.200000e-01	-8.100000e-01	1.177661e-01	2.717330e-01	7.517945e-02	0.000000e+00	0.000000e+00	0.000000e+00	
-8.100000e-01	-8.000000e-01	2.395836e-01	1.373124e-01	0.000000e+00	0.000000e+00	0.000000e+00	0.000000e+00	
-8.000000e-01	-7.900000e-01	1.217610e-01	2.774075e-01	7.738998e-02	0.000000e+00	0.000000e+00	0.000000e+00	
-7.900000e-01	-7.800000e-01	1.230368e-01	1.400526e-01	7.955776e-02	0.000000e+00	0.000000e+00	0.000000e+00	
-7.800000e-01	-7.700000e-01	2.497932e-01	2.826994e-01	0.000000e+00	0.000000e+00	0.000000e+00	0.000000e+00	
-7.700000e-01	-7.600000e-01	1.267035e-01	1.426064e-01	8.168353e-02	0.000000e+00	0.000000e+00	0.000000e+00	
-7.600000e-01	-7.500000e-01	2.568917e-01	2.876276e-01	8.376799e-02	0.000000e+00	0.000000e+00	0.000000e+00	
-7.500000e-01	-7.400000e-01	2.613712e-01	1.449828e-01	8.581183e-02	0.000000e+00	0.000000e+00	0.000000e+00	
-7.400000e-01	-7.300000e-01	1.323044e-01	2.922100e-01	0.000000e+00	0.000000e+00	0.000000e+00	0.000000e+00	
-7.300000e-01	-7.200000e-01	2.677278e-01	2.950814e-01	8.781572e-02	0.000000e+00	0.000000e+00	0.000000e+00	
-7.200000e-01	-7.100000e-01	2.717330e-01	2.978116e-01	8.978035e-02	0.000000e+00	0.000000e+00	0.000000e+00	
-7.100000e-01	-7.000000e-01	2.755595e-01	1.498868e-01	9.170636e-02	0.000000e+00	0.000000e+00	0.000000e+00	
-7.000000e-01	-6.900000e-01	1.391604e-01	3.016523e-01	9.359441e-02	0.000000e+00	0.000000e+00	0.000000e+00	
-6.900000e-01	-6.800000e-01	2.809767e-01	3.040497e-01	0.000000e+00	0.000000e+00	0.000000e+00	0.000000e+00	
-6.800000e-01	-6.700000e-01	2.843816e-01	3.063216e-01	9.544512e-02	0.000000e+00	0.000000e+00	0.000000e+00	
-6.700000e-01	-6.600000e-01	4.326104e-01	3.084724e-01	9.725912e-02	0.000000e+00	0.000000e+00	0.000000e+00	
-6.600000e-01	-6.500000e-01	2.922100e-01	3.105059e-01	9.903703e-02	0.000000e+00	0.000000e+00	0.000000e+00	
-6.500000e-01	-6.400000e-01	2.950814e-01	3.124262e-01	1.007794e-01	0.000000e+00	0.000000e+00	0.000000e+00	
-6.400000e-01	-6.300000e-01	2.978116e-01	3.142370e-01	1.024870e-01	0.000000e+00	0.000000e+00	0.000000e+00	
-6.300000e-01	-6.200000e-01	4.515391e-01	3.159420e-01	1.041602e-01	0.000000e+00	0.000000e+00	0.000000e+00	
-6.200000e-01	-6.100000e-01	3.040497e-01	4.768871e-01	1.057996e-01	0.000000e+00	0.000000e+00	0.000000e+00	
-6.100000e-01	-6.000000e-01	4.602964e-01	3.197646e-01	1.074059e-01	0.000000e+00	0.000000e+00	0.000000e+00	
-6.000000e-01	-5.900000e-01	4.650035e-01	3.211265e-01	1.089795e-01	0.000000e+00	0.000000e+00	0.000000e+00	
-5.900000e-01	-5.800000e-01	4.693250e-01	4.840457e-01	2.225522e-01	0.000000e+00	0.000000e+00	0.000000e+00	
-5.800000e-01	-5.700000e-01	4.732801e-01	3.241411e-01	1.135101e-01	0.000000e+00	0.000000e+00	0.000000e+00	
-5.700000e-01	-5.600000e-01	4.768871e-01	4.881694e-01	1.149586e-01	0.000000e+00	0.000000e+00	0.000000e+00	
-5.600000e-01	-5.500000e-01	4.801634e-01	4.902805e-01	1.163771e-01	0.000000e+00	0.000000e+00	0.000000e+00	
-5.500000e-01	-5.400000e-01	6.447735e-01	3.278999e-01	2.368922e-01	0.000000e+00	0.000000e+00	0.000000e+00	
-5.400000e-01	-5.300000e-01	4.866133e-01	4.932378e-01	1.204576e-01	0.000000e+00	0.000000e+00	0.000000e+00	
-5.300000e-01	-5.200000e-01	6.523323e-01	4.946962e-01	1.217610e-01	0.000000e+00	0.000000e+00	0.000000e+00	
-5.200000e-01	-5.100000e-01	6.557816e-01	4.959322e-01	2.473224e-01	0.000000e+00	0.000000e+00	0.000000e+00	
-5.100000e-01	-5.000000e-01	6.586508e-01	4.969573e-01	1.255076e-01	0.000000e+00	0.000000e+00	0.000000e+00	
-5.000000e-01	-4.900000e-01	8.265276e-01	4.977823e-01	2.545770e-01	0.000000e+00	0.000000e+00	0.000000e+00	
-4.900000e-01	-4.800000e-01	6.631838e-01	6.646663e-01	1.290182e-01	0.000000e+00	0.000000e+00	0.000000e+00	
-4.800000e-01	-4.700000e-01	8.306735e-01	4.989859e-01	2.613712e-01	0.000000e+00	0.000000e+00	0.000000e+00	
-4.700000e-01	-4.600000e-01	9.982015e-01	6.656441e-01	2.656562e-01	0.000000e+00	0.000000e+00	0.000000e+00	
-4.600000e-01	-4.500000e-01	8.321084e-01	4.992760e-01	1.343760e-01	0.000000e+00	0.000000e+00	0.000000e+00	
-4.500000e-01	-4.400000e-01	9.978338e-01	6.654775e-01	2.717330e-01	0.000000e+00	0.000000e+00	0.000000e+00	
-4.400000e-01	-4.300000e-01	1.161837e+00	6.649213e-01	2.755595e-01	0.000000e+00	0.000000e+00	0.000000e+00	
-4.300000e-01	-4.200000e-01	9.927988e-01	6.640593e-01	2.792130e-01	0.000000e+00	0.000000e+00	0.000000e+00	
-4.200000e-01	-4.100000e-01	1.317812e+00	6.629129e-01	2.826994e-01	0.000000e+00	0.000000e+00	0.000000e+00	
-4.100000e-01	-4.000000e-01	1.309456e+00	8.266288e-01	2.860241e-01	0.000000e+00	0.000000e+00	0.000000e+00	
-4.000000e-01	-3.900000e-01	1.461288e+00	6.593973e-01	2.891926e-01	0.000000e+00	0.000000e+00	0.000000e+00	
-3.900000e-01	-3.800000e-01	1.606837e+00	8.214987e-01	2.922100e-01	0.000000e+00	0.000000e+00	0.000000e+00	
-3.800000e-01	-3.700000e-01	1.587170e+00	8.180744e-01	4.436546e-01	0.000000e+00	0.000000e+00	0.000000e+00	
-3.700000e-01	-3.600000e-01	2.031247e+00	8.142874e-01	2.991252e-01	0.000000e+00	0.000000e+00	0.000000e+00	
-3.600000e-01	-3.500000e-01	2.144046e+00	9.716857e-01	4.533854e-01	0.000000e+00	0.000000e+00	0.000000e+00	
-3.500000e-01	-3.400000e-01	2.392078e+00	8.048435e-01	3.052011e-01	0.000000e+00	0.000000e+00	0.000000e+00	
-3.400000e-01	-3.300000e-01	2.756758e+00	9.595453e-01	4.619095e-01	0.000000e+00	0.000000e+00	0.000000e+00	
-3.300000e-01	-3.200000e-01	3.349180e+00	1.110323e+00	4.664859e-01	0.000000e+00	0.000000e+00	0.000000e+00	
-3.200000e-01	-3.100000e-01	3.976769e+00	9.434628e-01	4.706832e-01	0.000000e+00	0.000000e+00	0.000000e+00	
-3.100000e-01	-3.000000e-01	5.183735e+00	1.090664e+00	4.745203e-01	0.000000e+00	0.000000e+00	0.000000e+00	
-3.000000e-01	-2.900000e-01	7.497769e+00	1.079455e+00	4.780151e-01	0.000000e+00	0.000000e+00	0.000000e+00	
-2.900000e-01	-2.800000e-01	1.211635e+01	1.219493e+00	4.811848e-01	0.000000e+00	0.000000e+00	0.000000e+00	
-2.800000e-01	-2.700000e-01	1.594634e+01	1.203971e+00	6.459789e-01	0.000000e+00	0.000000e+00	0.000000e+00	
-2.700000e-01	-2.600000e-01	9.661812e+00	1.188107e+00	4.874065e-01	0.000000e+00	0.000000e+00	0.000000e+00	
-2.600000e-01	-2.500000e-01	3.861945e+00	1.317331e+00	6.532512e-01	0.000000e+00	0.000000e+00	0.000000e+00	
-2.500000e-01	-2.400000e-01	0.000000e+00	1.439428e+00	6.565517e-01	0.000000e+00	0.000000e+00	0.000000e+00	
-2.400000e-01	-2.300000e-01	0.000000e+00	1.413639e+00	8.244662e-01	0.000000e+00	0.000000e+00	0.000000e+00	
-2.300000e-01	-2.200000e-01	0.000000e+00	1.525065e+00	6.619517e-01	0.000000e+00	0.000000e+00	0.000000e+00	
-2.200000e-01	-2.100000e-01	0.000000e+00	1.493668e+00	8.296137e-01	0.000000e+00	0.000000e+00	0.000000e+00	
-2.100000e-01	-2.000000e-01	0.000000e+00	1.724886e+00	8.312124e-01	0.000000e+00	0.000000e+00	0.000000e+00	
-2.000000e-01	-1.900000e-01	0.000000e+00	1.681466e+00	8.320063e-01	0.000000e+00	0.000000e+00	0.000000e+00	
-1.900000e-01	-1.800000e-01	0.000000e+00	1.762784e+00	9.984238e-01	7.419068e-01	0.000000e+00	0.000000e+00	
-1.800000e-01	-1.700000e-01	0.000000e+00	1.954550e+00	9.973581e-01	5.915213e-01	0.000000e+00	0.000000e+00	
-1.700000e-01	-1.600000e-01	0.000000e+00	1.891716e+00	1.160865e+00	4.388663e-01	0.000000e+00	0.000000e+00	
-1.600000e-01	-1.500000e-01	0.000000e+00	2.054852e+00	1.156556e+00	4.860975e-01	0.000000e+00	0.000000e+00	
-1.500000e-01	-1.400000e-01	0.000000e+00	2.087103e+00	1.314870e+00	5.288130e-01	0.000000e+00	4.160967e-02	
-1.400000e-01	-1.300000e-01	0.000000e+00	2.108970e+00	1.305923e+00	6.851393e-01	0.000000e+00	5.351227e-01	
-1.300000e-01	-1.200000e-01	0.000000e+00	2.317849e+00	1.456713e+00	6.086450e-01	0.000000e+00	5.942838e-01	
-1.200000e-01	-1.100000e-01	0.000000e+00	2.207566e+00	1.601133e+00	7.704462e-01	0.000000e+00	6.258219e-01	
-1.100000e-01	-1.000000e-01	0.000000e+00	2.280104e+00	1.894553e+00	6.717409e-01	0.000000e+00	6.952929e-01	
-1.000000e-01	-9.000000e-02	0.000000e+00	2.329630e+00	2.016611e+00	8.374415e-01	0.000000e+00	7.530614e-01	
-9.000000e-02	-8.000000e-02	0.000000e+00	2.356768e+00	2.127325e+00	1.014581e+00	0.000000e+00	8.157642e-01	
-8.000000e-02	-7.000000e-02	0.000000e+00	2.214776e+00	2.664124e+00	1.048936e+00	0.000000e+00	8.838194e-01	
-7.000000e-02	-6.000000e-02	0.000000e+00	2.220013e+00	3.003828e+00	1.077577e+00	0.000000e+00	9.314837e-01	
-6.000000e-02	-5.000000e-02	0.000000e+00	2.206421e+00	3.560855e+00	1.260104e+00	0.000000e+00	1.035678e+00	
-5.000000e-02	-4.000000e-02	0.000000e+00	2.055503e+00	4.393632e+00	1.284233e+00	0.000000e+00	1.184274e+00	
-4.000000e-02	-3.000000e-02	0.000000e+00	1.970851e+00	6.050152e+00	1.466389e+00	0.000000e+00	2.297765e+00	
-3.000000e-02	-2.000000e-02	0.000000e+00	1.884045e+00	9.132944e+00	1.482426e+00	0.000000e+00	1.536901e+00	
-2.000000e-02	-1.000000e-02	0.000000e+00	1.747774e+00	1.517415e+01	1.658532e+00	0.000000e+00	1.634993e+00	
-1.000000e-02	0.000000e+00	0.000000e+00	1.666010e+00	1.406584e+01	1.663676e+00	0.000000e+00	1.827658e+00	
0.000000e+00	1.000000e-02	0.000000e+00	1.542389e+00	6.354304e+00	1.828906e+00	0.000000e+00	1.944703e+00	
1.000000e-02	2.000000e-02	0.000000e+00	1.428056e+00	1.588592e+00	1.986392e+00	0.000000e+00	2.063680e+00	
2.000000e-02	3.000000e-02	0.000000e+00	1.462985e+00	0.000000e+00	1.970557e+00	0.000000e+00	2.243837e+00	
3.000000e-02	4.000000e-02	0.000000e+00	1.938813e+00	0.000000e+00	2.110555e+00	0.000000e+00	2.374654e+00	
4.000000e-02	5.000000e-02	0.000000e+00	1.068089e+00	0.000000e+00	2.238683e+00	0.000000e+00	2.505981e+00	
5.000000e-02	6.000000e-02	0.000000e+00	9.099172e-01	0.000000e+00	2.353521e+00	0.000000e+00	2.560863e+00	
6.000000e-02	7.000000e-02	0.000000e+00	8.733222e-01	0.000000e+00	2.453991e+00	0.000000e+00	2.678666e+00	
7.000000e-02	8.000000e-02	0.000000e+00	7.896919e-01	0.000000e+00	2.539370e+00	0.000000e+00	2.793151e+00	
8.000000e-02	9.000000e-02	0.000000e+00	7.365724e-01	0.000000e+00	2.609280e+00	0.000000e+00	2.809373e+00	
9.000000e-02	1.000000e-01	0.000000e+00	6.870996e-01	0.000000e+00	2.663659e+00	0.000000e+00	2.900994e+00	
1.000000e-01	1.100000e-01	0.000000e+00	6.410246e-01	0.000000e+00	2.702721e+00	0.000000e+00	2.878937e+00	
1.100000e-01	1.200000e-01	0.000000e+00	5.805924e-01	0.000000e+00	2.853956e+00	0.000000e+00	2.941241e+00	
1.200000e-01	1.300000e-01	0.000000e+00	5.593258e-01	0.000000e+00	2.731341e+00	0.000000e+00	2.874730e+00	
1.300000e-01	1.400000e-01	0.000000e+00	5.067373e-01	0.000000e+00	2.958867e+00	0.000000e+00	2.778382e+00	
1.400000e-01	1.500000e-01	0.000000e+00	4.740140e-01	0.000000e+00	2.919265e+00	0.000000e+00	2.781176e+00	
1.500000e-01	1.600000e-01	0.000000e+00	2.392660e-01	0.000000e+00	2.868174e+00	0.000000e+00	2.770051e+00	
1.600000e-01	1.700000e-01	0.000000e+00	0.000000e+00	0.000000e+00	2.904065e+00	0.000000e+00	2.744202e+00	
1.700000e-01	1.800000e-01	0.000000e+00	0.000000e+00	0.000000e+00	2.821953e+00	0.000000e+00	2.558390e+00	
1.800000e-01	1.900000e-01	0.000000e+00	0.000000e+00	0.000000e+00	2.817693e+00	0.000000e+00	2.641340e+00	
1.900000e-01	2.000000e-01	0.000000e+00	0.000000e+00	0.000000e+00	2.710727e+00	0.000000e+00	2.415596e+00	
2.000000e-01	2.100000e-01	0.000000e+00	0.000000e+00	0.000000e+00	2.673102e+00	0.000000e+00	2.319861e+00	
2.100000e-01	2.200000e-01	0.000000e+00	0.000000e+00	0.000000e+00	2.547899e+00	0.000000e+00	2.369613e+00	
2.200000e-01	2.300000e-01	0.000000e+00	0.000000e+00	0.000000e+00	2.484172e+00	0.000000e+00	2.251980e+00	
2.300000e-01	2.400000e-01	0.000000e+00	0.000000e+00	0.000000e+00	2.289544e+00	0.000000e+00	1.956871e+00	
2.400000e-01	2.500000e-01	0.000000e+00	0.000000e+00	0.000000e+00	2.163439e+00	0.000000e+00	1.976510e+00	
2.500000e-01	2.600000e-01	0.000000e+00	0.000000e+00	0.000000e+00	2.038643e+00	0.000000e+00	1.990215e+00	
2.600000e-01	2.700000e-01	0.000000e+00	0.000000e+00	0.000000e+00	1.915858e+00	1.000000e+02	1.830086e+00	
2.700000e-01	2.800000e-01	0.000000e+00	0.000000e+00	0.000000e+00	1.713805e+00	0.000000e+00	1.662394e+00	
2.800000e-01	2.900000e-01	0.000000e+00	0.000000e+00	0.000000e+00	1.610886e+00	0.000000e+00	1.489657e+00	
2.900000e-01	3.000000e-01	0.000000e+00	0.000000e+00	0.000000e+00	2.247241e+00	0.000000e+00	1.477809e+00	
3.000000e-01	3.100000e-01	0.000000e+00	0.000000e+00	0.000000e+00	1.433546e+00	0.000000e+00	1.459508e+00	
3.100000e-01	3.200000e-01	0.000000e+00	0.000000e+00	0.000000e+00	1.110161e+00	0.000000e+00	1.275910e+00	
3.200000e-01	3.300000e-01	0.000000e+00	0.000000e+00	0.000000e+00	9.717312e-01	0.000000e+00	1.094894e+00	
3.300000e-01	3.400000e-01	0.000000e+00	0.000000e+00	0.000000e+00	9.219406e-01	0.000000e+00	1.069939e+00	
3.400000e-01	3.500000e-01	0.000000e+00	0.000000e+00	0.000000e+00	8.508876e-01	0.000000e+00	1.039733e+00	
3.500000e-01	3.600000e-01	0.000000e+00	0.000000e+00	0.000000e+00	7.854221e-01	0.000000e+00	8.626978e-01	
3.600000e-01	3.700000e-01	0.000000e+00	0.000000e+00	0.000000e+00	7.251066e-01	0.000000e+00	8.320223e-01	
3.700000e-01	3.800000e-01	0.000000e+00	0.000000e+00	0.000000e+00	6.695389e-01	0.000000e+00	7.967518e-01	
3.800000e-01	3.900000e-01	0.000000e+00	0.000000e+00	0.000000e+00	6.026958e-01	0.000000e+00	7.563978e-01	
3.900000e-01	4.000000e-01	0.000000e+00	0.000000e+00	0.000000e+00	5.723804e-01	0.000000e+00	5.954662e-01	
4.000000e-01	4.100000e-01	0.000000e+00	0.000000e+00	0.000000e+00	3.112527e-01	0.000000e+00	5.599802e-01	
4.100000e-01	4.200000e-01	0.000000e+00	0.000000e+00	0.000000e+00	0.000000e+00	0.000000e+00	5.206132e-01	
4.200000e-01	4.300000e-01	0.000000e+00	0.000000e+00	0.000000e+00	0.000000e+00	0.000000e+00	4.770247e-01	
4.300000e-01	4.400000e-01	0.000000e+00	0.000000e+00	0.000000e+00	0.000000e+00	0.000000e+00	5.083988e-01	
4.400000e-01	4.500000e-01	0.000000e+00	0.000000e+00	0.000000e+00	0.000000e+00	0.000000e+00	6.690264e-01	
4.500000e-01	4.600000e-01	0.000000e+00	0.000000e+00	0.000000e+00	0.000000e+00	0.000000e+00	5.031663e-01	
4.600000e-01	4.700000e-01	0.000000e+00	0.000000e+00	0.000000e+00	0.000000e+00	0.000000e+00	0.000000e+00	
4.700000e-01	4.800000e-01	0.000000e+00	0.000000e+00	0.000000e+00	0.000000e+00	0.000000e+00	0.000000e+00	
4.800000e-01	4.900000e-01	0.000000e+00	0.000000e+00	0.000000e+00	0.000000e+00	0.000000e+00	0.000000e+00	
4.900000e-01	5.000000e-01	0.000000e+00	0.000000e+00	0.000000e+00	0.000000e+00	0.000000e+00	0.000000e+00	
5.000000e-01	5.100000e-01	0.000000e+00	0.000000e+00	0.000000e+00	0.000000e+00	0.000000e+00	0.000000e+00	
5.100000e-01	5.200000e-01	0.000000e+00	0.000000e+00	0.000000e+00	0.000000e+00	0.000000e+00	0.000000e+00	
5.200000e-01	5.300000e-01	0.000000e+00	0.000000e+00	0.000000e+00	0.000000e+00	0.000000e+00	0.000000e+00	
5.300000e-01	5.400000e-01	0.000000e+00	0.000000e+00	0.000000e+00	0.000000e+00	0.000000e+00	0.000000e+00	
5.400000e-01	5.500000e-01	0.000000e+00	0.000000e+00	0.000000e+00	0.000000e+00	0.000000e+00	0.000000e+00	
5.500000e-01	5.600000e-01	0.000000e+00	0.000000e+00	0.000000e+00	0.000000e+00	0.000000e+00	0.000000e+00	
5.600000e-01	5.700000e-01	0.000000e+00	0.000000e+00	0.000000e+00	0.000000e+00	0.000000e+00	0.000000e+00	
5.700000e-01	5.800000e-01	0.000000e+00	0.000000e+00	0.000000e+00	0.000000e+00	0.000000e+00	0.000000e+00	
5.800000e-01	5.900000e-01	0.000000e+00	0.000000e+00	0.000000e+00	0.000000e+00	0.000000e+00	0.000000e+00	
5.900000e-01	6.000000e-01	0.000000e+00	0.000000e+00	0.000000e+00	0.000000e+00	0.000000e+00	0.000000e+00	
6.000000e-01	6.100000e-01	0.000000e+00	0.000000e+00	0.000000e+00	0.000000e+00	0.000000e+00	0.000000e+00	
6.100000e-01	6.200000e-01	0.000000e+00	0.000000e+00	0.000000e+00	0.000000e+00	0.000000e+00	0.000000e+00	
6.200000e-01	6.300000e-01	0.000000e+00	0.000000e+00	0.000000e+00	0.000000e+00	0.000000e+00	0.000000e+00	
6.300000e-01	6.400000e-01	0.000000e+00	0.000000e+00	0.000000e+00	0.000000e+00	0.000000e+00	0.000000e+00	
6.400000e-01	6.500000e-01	0.000000e+00	0.000000e+00	0.000000e+00	0.000000e+00	0.000000e+00	0.000000e+00	
6.500000e-01	6.600000e-01	0.000000e+00	0.000000e+00	0.000000e+00	0.000000e+00	0.000000e+00	0.000000e+00	
6.600000e-01	6.700000e-01	0.000000e+00	0.000000e+00	0.000000e+00	0.000000e+00	0.000000e+00	0.000000e+00	
6.700000e-01	6.800000e-01	0.000000e+00	0.000000e+00	0.000000e+00	0.000000e+00	0.000000e+00	0.000000e+00	
6.800000e-01	6.900000e-01	0.000000e+00	0.000000e+00	0.000000e+00	0.000000e+00	0.000000e+00	0.000000e+00	
6.900000e-01	7.000000e-01	0.000000e+00	0.000000e+00	0.000000e+00	0.000000e+00	0.000000e+00	0.000000e+00	
7.000000e-01	7.100000e-01	0.000000e+00	0.000000e+00	0.000000e+00	0.000000e+00	0.000000e+00	0.000000e+00	
7.100000e-01	7.200000e-01	0.000000e+00	0.000000e+00	0.000000e+00	0.000000e+00	0.000000e+00	0.000000e+00	
7.200000e-01	7.300000e-01	0.000000e+00	0.000000e+00	0.000000e+00	0.000000e+00	0.000000e+00	0.000000e+00	
7.300000e-01	7.400000e-01	0.000000e+00	0.000000e+00	0.000000e+00	0.000000e+00	0.000000e+00	0.000000e+00	
7.400000e-01	7.500000e-01	0.000000e+00	0.000000e+00	0.000000e+00	0.000000e+00	0.000000e+00	0.000000e+00	
7.500000e-01	7.600000e-01	0.000000e+00	0.000000e+00	0.000000e+00	0.000000e+00	0.000000e+00	0.000000e+00	
7.600000e-01	7.700000e-01	0.000000e+00	0.000000e+00	0.000000e+00	0.000000e+00	0.000000e+00	0.000000e+00	
7.700000e-01	7.800000e-01	0.000000e+00	0.000000e+00	0.000000e+00	0.000000e+00	0.000000e+00	0.000000e+00	
7.800000e-01	7.900000e-01	0.000000e+00	0.000000e+00	0.000000e+00	0.000000e+00	0.000000e+00	0.000000e+00	
7.900000e-01	8.000000e-01	0.000000e+00	0.000000e+00	0.000000e+00	0.000000e+00	0.000000e+00	0.000000e+00	
8.000000e-01	8.100000e-01	0.000000e+00	0.000000e+00	0.000000e+00	0.000000e+00	0.000000e+00	0.000000e+00	
8.100000e-01	8.200000e-01	0.000000e+00	0.000000e+00	0.000000e+00	0.000000e+00	0.000000e+00	0.000000e+00	
8.200000e-01	8.300000e-01	0.000000e+00	0.000000e+00	0.000000e+00	0.000000e+00	0.000000e+00	0.000000e+00	
8.300000e-01	8.400000e-01	0.000000e+00	0.000000e+00	0.000000e+00	0.000000e+00	0.000000e+00	0.000000e+00	
8.400000e-01	8.500000e-01	0.000000e+00	0.000000e+00	0.000000e+00	0.000000e+00	0.000000e+00	0.000000e+00	
8.500000e-01	8.600000e-01	0.000000e+00	0.000000e+00	0.000000e+00	0.000000e+00	0.000000e+00	0.000000e+00	
8.600000e-01	8.700000e-01	0.000000e+00	0.000000e+00	0.000000e+00	0.000000e+00	0.000000e+00	0.000000e+00	
8.700000e-01	8.800000e-01	0.000000e+00	0.000000e+00	0.000000e+00	0.000000e+00	0.000000e+00	0.000000e+00	
8.800000e-01	8.900000e-01	0.000000e+00	0.000000e+00	0.000000e+00	0.000000e+00	0.000000e+00	0.000000e+00	
8.900000e-01	9.000000e-01	0.000000e+00	0.000000e+00	0.000000e+00	0.000000e+00	0.000000e+00	0.000000e+00	
9.000000e-01	9.100000e-01	0.000000e+00	0.000000e+00	0.000000e+00	0.000000e+00	0.000000e+00	0.000000e+00	
9.100000e-01	9.200000e-01	0.000000e+00	0.000000e+00	0.000000e+00	0.000000e+00	0.000000e+00	0.000000e+00	
9.200000e-01	9.300000e-01	0.000000e+00	0.000000e+00	0.000000e+00	0.000000e+00	0.000000e+00	0.000000e+00	
9.300000e-01	9.400000e-01	0.000000e+00	0.000000e+00	0.000000e+00	0.000000e+00	0.000000e+00	0.000000e+00	
9.400000e-01	9.500000e-01	0.000000e+00	0.000000e+00	0.000000e+00	0.000000e+00	0.000000e+00	0.000000e+00	
9.500000e-01	9.600000e-01	0.000000e+00	0.000000e+00	0.000000e+00	0.000000e+00	0.000000e+00	0.000000e+00	
9.600000e-01	9.700000e-01	0.000000e+00	0.000000e+00	0.000000e+00	0.000000e+00	0.000000e+00	0.000000e+00	
9.700000e-01	9.800000e-01	0.000000e+00	0.000000e+00	0.000000e+00	0.000000e+00	0.000000e+00	0.000000e+00	
9.800000e-01	9.900000e-01	0.000000e+00	0.000000e+00	0.000000e+00	0.000000e+00	0.000000e+00	0.000000e+00	
9.900000e-01	1.000000e+00	0.000000e+00	0.000000e+00	0.000000e+00	0.000000e+00	0.000000e+00	0.000000e+00	
