# bin_edge_left	bin_edge_right	dN/d[mg/H]	dN/d[fe/H]	dN/d[o/H]	dN/d[fe/mg]	dN/d[o/mg]	dN/d[o/fe]	
-3.000000e+00	-2.990000e+00	0.000000e+00	0.000000e+00	0.000000e+00	0.000000e+00	0.000000e+00	0.000000e+00	
-2.990000e+00	-2.980000e+00	0.000000e+00	0.000000e+00	0.000000e+00	0.000000e+00	0.000000e+00	0.000000e+00	
-2.980000e+00	-2.970000e+00	0.000000e+00	0.000000e+00	0.000000e+00	0.000000e+00	0.000000e+00	0.000000e+00	
-2.970000e+00	-2.960000e+00	0.000000e+00	0.000000e+00	0.000000e+00	0.000000e+00	0.000000e+00	0.000000e+00	
-2.960000e+00	-2.950000e+00	0.000000e+00	0.000000e+00	0.000000e+00	0.000000e+00	0.000000e+00	0.000000e+00	
-2.950000e+00	-2.940000e+00	0.000000e+00	0.000000e+00	0.000000e+00	0.000000e+00	0.000000e+00	0.000000e+00	
-2.940000e+00	-2.930000e+00	0.000000e+00	0.000000e+00	0.000000e+00	0.000000e+00	0.000000e+00	0.000000e+00	
-2.930000e+00	-2.920000e+00	0.000000e+00	0.000000e+00	0.000000e+00	0.000000e+00	0.000000e+00	0.000000e+00	
-2.920000e+00	-2.910000e+00	0.000000e+00	0.000000e+00	0.000000e+00	0.000000e+00	0.000000e+00	0.000000e+00	
-2.910000e+00	-2.900000e+00	0.000000e+00	0.000000e+00	0.000000e+00	0.000000e+00	0.000000e+00	0.000000e+00	
-2.900000e+00	-2.890000e+00	0.000000e+00	0.000000e+00	0.000000e+00	0.000000e+00	0.000000e+00	0.000000e+00	
-2.890000e+00	-2.880000e+00	0.000000e+00	0.000000e+00	0.000000e+00	0.000000e+00	0.000000e+00	0.000000e+00	
-2.880000e+00	-2.870000e+00	0.000000e+00	0.000000e+00	0.000000e+00	0.000000e+00	0.000000e+00	0.000000e+00	
-2.870000e+00	-2.860000e+00	0.000000e+00	0.000000e+00	0.000000e+00	0.000000e+00	0.000000e+00	0.000000e+00	
-2.860000e+00	-2.850000e+00	0.000000e+00	0.000000e+00	0.000000e+00	0.000000e+00	0.000000e+00	0.000000e+00	
-2.850000e+00	-2.840000e+00	0.000000e+00	0.000000e+00	0.000000e+00	0.000000e+00	0.000000e+00	0.000000e+00	
-2.840000e+00	-2.830000e+00	0.000000e+00	0.000000e+00	0.000000e+00	0.000000e+00	0.000000e+00	0.000000e+00	
-2.830000e+00	-2.820000e+00	0.000000e+00	0.000000e+00	0.000000e+00	0.000000e+00	0.000000e+00	0.000000e+00	
-2.820000e+00	-2.810000e+00	0.000000e+00	0.000000e+00	0.000000e+00	0.000000e+00	0.000000e+00	0.000000e+00	
-2.810000e+00	-2.800000e+00	0.000000e+00	0.000000e+00	0.000000e+00	0.000000e+00	0.000000e+00	0.000000e+00	
-2.800000e+00	-2.790000e+00	0.000000e+00	0.000000e+00	0.000000e+00	0.000000e+00	0.000000e+00	0.000000e+00	
-2.790000e+00	-2.780000e+00	0.000000e+00	0.000000e+00	0.000000e+00	0.000000e+00	0.000000e+00	0.000000e+00	
-2.780000e+00	-2.770000e+00	0.000000e+00	0.000000e+00	0.000000e+00	0.000000e+00	0.000000e+00	0.000000e+00	
-2.770000e+00	-2.760000e+00	0.000000e+00	0.000000e+00	0.000000e+00	0.000000e+00	0.000000e+00	0.000000e+00	
-2.760000e+00	-2.750000e+00	0.000000e+00	0.000000e+00	0.000000e+00	0.000000e+00	0.000000e+00	0.000000e+00	
-2.750000e+00	-2.740000e+00	0.000000e+00	0.000000e+00	0.000000e+00	0.000000e+00	0.000000e+00	0.000000e+00	
-2.740000e+00	-2.730000e+00	0.000000e+00	0.000000e+00	0.000000e+00	0.000000e+00	0.000000e+00	0.000000e+00	
-2.730000e+00	-2.720000e+00	0.000000e+00	0.000000e+00	0.000000e+00	0.000000e+00	0.000000e+00	0.000000e+00	
-2.720000e+00	-2.710000e+00	0.000000e+00	0.000000e+00	0.000000e+00	0.000000e+00	0.000000e+00	0.000000e+00	
-2.710000e+00	-2.700000e+00	0.000000e+00	0.000000e+00	0.000000e+00	0.000000e+00	0.000000e+00	0.000000e+00	
-2.700000e+00	-2.690000e+00	0.000000e+00	0.000000e+00	0.000000e+00	0.000000e+00	0.000000e+00	0.000000e+00	
-2.690000e+00	-2.680000e+00	0.000000e+00	0.000000e+00	0.000000e+00	0.000000e+00	0.000000e+00	0.000000e+00	
-2.680000e+00	-2.670000e+00	0.000000e+00	0.000000e+00	0.000000e+00	0.000000e+00	0.000000e+00	0.000000e+00	
-2.670000e+00	-2.660000e+00	0.000000e+00	0.000000e+00	0.000000e+00	0.000000e+00	0.000000e+00	0.000000e+00	
-2.660000e+00	-2.650000e+00	0.000000e+00	0.000000e+00	0.000000e+00	0.000000e+00	0.000000e+00	0.000000e+00	
-2.650000e+00	-2.640000e+00	0.000000e+00	0.000000e+00	0.000000e+00	0.000000e+00	0.000000e+00	0.000000e+00	
-2.640000e+00	-2.630000e+00	0.000000e+00	5.430911e-03	0.000000e+00	0.000000e+00	0.000000e+00	0.000000e+00	
-2.630000e+00	-2.620000e+00	0.000000e+00	0.000000e+00	0.000000e+00	0.000000e+00	0.000000e+00	0.000000e+00	
-2.620000e+00	-2.610000e+00	0.000000e+00	0.000000e+00	0.000000e+00	0.000000e+00	0.000000e+00	0.000000e+00	
-2.610000e+00	-2.600000e+00	0.000000e+00	0.000000e+00	0.000000e+00	0.000000e+00	0.000000e+00	0.000000e+00	
-2.600000e+00	-2.590000e+00	0.000000e+00	0.000000e+00	0.000000e+00	0.000000e+00	0.000000e+00	0.000000e+00	
-2.590000e+00	-2.580000e+00	0.000000e+00	0.000000e+00	0.000000e+00	0.000000e+00	0.000000e+00	0.000000e+00	
-2.580000e+00	-2.570000e+00	0.000000e+00	0.000000e+00	0.000000e+00	0.000000e+00	0.000000e+00	0.000000e+00	
-2.570000e+00	-2.560000e+00	0.000000e+00	0.000000e+00	0.000000e+00	0.000000e+00	0.000000e+00	0.000000e+00	
-2.560000e+00	-2.550000e+00	0.000000e+00	0.000000e+00	0.000000e+00	0.000000e+00	0.000000e+00	0.000000e+00	
-2.550000e+00	-2.540000e+00	0.000000e+00	0.000000e+00	0.000000e+00	0.000000e+00	0.000000e+00	0.000000e+00	
-2.540000e+00	-2.530000e+00	0.000000e+00	0.000000e+00	0.000000e+00	0.000000e+00	0.000000e+00	0.000000e+00	
-2.530000e+00	-2.520000e+00	0.000000e+00	0.000000e+00	0.000000e+00	0.000000e+00	0.000000e+00	0.000000e+00	
-2.520000e+00	-2.510000e+00	0.000000e+00	0.000000e+00	0.000000e+00	0.000000e+00	0.000000e+00	0.000000e+00	
-2.510000e+00	-2.500000e+00	0.000000e+00	0.000000e+00	0.000000e+00	0.000000e+00	0.000000e+00	0.000000e+00	
-2.500000e+00	-2.490000e+00	0.000000e+00	0.000000e+00	0.000000e+00	0.000000e+00	0.000000e+00	0.000000e+00	
-2.490000e+00	-2.480000e+00	0.000000e+00	0.000000e+00	0.000000e+00	0.000000e+00	0.000000e+00	0.000000e+00	
-2.480000e+00	-2.470000e+00	0.000000e+00	0.000000e+00	0.000000e+00	0.000000e+00	0.000000e+00	0.000000e+00	
-2.470000e+00	-2.460000e+00	0.000000e+00	0.000000e+00	0.000000e+00	0.000000e+00	0.000000e+00	0.000000e+00	
-2.460000e+00	-2.450000e+00	5.430911e-03	0.000000e+00	0.000000e+00	0.000000e+00	0.000000e+00	0.000000e+00	
-2.450000e+00	-2.440000e+00	0.000000e+00	0.000000e+00	0.000000e+00	0.000000e+00	0.000000e+00	0.000000e+00	
-2.440000e+00	-2.430000e+00	0.000000e+00	0.000000e+00	0.000000e+00	0.000000e+00	0.000000e+00	0.000000e+00	
-2.430000e+00	-2.420000e+00	0.000000e+00	0.000000e+00	0.000000e+00	0.000000e+00	0.000000e+00	0.000000e+00	
-2.420000e+00	-2.410000e+00	0.000000e+00	0.000000e+00	0.000000e+00	0.000000e+00	0.000000e+00	0.000000e+00	
-2.410000e+00	-2.400000e+00	0.000000e+00	0.000000e+00	0.000000e+00	0.000000e+00	0.000000e+00	0.000000e+00	
-2.400000e+00	-2.390000e+00	0.000000e+00	0.000000e+00	0.000000e+00	0.000000e+00	0.000000e+00	0.000000e+00	
-2.390000e+00	-2.380000e+00	0.000000e+00	0.000000e+00	0.000000e+00	0.000000e+00	0.000000e+00	0.000000e+00	
-2.380000e+00	-2.370000e+00	0.000000e+00	0.000000e+00	0.000000e+00	0.000000e+00	0.000000e+00	0.000000e+00	
-2.370000e+00	-2.360000e+00	0.000000e+00	0.000000e+00	0.000000e+00	0.000000e+00	0.000000e+00	0.000000e+00	
-2.360000e+00	-2.350000e+00	0.000000e+00	0.000000e+00	0.000000e+00	0.000000e+00	0.000000e+00	0.000000e+00	
-2.350000e+00	-2.340000e+00	0.000000e+00	0.000000e+00	0.000000e+00	0.000000e+00	0.000000e+00	0.000000e+00	
-2.340000e+00	-2.330000e+00	0.000000e+00	8.073115e-03	0.000000e+00	0.000000e+00	0.000000e+00	0.000000e+00	
-2.330000e+00	-2.320000e+00	0.000000e+00	0.000000e+00	0.000000e+00	0.000000e+00	0.000000e+00	0.000000e+00	
-2.320000e+00	-2.310000e+00	0.000000e+00	0.000000e+00	0.000000e+00	0.000000e+00	0.000000e+00	0.000000e+00	
-2.310000e+00	-2.300000e+00	0.000000e+00	0.000000e+00	0.000000e+00	0.000000e+00	0.000000e+00	0.000000e+00	
-2.300000e+00	-2.290000e+00	0.000000e+00	0.000000e+00	0.000000e+00	0.000000e+00	0.000000e+00	0.000000e+00	
-2.290000e+00	-2.280000e+00	0.000000e+00	0.000000e+00	0.000000e+00	0.000000e+00	0.000000e+00	0.000000e+00	
-2.280000e+00	-2.270000e+00	0.000000e+00	0.000000e+00	0.000000e+00	0.000000e+00	0.000000e+00	0.000000e+00	
-2.270000e+00	-2.260000e+00	0.000000e+00	0.000000e+00	0.000000e+00	0.000000e+00	0.000000e+00	0.000000e+00	
-2.260000e+00	-2.250000e+00	0.000000e+00	0.000000e+00	0.000000e+00	0.000000e+00	0.000000e+00	0.000000e+00	
-2.250000e+00	-2.240000e+00	0.000000e+00	0.000000e+00	0.000000e+00	0.000000e+00	0.000000e+00	0.000000e+00	
-2.240000e+00	-2.230000e+00	0.000000e+00	0.000000e+00	0.000000e+00	0.000000e+00	0.000000e+00	0.000000e+00	
-2.230000e+00	-2.220000e+00	0.000000e+00	0.000000e+00	0.000000e+00	0.000000e+00	0.000000e+00	0.000000e+00	
-2.220000e+00	-2.210000e+00	0.000000e+00	0.000000e+00	0.000000e+00	0.000000e+00	0.000000e+00	0.000000e+00	
-2.210000e+00	-2.200000e+00	0.000000e+00	0.000000e+00	0.000000e+00	0.000000e+00	0.000000e+00	0.000000e+00	
-2.200000e+00	-2.190000e+00	0.000000e+00	0.000000e+00	0.000000e+00	0.000000e+00	0.000000e+00	0.000000e+00	
-2.190000e+00	-2.180000e+00	0.000000e+00	0.000000e+00	5.430911e-03	0.000000e+00	0.000000e+00	0.000000e+00	
-2.180000e+00	-2.170000e+00	0.000000e+00	0.000000e+00	0.000000e+00	0.000000e+00	0.000000e+00	0.000000e+00	
-2.170000e+00	-2.160000e+00	0.000000e+00	1.066783e-02	0.000000e+00	0.000000e+00	0.000000e+00	0.000000e+00	
-2.160000e+00	-2.150000e+00	8.073115e-03	0.000000e+00	0.000000e+00	0.000000e+00	0.000000e+00	0.000000e+00	
-2.150000e+00	-2.140000e+00	0.000000e+00	0.000000e+00	0.000000e+00	0.000000e+00	0.000000e+00	0.000000e+00	
-2.140000e+00	-2.130000e+00	0.000000e+00	0.000000e+00	0.000000e+00	0.000000e+00	0.000000e+00	0.000000e+00	
-2.130000e+00	-2.120000e+00	0.000000e+00	0.000000e+00	0.000000e+00	0.000000e+00	0.000000e+00	0.000000e+00	
-2.120000e+00	-2.110000e+00	0.000000e+00	0.000000e+00	0.000000e+00	0.000000e+00	0.000000e+00	0.000000e+00	
-2.110000e+00	-2.100000e+00	0.000000e+00	0.000000e+00	0.000000e+00	0.000000e+00	0.000000e+00	0.000000e+00	
-2.100000e+00	-2.090000e+00	0.000000e+00	0.000000e+00	0.000000e+00	0.000000e+00	0.000000e+00	0.000000e+00	
-2.090000e+00	-2.080000e+00	0.000000e+00	0.000000e+00	0.000000e+00	0.000000e+00	0.000000e+00	0.000000e+00	
-2.080000e+00	-2.070000e+00	0.000000e+00	0.000000e+00	0.000000e+00	0.000000e+00	0.000000e+00	0.000000e+00	
-2.070000e+00	-2.060000e+00	0.000000e+00	0.000000e+00	0.000000e+00	0.000000e+00	0.000000e+00	0.000000e+00	
-2.060000e+00	-2.050000e+00	0.000000e+00	0.000000e+00	0.000000e+00	0.000000e+00	0.000000e+00	0.000000e+00	
-2.050000e+00	-2.040000e+00	0.000000e+00	0.000000e+00	0.000000e+00	0.000000e+00	0.000000e+00	0.000000e+00	
-2.040000e+00	-2.030000e+00	0.000000e+00	1.321597e-02	0.000000e+00	0.000000e+00	0.000000e+00	0.000000e+00	
-2.030000e+00	-2.020000e+00	0.000000e+00	0.000000e+00	0.000000e+00	0.000000e+00	0.000000e+00	0.000000e+00	
-2.020000e+00	-2.010000e+00	0.000000e+00	0.000000e+00	0.000000e+00	0.000000e+00	0.000000e+00	0.000000e+00	
-2.010000e+00	-2.000000e+00	0.000000e+00	0.000000e+00	0.000000e+00	0.000000e+00	0.000000e+00	0.000000e+00	
-2.000000e+00	-1.990000e+00	0.000000e+00	0.000000e+00	0.000000e+00	0.000000e+00	0.000000e+00	0.000000e+00	
-1.990000e+00	-1.980000e+00	0.000000e+00	0.000000e+00	0.000000e+00	0.000000e+00	0.000000e+00	0.000000e+00	
-1.980000e+00	-1.970000e+00	1.066783e-02	0.000000e+00	0.000000e+00	0.000000e+00	0.000000e+00	0.000000e+00	
-1.970000e+00	-1.960000e+00	0.000000e+00	0.000000e+00	0.000000e+00	0.000000e+00	0.000000e+00	0.000000e+00	
-1.960000e+00	-1.950000e+00	0.000000e+00	0.000000e+00	0.000000e+00	0.000000e+00	0.000000e+00	0.000000e+00	
-1.950000e+00	-1.940000e+00	0.000000e+00	1.571839e-02	0.000000e+00	0.000000e+00	0.000000e+00	0.000000e+00	
-1.940000e+00	-1.930000e+00	0.000000e+00	0.000000e+00	0.000000e+00	0.000000e+00	0.000000e+00	0.000000e+00	
-1.930000e+00	-1.920000e+00	0.000000e+00	0.000000e+00	0.000000e+00	0.000000e+00	0.000000e+00	0.000000e+00	
-1.920000e+00	-1.910000e+00	0.000000e+00	0.000000e+00	0.000000e+00	0.000000e+00	0.000000e+00	0.000000e+00	
-1.910000e+00	-1.900000e+00	0.000000e+00	0.000000e+00	0.000000e+00	0.000000e+00	0.000000e+00	0.000000e+00	
-1.900000e+00	-1.890000e+00	0.000000e+00	0.000000e+00	0.000000e+00	0.000000e+00	0.000000e+00	0.000000e+00	
-1.890000e+00	-1.880000e+00	0.000000e+00	0.000000e+00	8.073115e-03	0.000000e+00	0.000000e+00	0.000000e+00	
-1.880000e+00	-1.870000e+00	0.000000e+00	0.000000e+00	0.000000e+00	0.000000e+00	0.000000e+00	0.000000e+00	
-1.870000e+00	-1.860000e+00	0.000000e+00	1.817592e-02	0.000000e+00	0.000000e+00	0.000000e+00	0.000000e+00	
-1.860000e+00	-1.850000e+00	1.321597e-02	0.000000e+00	0.000000e+00	0.000000e+00	0.000000e+00	0.000000e+00	
-1.850000e+00	-1.840000e+00	0.000000e+00	0.000000e+00	0.000000e+00	0.000000e+00	0.000000e+00	0.000000e+00	
-1.840000e+00	-1.830000e+00	0.000000e+00	0.000000e+00	0.000000e+00	0.000000e+00	0.000000e+00	0.000000e+00	
-1.830000e+00	-1.820000e+00	0.000000e+00	0.000000e+00	0.000000e+00	0.000000e+00	0.000000e+00	0.000000e+00	
-1.820000e+00	-1.810000e+00	0.000000e+00	0.000000e+00	0.000000e+00	0.000000e+00	0.000000e+00	0.000000e+00	
-1.810000e+00	-1.800000e+00	0.000000e+00	0.000000e+00	0.000000e+00	0.000000e+00	0.000000e+00	0.000000e+00	
-1.800000e+00	-1.790000e+00	0.000000e+00	2.058938e-02	0.000000e+00	0.000000e+00	0.000000e+00	0.000000e+00	
-1.790000e+00	-1.780000e+00	0.000000e+00	0.000000e+00	0.000000e+00	0.000000e+00	0.000000e+00	0.000000e+00	
-1.780000e+00	-1.770000e+00	0.000000e+00	0.000000e+00	0.000000e+00	0.000000e+00	0.000000e+00	0.000000e+00	
-1.770000e+00	-1.760000e+00	0.000000e+00	0.000000e+00	0.000000e+00	0.000000e+00	0.000000e+00	0.000000e+00	
-1.760000e+00	-1.750000e+00	1.571839e-02	0.000000e+00	0.000000e+00	0.000000e+00	0.000000e+00	0.000000e+00	
-1.750000e+00	-1.740000e+00	0.000000e+00	2.295955e-02	0.000000e+00	0.000000e+00	0.000000e+00	0.000000e+00	
-1.740000e+00	-1.730000e+00	0.000000e+00	0.000000e+00	0.000000e+00	0.000000e+00	0.000000e+00	0.000000e+00	
-1.730000e+00	-1.720000e+00	0.000000e+00	0.000000e+00	0.000000e+00	0.000000e+00	0.000000e+00	0.000000e+00	
-1.720000e+00	-1.710000e+00	0.000000e+00	0.000000e+00	1.066783e-02	0.000000e+00	0.000000e+00	0.000000e+00	
-1.710000e+00	-1.700000e+00	0.000000e+00	0.000000e+00	0.000000e+00	0.000000e+00	0.000000e+00	0.000000e+00	
-1.700000e+00	-1.690000e+00	0.000000e+00	2.528718e-02	0.000000e+00	0.000000e+00	0.000000e+00	0.000000e+00	
-1.690000e+00	-1.680000e+00	1.817592e-02	0.000000e+00	0.000000e+00	0.000000e+00	0.000000e+00	0.000000e+00	
-1.680000e+00	-1.670000e+00	0.000000e+00	0.000000e+00	0.000000e+00	0.000000e+00	0.000000e+00	0.000000e+00	
-1.670000e+00	-1.660000e+00	0.000000e+00	0.000000e+00	0.000000e+00	0.000000e+00	0.000000e+00	0.000000e+00	
-1.660000e+00	-1.650000e+00	0.000000e+00	0.000000e+00	0.000000e+00	0.000000e+00	0.000000e+00	0.000000e+00	
-1.650000e+00	-1.640000e+00	0.000000e+00	2.757303e-02	0.000000e+00	0.000000e+00	0.000000e+00	0.000000e+00	
-1.640000e+00	-1.630000e+00	0.000000e+00	0.000000e+00	0.000000e+00	0.000000e+00	0.000000e+00	0.000000e+00	
-1.630000e+00	-1.620000e+00	0.000000e+00	0.000000e+00	0.000000e+00	0.000000e+00	0.000000e+00	0.000000e+00	
-1.620000e+00	-1.610000e+00	2.058938e-02	0.000000e+00	0.000000e+00	0.000000e+00	0.000000e+00	0.000000e+00	
-1.610000e+00	-1.600000e+00	0.000000e+00	2.981781e-02	0.000000e+00	0.000000e+00	0.000000e+00	0.000000e+00	
-1.600000e+00	-1.590000e+00	0.000000e+00	0.000000e+00	0.000000e+00	0.000000e+00	0.000000e+00	0.000000e+00	
-1.590000e+00	-1.580000e+00	0.000000e+00	0.000000e+00	1.321597e-02	0.000000e+00	0.000000e+00	0.000000e+00	
-1.580000e+00	-1.570000e+00	0.000000e+00	3.202224e-02	0.000000e+00	0.000000e+00	0.000000e+00	0.000000e+00	
-1.570000e+00	-1.560000e+00	0.000000e+00	0.000000e+00	0.000000e+00	0.000000e+00	0.000000e+00	0.000000e+00	
-1.560000e+00	-1.550000e+00	2.295955e-02	0.000000e+00	0.000000e+00	0.000000e+00	0.000000e+00	0.000000e+00	
-1.550000e+00	-1.540000e+00	0.000000e+00	0.000000e+00	0.000000e+00	0.000000e+00	0.000000e+00	0.000000e+00	
-1.540000e+00	-1.530000e+00	0.000000e+00	3.418700e-02	0.000000e+00	0.000000e+00	0.000000e+00	0.000000e+00	
-1.530000e+00	-1.520000e+00	0.000000e+00	0.000000e+00	0.000000e+00	0.000000e+00	0.000000e+00	0.000000e+00	
-1.520000e+00	-1.510000e+00	0.000000e+00	0.000000e+00	0.000000e+00	0.000000e+00	0.000000e+00	0.000000e+00	
-1.510000e+00	-1.500000e+00	2.528718e-02	3.631279e-02	0.000000e+00	0.000000e+00	0.000000e+00	0.000000e+00	
-1.500000e+00	-1.490000e+00	0.000000e+00	0.000000e+00	1.571839e-02	0.000000e+00	0.000000e+00	0.000000e+00	
-1.490000e+00	-1.480000e+00	0.000000e+00	0.000000e+00	0.000000e+00	0.000000e+00	0.000000e+00	0.000000e+00	
-1.480000e+00	-1.470000e+00	0.000000e+00	3.840027e-02	0.000000e+00	0.000000e+00	0.000000e+00	0.000000e+00	
-1.470000e+00	-1.460000e+00	2.757303e-02	0.000000e+00	0.000000e+00	0.000000e+00	0.000000e+00	0.000000e+00	
-1.460000e+00	-1.450000e+00	0.000000e+00	0.000000e+00	0.000000e+00	0.000000e+00	0.000000e+00	0.000000e+00	
-1.450000e+00	-1.440000e+00	0.000000e+00	4.045008e-02	0.000000e+00	0.000000e+00	0.000000e+00	0.000000e+00	
-1.440000e+00	-1.430000e+00	0.000000e+00	0.000000e+00	0.000000e+00	0.000000e+00	0.000000e+00	0.000000e+00	
-1.430000e+00	-1.420000e+00	2.981781e-02	4.246288e-02	0.000000e+00	0.000000e+00	0.000000e+00	0.000000e+00	
-1.420000e+00	-1.410000e+00	0.000000e+00	0.000000e+00	1.817592e-02	0.000000e+00	0.000000e+00	0.000000e+00	
-1.410000e+00	-1.400000e+00	0.000000e+00	4.443928e-02	0.000000e+00	0.000000e+00	0.000000e+00	0.000000e+00	
-1.400000e+00	-1.390000e+00	0.000000e+00	0.000000e+00	0.000000e+00	0.000000e+00	0.000000e+00	0.000000e+00	
-1.390000e+00	-1.380000e+00	3.202224e-02	0.000000e+00	0.000000e+00	0.000000e+00	0.000000e+00	0.000000e+00	
-1.380000e+00	-1.370000e+00	0.000000e+00	4.637991e-02	0.000000e+00	0.000000e+00	0.000000e+00	0.000000e+00	
-1.370000e+00	-1.360000e+00	0.000000e+00	0.000000e+00	0.000000e+00	0.000000e+00	0.000000e+00	0.000000e+00	
-1.360000e+00	-1.350000e+00	3.418700e-02	4.828537e-02	0.000000e+00	0.000000e+00	0.000000e+00	0.000000e+00	
-1.350000e+00	-1.340000e+00	0.000000e+00	0.000000e+00	2.058938e-02	0.000000e+00	0.000000e+00	0.000000e+00	
-1.340000e+00	-1.330000e+00	0.000000e+00	5.015624e-02	0.000000e+00	0.000000e+00	0.000000e+00	0.000000e+00	
-1.330000e+00	-1.320000e+00	3.631279e-02	0.000000e+00	0.000000e+00	0.000000e+00	0.000000e+00	0.000000e+00	
-1.320000e+00	-1.310000e+00	0.000000e+00	5.199312e-02	0.000000e+00	0.000000e+00	0.000000e+00	0.000000e+00	
-1.310000e+00	-1.300000e+00	0.000000e+00	0.000000e+00	0.000000e+00	0.000000e+00	0.000000e+00	0.000000e+00	
-1.300000e+00	-1.290000e+00	3.840027e-02	5.379657e-02	2.295955e-02	0.000000e+00	0.000000e+00	0.000000e+00	
-1.290000e+00	-1.280000e+00	0.000000e+00	0.000000e+00	0.000000e+00	0.000000e+00	0.000000e+00	0.000000e+00	
-1.280000e+00	-1.270000e+00	0.000000e+00	5.556716e-02	0.000000e+00	0.000000e+00	0.000000e+00	0.000000e+00	
-1.270000e+00	-1.260000e+00	4.045008e-02	0.000000e+00	0.000000e+00	0.000000e+00	0.000000e+00	0.000000e+00	
-1.260000e+00	-1.250000e+00	0.000000e+00	5.730543e-02	0.000000e+00	0.000000e+00	0.000000e+00	0.000000e+00	
-1.250000e+00	-1.240000e+00	4.246288e-02	5.901193e-02	2.528718e-02	0.000000e+00	0.000000e+00	0.000000e+00	
-1.240000e+00	-1.230000e+00	0.000000e+00	0.000000e+00	0.000000e+00	0.000000e+00	0.000000e+00	0.000000e+00	
-1.230000e+00	-1.220000e+00	0.000000e+00	6.068719e-02	0.000000e+00	0.000000e+00	0.000000e+00	0.000000e+00	
-1.220000e+00	-1.210000e+00	4.443928e-02	0.000000e+00	0.000000e+00	0.000000e+00	0.000000e+00	0.000000e+00	
-1.210000e+00	-1.200000e+00	0.000000e+00	6.233172e-02	0.000000e+00	0.000000e+00	0.000000e+00	0.000000e+00	
-1.200000e+00	-1.190000e+00	4.637991e-02	6.394605e-02	2.757303e-02	0.000000e+00	0.000000e+00	0.000000e+00	
-1.190000e+00	-1.180000e+00	0.000000e+00	0.000000e+00	0.000000e+00	0.000000e+00	0.000000e+00	0.000000e+00	
-1.180000e+00	-1.170000e+00	4.828537e-02	6.553068e-02	0.000000e+00	0.000000e+00	0.000000e+00	0.000000e+00	
-1.170000e+00	-1.160000e+00	0.000000e+00	6.708609e-02	0.000000e+00	0.000000e+00	0.000000e+00	0.000000e+00	
-1.160000e+00	-1.150000e+00	5.015624e-02	0.000000e+00	2.981781e-02	0.000000e+00	0.000000e+00	0.000000e+00	
-1.150000e+00	-1.140000e+00	0.000000e+00	6.861279e-02	0.000000e+00	0.000000e+00	0.000000e+00	0.000000e+00	
-1.140000e+00	-1.130000e+00	5.199312e-02	7.011123e-02	0.000000e+00	0.000000e+00	0.000000e+00	0.000000e+00	
-1.130000e+00	-1.120000e+00	0.000000e+00	0.000000e+00	3.202224e-02	0.000000e+00	0.000000e+00	0.000000e+00	
-1.120000e+00	-1.110000e+00	5.379657e-02	7.158190e-02	0.000000e+00	0.000000e+00	0.000000e+00	0.000000e+00	
-1.110000e+00	-1.100000e+00	0.000000e+00	7.302526e-02	0.000000e+00	0.000000e+00	0.000000e+00	0.000000e+00	
-1.100000e+00	-1.090000e+00	5.556716e-02	7.444175e-02	0.000000e+00	0.000000e+00	0.000000e+00	0.000000e+00	
-1.090000e+00	-1.080000e+00	5.730543e-02	7.583183e-02	3.418700e-02	0.000000e+00	0.000000e+00	0.000000e+00	
-1.080000e+00	-1.070000e+00	0.000000e+00	0.000000e+00	0.000000e+00	0.000000e+00	0.000000e+00	0.000000e+00	
-1.070000e+00	-1.060000e+00	5.901193e-02	7.719592e-02	0.000000e+00	0.000000e+00	0.000000e+00	0.000000e+00	
-1.060000e+00	-1.050000e+00	6.068719e-02	7.853447e-02	3.631279e-02	0.000000e+00	0.000000e+00	0.000000e+00	
-1.050000e+00	-1.040000e+00	0.000000e+00	7.984790e-02	0.000000e+00	0.000000e+00	0.000000e+00	0.000000e+00	
-1.040000e+00	-1.030000e+00	6.233172e-02	8.113661e-02	0.000000e+00	0.000000e+00	0.000000e+00	0.000000e+00	
-1.030000e+00	-1.020000e+00	6.394605e-02	8.240102e-02	3.840027e-02	0.000000e+00	0.000000e+00	0.000000e+00	
-1.020000e+00	-1.010000e+00	0.000000e+00	8.364154e-02	0.000000e+00	0.000000e+00	0.000000e+00	0.000000e+00	
-1.010000e+00	-1.000000e+00	6.553068e-02	0.000000e+00	0.000000e+00	0.000000e+00	0.000000e+00	0.000000e+00	
-1.000000e+00	-9.900000e-01	6.708609e-02	8.485855e-02	4.045008e-02	0.000000e+00	0.000000e+00	0.000000e+00	
-9.900000e-01	-9.800000e-01	6.861279e-02	8.605244e-02	0.000000e+00	0.000000e+00	0.000000e+00	0.000000e+00	
-9.800000e-01	-9.700000e-01	7.011123e-02	8.722360e-02	4.246288e-02	0.000000e+00	0.000000e+00	0.000000e+00	
-9.700000e-01	-9.600000e-01	7.158190e-02	8.837239e-02	0.000000e+00	0.000000e+00	0.000000e+00	0.000000e+00	
-9.600000e-01	-9.500000e-01	0.000000e+00	8.949920e-02	4.443928e-02	0.000000e+00	0.000000e+00	0.000000e+00	
-9.500000e-01	-9.400000e-01	7.302526e-02	9.060438e-02	0.000000e+00	0.000000e+00	0.000000e+00	0.000000e+00	
-9.400000e-01	-9.300000e-01	7.444175e-02	1.844396e-01	0.000000e+00	0.000000e+00	0.000000e+00	0.000000e+00	
-9.300000e-01	-9.200000e-01	7.583183e-02	9.379368e-02	4.637991e-02	0.000000e+00	0.000000e+00	0.000000e+00	
-9.200000e-01	-9.100000e-01	7.719592e-02	9.481585e-02	0.000000e+00	0.000000e+00	0.000000e+00	0.000000e+00	
-9.100000e-01	-9.000000e-01	7.853447e-02	9.581812e-02	4.828537e-02	0.000000e+00	0.000000e+00	0.000000e+00	
-9.000000e-01	-8.900000e-01	7.984790e-02	9.680081e-02	0.000000e+00	0.000000e+00	0.000000e+00	0.000000e+00	
-8.900000e-01	-8.800000e-01	8.113661e-02	9.776425e-02	5.015624e-02	0.000000e+00	0.000000e+00	0.000000e+00	
-8.800000e-01	-8.700000e-01	8.240102e-02	1.983434e-01	0.000000e+00	0.000000e+00	0.000000e+00	0.000000e+00	
-8.700000e-01	-8.600000e-01	8.364154e-02	1.005422e-01	5.199312e-02	0.000000e+00	0.000000e+00	0.000000e+00	
-8.600000e-01	-8.500000e-01	1.709110e-01	1.014317e-01	0.000000e+00	0.000000e+00	0.000000e+00	0.000000e+00	
-8.500000e-01	-8.400000e-01	8.722360e-02	1.023035e-01	5.379657e-02	0.000000e+00	0.000000e+00	0.000000e+00	
-8.400000e-01	-8.300000e-01	8.837239e-02	2.071530e-01	5.556716e-02	0.000000e+00	0.000000e+00	0.000000e+00	
-8.300000e-01	-8.200000e-01	8.949920e-02	1.048155e-01	0.000000e+00	0.000000e+00	0.000000e+00	0.000000e+00	
-8.200000e-01	-8.100000e-01	1.822927e-01	2.120261e-01	5.730543e-02	0.000000e+00	0.000000e+00	0.000000e+00	
-8.100000e-01	-8.000000e-01	9.275127e-02	1.071782e-01	5.901193e-02	0.000000e+00	0.000000e+00	0.000000e+00	
-8.000000e-01	-7.900000e-01	9.379368e-02	1.079338e-01	0.000000e+00	0.000000e+00	0.000000e+00	0.000000e+00	
-7.900000e-01	-7.800000e-01	1.906340e-01	2.180728e-01	6.068719e-02	0.000000e+00	0.000000e+00	0.000000e+00	
-7.800000e-01	-7.700000e-01	9.680081e-02	1.101086e-01	6.233172e-02	0.000000e+00	0.000000e+00	0.000000e+00	
-7.700000e-01	-7.600000e-01	1.964730e-01	2.222880e-01	0.000000e+00	0.000000e+00	0.000000e+00	0.000000e+00	
-7.600000e-01	-7.500000e-01	2.001768e-01	2.249532e-01	6.394605e-02	0.000000e+00	0.000000e+00	0.000000e+00	
-7.500000e-01	-7.400000e-01	1.014317e-01	1.134411e-01	6.553068e-02	0.000000e+00	0.000000e+00	0.000000e+00	
-7.400000e-01	-7.300000e-01	2.054614e-01	2.287430e-01	0.000000e+00	0.000000e+00	0.000000e+00	0.000000e+00	
-7.300000e-01	-7.200000e-01	2.088106e-01	2.311362e-01	6.708609e-02	0.000000e+00	0.000000e+00	0.000000e+00	
-7.200000e-01	-7.100000e-01	1.056193e-01	2.334267e-01	6.861279e-02	0.000000e+00	0.000000e+00	0.000000e+00	
-7.100000e-01	-7.000000e-01	2.135850e-01	1.175411e-01	7.011123e-02	0.000000e+00	0.000000e+00	0.000000e+00	
-7.000000e-01	-6.900000e-01	2.166078e-01	2.366772e-01	7.158190e-02	0.000000e+00	0.000000e+00	0.000000e+00	
-6.900000e-01	-6.800000e-01	2.195075e-01	2.387254e-01	7.302526e-02	0.000000e+00	0.000000e+00	0.000000e+00	
-6.800000e-01	-6.700000e-01	2.222880e-01	2.406822e-01	7.444175e-02	0.000000e+00	0.000000e+00	0.000000e+00	
-6.700000e-01	-6.600000e-01	3.383942e-01	2.425505e-01	0.000000e+00	0.000000e+00	0.000000e+00	0.000000e+00	
-6.600000e-01	-6.500000e-01	2.287430e-01	2.443332e-01	7.583183e-02	0.000000e+00	0.000000e+00	0.000000e+00	
-6.500000e-01	-6.400000e-01	2.311362e-01	3.696621e-01	7.719592e-02	0.000000e+00	0.000000e+00	0.000000e+00	
-6.400000e-01	-6.300000e-01	3.509678e-01	2.484337e-01	7.853447e-02	0.000000e+00	0.000000e+00	0.000000e+00	
-6.300000e-01	-6.200000e-01	2.366772e-01	2.499382e-01	7.984790e-02	0.000000e+00	0.000000e+00	0.000000e+00	
-6.200000e-01	-6.100000e-01	3.588275e-01	2.513691e-01	1.635376e-01	0.000000e+00	0.000000e+00	0.000000e+00	
-6.100000e-01	-6.000000e-01	3.631306e-01	3.795810e-01	8.364154e-02	0.000000e+00	0.000000e+00	0.000000e+00	
-6.000000e-01	-5.900000e-01	3.671424e-01	2.546392e-01	8.485855e-02	0.000000e+00	0.000000e+00	0.000000e+00	
-5.900000e-01	-5.800000e-01	3.708770e-01	3.841724e-01	8.605244e-02	0.000000e+00	0.000000e+00	0.000000e+00	
-5.800000e-01	-5.700000e-01	3.743478e-01	2.574988e-01	8.722360e-02	0.000000e+00	0.000000e+00	0.000000e+00	
-5.700000e-01	-5.600000e-01	3.775678e-01	3.881730e-01	8.837239e-02	0.000000e+00	0.000000e+00	0.000000e+00	
-5.600000e-01	-5.500000e-01	5.080215e-01	3.903097e-01	1.801036e-01	0.000000e+00	0.000000e+00	0.000000e+00	
-5.500000e-01	-5.400000e-01	3.841724e-01	3.922602e-01	9.168829e-02	0.000000e+00	0.000000e+00	0.000000e+00	
-5.400000e-01	-5.300000e-01	5.160340e-01	3.940337e-01	9.275127e-02	0.000000e+00	0.000000e+00	0.000000e+00	
-5.300000e-01	-5.200000e-01	5.199475e-01	3.956389e-01	1.886095e-01	0.000000e+00	0.000000e+00	0.000000e+00	
-5.200000e-01	-5.100000e-01	5.234162e-01	3.970839e-01	9.581812e-02	0.000000e+00	0.000000e+00	0.000000e+00	
-5.100000e-01	-5.000000e-01	6.585166e-01	3.983767e-01	1.945651e-01	0.000000e+00	0.000000e+00	0.000000e+00	
-5.000000e-01	-4.900000e-01	5.297398e-01	5.329305e-01	9.870875e-02	0.000000e+00	0.000000e+00	0.000000e+00	
-4.900000e-01	-4.800000e-01	7.986513e-01	4.008420e-01	2.001768e-01	0.000000e+00	0.000000e+00	0.000000e+00	
-4.800000e-01	-4.700000e-01	6.685428e-01	5.357368e-01	2.037352e-01	0.000000e+00	0.000000e+00	0.000000e+00	
-4.700000e-01	-4.600000e-01	8.049737e-01	5.369377e-01	1.031579e-01	0.000000e+00	0.000000e+00	0.000000e+00	
-4.600000e-01	-4.500000e-01	8.070747e-01	5.378697e-01	2.088106e-01	0.000000e+00	0.000000e+00	0.000000e+00	
-4.500000e-01	-4.400000e-01	8.083410e-01	5.385502e-01	2.120261e-01	0.000000e+00	0.000000e+00	0.000000e+00	
-4.400000e-01	-4.300000e-01	1.078466e+00	5.389959e-01	2.151120e-01	0.000000e+00	0.000000e+00	0.000000e+00	
-4.300000e-01	-4.200000e-01	9.431602e-01	6.740389e-01	2.180728e-01	0.000000e+00	0.000000e+00	0.000000e+00	
-4.200000e-01	-4.100000e-01	1.210391e+00	5.392187e-01	2.209124e-01	0.000000e+00	0.000000e+00	0.000000e+00	
-4.100000e-01	-4.000000e-01	1.206283e+00	6.736994e-01	2.236347e-01	0.000000e+00	0.000000e+00	0.000000e+00	
-4.000000e-01	-3.900000e-01	1.466636e+00	6.730238e-01	2.262437e-01	0.000000e+00	0.000000e+00	0.000000e+00	
-3.900000e-01	-3.800000e-01	1.587836e+00	8.063000e-01	3.440185e-01	0.000000e+00	0.000000e+00	0.000000e+00	
-3.800000e-01	-3.700000e-01	1.703222e+00	6.704776e-01	2.322941e-01	0.000000e+00	0.000000e+00	0.000000e+00	
-3.700000e-01	-3.600000e-01	2.068722e+00	8.024622e-01	2.345345e-01	0.000000e+00	0.000000e+00	0.000000e+00	
-3.600000e-01	-3.500000e-01	2.412903e+00	7.997811e-01	3.557897e-01	0.000000e+00	0.000000e+00	0.000000e+00	
-3.500000e-01	-3.400000e-01	2.852299e+00	7.967389e-01	3.602952e-01	0.000000e+00	0.000000e+00	0.000000e+00	
-3.400000e-01	-3.300000e-01	3.719011e+00	9.252538e-01	3.644995e-01	0.000000e+00	0.000000e+00	0.000000e+00	
-3.300000e-01	-3.200000e-01	4.913710e+00	9.202179e-01	2.451934e-01	0.000000e+00	0.000000e+00	0.000000e+00	
-3.200000e-01	-3.100000e-01	7.796568e+00	1.045001e+00	4.952866e-01	0.000000e+00	0.000000e+00	0.000000e+00	
-3.100000e-01	-3.000000e-01	1.549628e+01	1.037386e+00	3.754484e-01	0.000000e+00	0.000000e+00	0.000000e+00	
-3.000000e-01	-2.900000e-01	2.452732e+01	1.157411e+00	3.785874e-01	0.000000e+00	0.000000e+00	0.000000e+00	
-2.900000e-01	-2.800000e-01	1.078548e+01	1.146688e+00	5.092619e-01	0.000000e+00	0.000000e+00	0.000000e+00	
-2.800000e-01	-2.700000e-01	0.000000e+00	1.135529e+00	3.850182e-01	0.000000e+00	0.000000e+00	0.000000e+00	
-2.700000e-01	-2.600000e-01	0.000000e+00	1.372201e+00	5.170557e-01	0.000000e+00	0.000000e+00	0.000000e+00	
-2.600000e-01	-2.500000e-01	0.000000e+00	1.354490e+00	5.208552e-01	0.000000e+00	0.000000e+00	0.000000e+00	
-2.500000e-01	-2.400000e-01	0.000000e+00	1.456979e+00	6.557483e-01	0.000000e+00	0.000000e+00	0.000000e+00	
-2.400000e-01	-2.300000e-01	0.000000e+00	1.553690e+00	5.278473e-01	0.000000e+00	0.000000e+00	0.000000e+00	
-2.300000e-01	-2.200000e-01	0.000000e+00	1.760445e+00	6.632522e-01	0.000000e+00	0.000000e+00	0.000000e+00	
-2.200000e-01	-2.100000e-01	0.000000e+00	1.725675e+00	6.664437e-01	0.000000e+00	0.000000e+00	0.000000e+00	
-2.100000e-01	-2.000000e-01	0.000000e+00	1.913717e+00	8.030656e-01	0.000000e+00	0.000000e+00	0.000000e+00	
-2.000000e-01	-1.900000e-01	0.000000e+00	1.977838e+00	8.057722e-01	0.000000e+00	0.000000e+00	0.000000e+00	
-1.900000e-01	-1.800000e-01	0.000000e+00	2.245158e+00	8.075854e-01	5.631737e-01	0.000000e+00	0.000000e+00	
-1.800000e-01	-1.700000e-01	0.000000e+00	2.281224e+00	9.434028e-01	4.508370e-01	0.000000e+00	0.000000e+00	
-1.700000e-01	-1.600000e-01	0.000000e+00	2.506182e+00	9.436287e-01	3.352777e-01	0.000000e+00	0.000000e+00	
-1.600000e-01	-1.500000e-01	0.000000e+00	2.606502e+00	1.077410e+00	3.720665e-01	0.000000e+00	0.000000e+00	
-1.500000e-01	-1.400000e-01	0.000000e+00	2.687386e+00	1.209200e+00	4.055504e-01	0.000000e+00	0.000000e+00	
-1.400000e-01	-1.300000e-01	0.000000e+00	2.921977e+00	1.338068e+00	5.265961e-01	0.000000e+00	0.000000e+00	
-1.300000e-01	-1.200000e-01	0.000000e+00	2.947483e+00	1.463027e+00	4.688544e-01	0.000000e+00	0.000000e+00	
-1.200000e-01	-1.100000e-01	0.000000e+00	2.954344e+00	1.714336e+00	5.948660e-01	0.000000e+00	0.000000e+00	
-1.100000e-01	-1.000000e-01	0.000000e+00	2.943627e+00	1.825425e+00	6.262810e-01	0.000000e+00	0.000000e+00	
-1.000000e-01	-9.000000e-02	0.000000e+00	3.328161e+00	2.183911e+00	6.540792e-01	0.000000e+00	0.000000e+00	
-9.000000e-02	-8.000000e-02	0.000000e+00	3.230109e+00	2.519059e+00	6.786029e-01	0.000000e+00	0.000000e+00	
-8.000000e-02	-7.000000e-02	0.000000e+00	3.002505e+00	3.187844e+00	8.187588e-01	0.000000e+00	0.000000e+00	
-7.000000e-02	-6.000000e-02	0.000000e+00	2.900711e+00	4.129166e+00	9.662649e-01	0.000000e+00	0.000000e+00	
-6.000000e-02	-5.000000e-02	0.000000e+00	2.739170e+00	5.893159e+00	9.935169e-01	0.000000e+00	9.348160e-01	
-5.000000e-02	-4.000000e-02	0.000000e+00	2.581875e+00	1.016550e+01	1.015882e+00	0.000000e+00	1.743002e+00	
-4.000000e-02	-3.000000e-02	0.000000e+00	2.429200e+00	2.174345e+01	1.164292e+00	0.000000e+00	1.885012e+00	
-3.000000e-02	-2.000000e-02	0.000000e+00	2.281466e+00	2.062493e+01	1.181900e+00	0.000000e+00	2.069643e+00	
-2.000000e-02	-1.000000e-02	0.000000e+00	2.102285e+00	3.345778e+00	1.461864e+00	0.000000e+00	2.234845e+00	
-1.000000e-02	0.000000e+00	0.000000e+00	1.937302e+00	0.000000e+00	1.339967e+00	0.000000e+00	2.450590e+00	
0.000000e+00	1.000000e-02	0.000000e+00	1.816532e+00	0.000000e+00	1.615372e+00	0.000000e+00	2.687368e+00	
1.000000e-02	2.000000e-02	0.000000e+00	1.643109e+00	0.000000e+00	1.617496e+00	0.000000e+00	2.847824e+00	
2.000000e-02	3.000000e-02	0.000000e+00	1.540934e+00	0.000000e+00	1.748693e+00	0.000000e+00	3.005674e+00	
3.000000e-02	4.000000e-02	0.000000e+00	1.222788e+00	0.000000e+00	1.873138e+00	0.000000e+00	3.218012e+00	
4.000000e-02	5.000000e-02	0.000000e+00	0.000000e+00	0.000000e+00	2.121467e+00	0.000000e+00	3.439257e+00	
5.000000e-02	6.000000e-02	0.000000e+00	0.000000e+00	0.000000e+00	2.095261e+00	0.000000e+00	3.669288e+00	
6.000000e-02	7.000000e-02	0.000000e+00	0.000000e+00	0.000000e+00	2.192585e+00	0.000000e+00	3.681950e+00	
7.000000e-02	8.000000e-02	0.000000e+00	0.000000e+00	0.000000e+00	2.404991e+00	0.000000e+00	3.328365e+00	
8.000000e-02	9.000000e-02	0.000000e+00	0.000000e+00	0.000000e+00	2.475837e+00	0.000000e+00	3.547092e+00	
9.000000e-02	1.000000e-01	0.000000e+00	0.000000e+00	0.000000e+00	2.654349e+00	0.000000e+00	3.417849e+00	
1.000000e-01	1.100000e-01	0.000000e+00	0.000000e+00	0.000000e+00	2.695712e+00	0.000000e+00	3.428781e+00	
1.100000e-01	1.200000e-01	0.000000e+00	0.000000e+00	0.000000e+00	2.948881e+00	0.000000e+00	3.318279e+00	
1.200000e-01	1.300000e-01	0.000000e+00	0.000000e+00	0.000000e+00	3.059468e+00	0.000000e+00	3.170968e+00	
1.300000e-01	1.400000e-01	0.000000e+00	0.000000e+00	0.000000e+00	3.043755e+00	0.000000e+00	3.096048e+00	
1.400000e-01	1.500000e-01	0.000000e+00	0.000000e+00	0.000000e+00	3.312951e+00	0.000000e+00	2.997786e+00	
1.500000e-01	1.600000e-01	0.000000e+00	0.000000e+00	0.000000e+00	3.344533e+00	0.000000e+00	2.759147e+00	
1.600000e-01	1.700000e-01	0.000000e+00	0.000000e+00	0.000000e+00	3.442293e+00	0.000000e+00	2.727573e+00	
1.700000e-01	1.800000e-01	0.000000e+00	0.000000e+00	0.000000e+00	3.504188e+00	0.000000e+00	2.560649e+00	
1.800000e-01	1.900000e-01	0.000000e+00	0.000000e+00	0.000000e+00	3.453871e+00	0.000000e+00	2.499075e+00	
1.900000e-01	2.000000e-01	0.000000e+00	0.000000e+00	0.000000e+00	3.459208e+00	0.000000e+00	2.296840e+00	
2.000000e-01	2.100000e-01	0.000000e+00	0.000000e+00	0.000000e+00	3.770234e+00	0.000000e+00	2.076558e+00	
2.100000e-01	2.200000e-01	0.000000e+00	0.000000e+00	0.000000e+00	3.540234e+00	0.000000e+00	2.105680e+00	
2.200000e-01	2.300000e-01	0.000000e+00	0.000000e+00	0.000000e+00	3.375181e+00	0.000000e+00	1.996145e+00	
2.300000e-01	2.400000e-01	0.000000e+00	0.000000e+00	0.000000e+00	3.152428e+00	0.000000e+00	1.743034e+00	
2.400000e-01	2.500000e-01	0.000000e+00	0.000000e+00	0.000000e+00	2.939195e+00	0.000000e+00	1.750417e+00	
2.500000e-01	2.600000e-01	0.000000e+00	0.000000e+00	0.000000e+00	2.779170e+00	0.000000e+00	1.617418e+00	
2.600000e-01	2.700000e-01	0.000000e+00	0.000000e+00	0.000000e+00	2.537988e+00	1.000000e+02	1.479184e+00	
2.700000e-01	2.800000e-01	0.000000e+00	0.000000e+00	0.000000e+00	2.390384e+00	0.000000e+00	1.470547e+00	
2.800000e-01	2.900000e-01	0.000000e+00	0.000000e+00	0.000000e+00	2.143804e+00	0.000000e+00	1.324117e+00	
2.900000e-01	3.000000e-01	0.000000e+00	0.000000e+00	0.000000e+00	2.015466e+00	0.000000e+00	1.176571e+00	
3.000000e-01	3.100000e-01	0.000000e+00	0.000000e+00	0.000000e+00	1.805722e+00	0.000000e+00	1.157285e+00	
3.100000e-01	3.200000e-01	0.000000e+00	0.000000e+00	0.000000e+00	1.694562e+00	0.000000e+00	1.008027e+00	
3.200000e-01	3.300000e-01	0.000000e+00	0.000000e+00	0.000000e+00	1.729540e-01	0.000000e+00	8.624053e-01	
3.300000e-01	3.400000e-01	0.000000e+00	0.000000e+00	0.000000e+00	0.000000e+00	0.000000e+00	9.586091e-01	
3.400000e-01	3.500000e-01	0.000000e+00	0.000000e+00	0.000000e+00	0.000000e+00	0.000000e+00	8.108249e-01	
3.500000e-01	3.600000e-01	0.000000e+00	0.000000e+00	0.000000e+00	0.000000e+00	0.000000e+00	6.707725e-01	
3.600000e-01	3.700000e-01	0.000000e+00	0.000000e+00	0.000000e+00	0.000000e+00	0.000000e+00	6.451932e-01	
3.700000e-01	3.800000e-01	0.000000e+00	0.000000e+00	0.000000e+00	0.000000e+00	0.000000e+00	6.162291e-01	
3.800000e-01	3.900000e-01	0.000000e+00	0.000000e+00	0.000000e+00	0.000000e+00	0.000000e+00	4.887132e-01	
3.900000e-01	4.000000e-01	0.000000e+00	0.000000e+00	0.000000e+00	0.000000e+00	0.000000e+00	5.531375e-01	
4.000000e-01	4.100000e-01	0.000000e+00	0.000000e+00	0.000000e+00	0.000000e+00	0.000000e+00	4.301367e-01	
4.100000e-01	4.200000e-01	0.000000e+00	0.000000e+00	0.000000e+00	0.000000e+00	0.000000e+00	3.991050e-01	
4.200000e-01	4.300000e-01	0.000000e+00	0.000000e+00	0.000000e+00	0.000000e+00	0.000000e+00	3.649820e-01	
4.300000e-01	4.400000e-01	0.000000e+00	0.000000e+00	0.000000e+00	0.000000e+00	0.000000e+00	3.881839e-01	
4.400000e-01	4.500000e-01	0.000000e+00	0.000000e+00	0.000000e+00	0.000000e+00	0.000000e+00	5.093839e-01	
4.500000e-01	4.600000e-01	0.000000e+00	0.000000e+00	0.000000e+00	0.000000e+00	0.000000e+00	3.816112e-01	
4.600000e-01	4.700000e-01	0.000000e+00	0.000000e+00	0.000000e+00	0.000000e+00	0.000000e+00	0.000000e+00	
4.700000e-01	4.800000e-01	0.000000e+00	0.000000e+00	0.000000e+00	0.000000e+00	0.000000e+00	0.000000e+00	
4.800000e-01	4.900000e-01	0.000000e+00	0.000000e+00	0.000000e+00	0.000000e+00	0.000000e+00	0.000000e+00	
4.900000e-01	5.000000e-01	0.000000e+00	0.000000e+00	0.000000e+00	0.000000e+00	0.000000e+00	0.000000e+00	
5.000000e-01	5.100000e-01	0.000000e+00	0.000000e+00	0.000000e+00	0.000000e+00	0.000000e+00	0.000000e+00	
5.100000e-01	5.200000e-01	0.000000e+00	0.000000e+00	0.000000e+00	0.000000e+00	0.000000e+00	0.000000e+00	
5.200000e-01	5.300000e-01	0.000000e+00	0.000000e+00	0.000000e+00	0.000000e+00	0.000000e+00	0.000000e+00	
5.300000e-01	5.400000e-01	0.000000e+00	0.000000e+00	0.000000e+00	0.000000e+00	0.000000e+00	0.000000e+00	
5.400000e-01	5.500000e-01	0.000000e+00	0.000000e+00	0.000000e+00	0.000000e+00	0.000000e+00	0.000000e+00	
5.500000e-01	5.600000e-01	0.000000e+00	0.000000e+00	0.000000e+00	0.000000e+00	0.000000e+00	0.000000e+00	
5.600000e-01	5.700000e-01	0.000000e+00	0.000000e+00	0.000000e+00	0.000000e+00	0.000000e+00	0.000000e+00	
5.700000e-01	5.800000e-01	0.000000e+00	0.000000e+00	0.000000e+00	0.000000e+00	0.000000e+00	0.000000e+00	
5.800000e-01	5.900000e-01	0.000000e+00	0.000000e+00	0.000000e+00	0.000000e+00	0.000000e+00	0.000000e+00	
5.900000e-01	6.000000e-01	0.000000e+00	0.000000e+00	0.000000e+00	0.000000e+00	0.000000e+00	0.000000e+00	
6.000000e-01	6.100000e-01	0.000000e+00	0.000000e+00	0.000000e+00	0.000000e+00	0.000000e+00	0.000000e+00	
6.100000e-01	6.200000e-01	0.000000e+00	0.000000e+00	0.000000e+00	0.000000e+00	0.000000e+00	0.000000e+00	
6.200000e-01	6.300000e-01	0.000000e+00	0.000000e+00	0.000000e+00	0.000000e+00	0.000000e+00	0.000000e+00	
6.300000e-01	6.400000e-01	0.000000e+00	0.000000e+00	0.000000e+00	0.000000e+00	0.000000e+00	0.000000e+00	
6.400000e-01	6.500000e-01	0.000000e+00	0.000000e+00	0.000000e+00	0.000000e+00	0.000000e+00	0.000000e+00	
6.500000e-01	6.600000e-01	0.000000e+00	0.000000e+00	0.000000e+00	0.000000e+00	0.000000e+00	0.000000e+00	
6.600000e-01	6.700000e-01	0.000000e+00	0.000000e+00	0.000000e+00	0.000000e+00	0.000000e+00	0.000000e+00	
6.700000e-01	6.800000e-01	0.000000e+00	0.000000e+00	0.000000e+00	0.000000e+00	0.000000e+00	0.000000e+00	
6.800000e-01	6.900000e-01	0.000000e+00	0.000000e+00	0.000000e+00	0.000000e+00	0.000000e+00	0.000000e+00	
6.900000e-01	7.000000e-01	0.000000e+00	0.000000e+00	0.000000e+00	0.000000e+00	0.000000e+00	0.000000e+00	
7.000000e-01	7.100000e-01	0.000000e+00	0.000000e+00	0.000000e+00	0.000000e+00	0.000000e+00	0.000000e+00	
7.100000e-01	7.200000e-01	0.000000e+00	0.000000e+00	0.000000e+00	0.000000e+00	0.000000e+00	0.000000e+00	
7.200000e-01	7.300000e-01	0.000000e+00	0.000000e+00	0.000000e+00	0.000000e+00	0.000000e+00	0.000000e+00	
7.300000e-01	7.400000e-01	0.000000e+00	0.000000e+00	0.000000e+00	0.000000e+00	0.000000e+00	0.000000e+00	
7.400000e-01	7.500000e-01	0.000000e+00	0.000000e+00	0.000000e+00	0.000000e+00	0.000000e+00	0.000000e+00	
7.500000e-01	7.600000e-01	0.000000e+00	0.000000e+00	0.000000e+00	0.000000e+00	0.000000e+00	0.000000e+00	
7.600000e-01	7.700000e-01	0.000000e+00	0.000000e+00	0.000000e+00	0.000000e+00	0.000000e+00	0.000000e+00	
7.700000e-01	7.800000e-01	0.000000e+00	0.000000e+00	0.000000e+00	0.000000e+00	0.000000e+00	0.000000e+00	
7.800000e-01	7.900000e-01	0.000000e+00	0.000000e+00	0.000000e+00	0.000000e+00	0.000000e+00	0.000000e+00	
7.900000e-01	8.000000e-01	0.000000e+00	0.000000e+00	0.000000e+00	0.000000e+00	0.000000e+00	0.000000e+00	
8.000000e-01	8.100000e-01	0.000000e+00	0.000000e+00	0.000000e+00	0.000000e+00	0.000000e+00	0.000000e+00	
8.100000e-01	8.200000e-01	0.000000e+00	0.000000e+00	0.000000e+00	0.000000e+00	0.000000e+00	0.000000e+00	
8.200000e-01	8.300000e-01	0.000000e+00	0.000000e+00	0.000000e+00	0.000000e+00	0.000000e+00	0.000000e+00	
8.300000e-01	8.400000e-01	0.000000e+00	0.000000e+00	0.000000e+00	0.000000e+00	0.000000e+00	0.000000e+00	
8.400000e-01	8.500000e-01	0.000000e+00	0.000000e+00	0.000000e+00	0.000000e+00	0.000000e+00	0.000000e+00	
8.500000e-01	8.600000e-01	0.000000e+00	0.000000e+00	0.000000e+00	0.000000e+00	0.000000e+00	0.000000e+00	
8.600000e-01	8.700000e-01	0.000000e+00	0.000000e+00	0.000000e+00	0.000000e+00	0.000000e+00	0.000000e+00	
8.700000e-01	8.800000e-01	0.000000e+00	0.000000e+00	0.000000e+00	0.000000e+00	0.000000e+00	0.000000e+00	
8.800000e-01	8.900000e-01	0.000000e+00	0.000000e+00	0.000000e+00	0.000000e+00	0.000000e+00	0.000000e+00	
8.900000e-01	9.000000e-01	0.000000e+00	0.000000e+00	0.000000e+00	0.000000e+00	0.000000e+00	0.000000e+00	
9.000000e-01	9.100000e-01	0.000000e+00	0.000000e+00	0.000000e+00	0.000000e+00	0.000000e+00	0.000000e+00	
9.100000e-01	9.200000e-01	0.000000e+00	0.000000e+00	0.000000e+00	0.000000e+00	0.000000e+00	0.000000e+00	
9.200000e-01	9.300000e-01	0.000000e+00	0.000000e+00	0.000000e+00	0.000000e+00	0.000000e+00	0.000000e+00	
9.300000e-01	9.400000e-01	0.000000e+00	0.000000e+00	0.000000e+00	0.000000e+00	0.000000e+00	0.000000e+00	
9.400000e-01	9.500000e-01	0.000000e+00	0.000000e+00	0.000000e+00	0.000000e+00	0.000000e+00	0.000000e+00	
9.500000e-01	9.600000e-01	0.000000e+00	0.000000e+00	0.000000e+00	0.000000e+00	0.000000e+00	0.000000e+00	
9.600000e-01	9.700000e-01	0.000000e+00	0.000000e+00	0.000000e+00	0.000000e+00	0.000000e+00	0.000000e+00	
9.700000e-01	9.800000e-01	0.000000e+00	0.000000e+00	0.000000e+00	0.000000e+00	0.000000e+00	0.000000e+00	
9.800000e-01	9.900000e-01	0.000000e+00	0.000000e+00	0.000000e+00	0.000000e+00	0.000000e+00	0.000000e+00	
9.900000e-01	1.000000e+00	0.000000e+00	0.000000e+00	0.000000e+00	0.000000e+00	0.000000e+00	0.000000e+00	
