# bin_edge_left	bin_edge_right	dN/d[fe/H]	dN/d[sr/H]	dN/d[o/H]	dN/d[sr/fe]	dN/d[o/fe]	dN/d[o/sr]	
-3.000000e+00	-2.950000e+00	6.330591e-03	1.267841e-02	3.165454e-03	0.000000e+00	0.000000e+00	0.000000e+00	
-2.950000e+00	-2.900000e+00	3.164821e-03	1.584089e-02	3.165137e-03	0.000000e+00	0.000000e+00	0.000000e+00	
-2.900000e+00	-2.850000e+00	6.328693e-03	1.899861e-02	6.329325e-03	0.000000e+00	0.000000e+00	0.000000e+00	
-2.850000e+00	-2.800000e+00	6.327427e-03	1.898722e-02	6.328060e-03	0.000000e+00	0.000000e+00	0.000000e+00	
-2.800000e+00	-2.750000e+00	6.326162e-03	2.213736e-02	6.326794e-03	0.000000e+00	0.000000e+00	0.000000e+00	
-2.750000e+00	-2.700000e+00	6.324896e-03	2.212187e-02	6.325529e-03	0.000000e+00	0.000000e+00	0.000000e+00	
-2.700000e+00	-2.650000e+00	9.484973e-03	2.841966e-02	6.324264e-03	0.000000e+00	0.000000e+00	0.000000e+00	
-2.650000e+00	-2.600000e+00	9.482128e-03	3.154741e-02	9.484025e-03	0.000000e+00	0.000000e+00	0.000000e+00	
-2.600000e+00	-2.550000e+00	9.479284e-03	3.466573e-02	9.481180e-03	0.000000e+00	0.000000e+00	0.000000e+00	
-2.550000e+00	-2.500000e+00	1.263462e-02	3.777370e-02	1.263715e-02	0.000000e+00	0.000000e+00	0.000000e+00	
-2.500000e+00	-2.450000e+00	1.262957e-02	4.401206e-02	1.263210e-02	0.000000e+00	0.000000e+00	0.000000e+00	
-2.450000e+00	-2.400000e+00	1.262452e-02	5.022411e-02	1.262704e-02	0.000000e+00	0.000000e+00	0.000000e+00	
-2.400000e+00	-2.350000e+00	1.892731e-02	5.327514e-02	1.577670e-02	0.000000e+00	0.000000e+00	0.000000e+00	
-2.350000e+00	-2.300000e+00	1.891596e-02	6.256080e-02	1.892163e-02	0.000000e+00	0.000000e+00	0.000000e+00	
-2.300000e+00	-2.250000e+00	1.890461e-02	6.867251e-02	1.891029e-02	0.000000e+00	0.000000e+00	0.000000e+00	
-2.250000e+00	-2.200000e+00	2.518851e-02	7.474337e-02	2.204766e-02	0.000000e+00	0.000000e+00	0.000000e+00	
-2.200000e+00	-2.150000e+00	2.516837e-02	8.697417e-02	2.517844e-02	0.000000e+00	0.000000e+00	0.000000e+00	
-2.150000e+00	-2.100000e+00	2.829036e-02	9.600920e-02	2.830168e-02	0.000000e+00	0.000000e+00	0.000000e+00	
-2.100000e+00	-2.050000e+00	3.454255e-02	1.080404e-01	2.827622e-02	0.000000e+00	0.000000e+00	0.000000e+00	
-2.050000e+00	-2.000000e+00	3.763947e-02	1.230126e-01	3.766206e-02	0.000000e+00	0.000000e+00	0.000000e+00	
-2.000000e+00	-1.950000e+00	4.072515e-02	1.347467e-01	3.761689e-02	0.000000e+00	0.000000e+00	0.000000e+00	
-1.950000e+00	-1.900000e+00	4.692482e-02	1.524033e-01	4.382936e-02	0.000000e+00	0.000000e+00	0.000000e+00	
-1.900000e+00	-1.850000e+00	5.309644e-02	1.728128e-01	5.001562e-02	0.000000e+00	0.000000e+00	0.000000e+00	
-1.850000e+00	-1.800000e+00	5.923636e-02	1.928651e-01	5.617200e-02	0.000000e+00	0.000000e+00	0.000000e+00	
-1.800000e+00	-1.750000e+00	6.534096e-02	2.155030e-01	6.229486e-02	0.000000e+00	0.000000e+00	0.000000e+00	
-1.750000e+00	-1.700000e+00	7.450756e-02	2.405934e-01	7.148523e-02	0.000000e+00	0.000000e+00	0.000000e+00	
-1.700000e+00	-1.650000e+00	8.360754e-02	2.709132e-01	7.751509e-02	0.000000e+00	0.000000e+00	0.000000e+00	
-1.650000e+00	-1.600000e+00	9.263289e-02	3.032634e-01	8.967506e-02	0.000000e+00	0.000000e+00	0.000000e+00	
-1.600000e+00	-1.550000e+00	9.542915e-02	3.402895e-01	9.865045e-02	0.000000e+00	0.000000e+00	0.000000e+00	
-1.550000e+00	-1.500000e+00	1.043246e-01	3.815926e-01	1.106051e-01	0.000000e+00	0.000000e+00	0.000000e+00	
-1.500000e+00	-1.450000e+00	1.131274e-01	4.267065e-01	1.254829e-01	0.000000e+00	0.000000e+00	0.000000e+00	
-1.450000e+00	-1.400000e+00	1.187902e-01	4.750942e-01	1.401746e-01	0.000000e+00	0.000000e+00	0.000000e+00	
-1.400000e+00	-1.350000e+00	1.304379e-01	5.342032e-01	1.576837e-01	0.000000e+00	0.000000e+00	0.000000e+00	
-1.350000e+00	-1.300000e+00	1.419316e-01	5.921434e-01	1.779202e-01	0.000000e+00	0.000000e+00	0.000000e+00	
-1.300000e+00	-1.250000e+00	1.502605e-01	6.534473e-01	1.977894e-01	0.000000e+00	0.000000e+00	0.000000e+00	
-1.250000e+00	-1.200000e+00	1.644211e-01	7.219330e-01	2.231819e-01	0.000000e+00	0.000000e+00	0.000000e+00	
-1.200000e+00	-1.150000e+00	1.813034e-01	7.884753e-01	2.509242e-01	0.000000e+00	0.000000e+00	0.000000e+00	
-1.150000e+00	-1.100000e+00	1.949227e-01	8.496568e-01	2.837551e-01	0.000000e+00	0.000000e+00	0.000000e+00	
-1.100000e+00	-1.050000e+00	2.111808e-01	8.935768e-01	3.155917e-01	0.000000e+00	0.000000e+00	0.000000e+00	
-1.050000e+00	-1.000000e+00	2.299696e-01	9.128897e-01	3.577079e-01	0.000000e+00	0.000000e+00	0.000000e+00	
-1.000000e+00	-9.500000e-01	2.540387e-01	9.125850e-01	4.009681e-01	0.000000e+00	0.000000e+00	0.000000e+00	
-9.500000e-01	-9.000000e-01	2.745953e-01	8.953442e-01	4.505431e-01	0.000000e+00	0.000000e+00	0.000000e+00	
-9.000000e-01	-8.500000e-01	3.001524e-01	8.750542e-01	5.083690e-01	0.000000e+00	0.000000e+00	0.000000e+00	
-8.500000e-01	-8.000000e-01	3.276271e-01	8.611176e-01	5.706680e-01	0.000000e+00	0.000000e+00	0.000000e+00	
-8.000000e-01	-7.500000e-01	3.595625e-01	8.471716e-01	6.441317e-01	2.439065e+00	0.000000e+00	0.000000e+00	
-7.500000e-01	-7.000000e-01	3.928659e-01	8.265408e-01	7.241904e-01	7.157981e+00	0.000000e+00	0.000000e+00	
-7.000000e-01	-6.500000e-01	4.299337e-01	8.095999e-01	8.160572e-01	3.840893e+00	0.000000e+00	0.000000e+00	
-6.500000e-01	-6.000000e-01	4.702870e-01	7.955235e-01	9.209870e-01	2.884276e+00	0.000000e+00	0.000000e+00	
-6.000000e-01	-5.500000e-01	5.133869e-01	7.849197e-01	1.040941e+00	2.189015e+00	0.000000e+00	0.000000e+00	
-5.500000e-01	-5.000000e-01	5.611451e-01	7.819712e-01	1.171249e+00	1.488769e+00	0.000000e+00	0.000000e+00	
-5.000000e-01	-4.500000e-01	6.151098e-01	7.832260e-01	1.325599e+00	0.000000e+00	0.000000e+00	0.000000e+00	
-4.500000e-01	-4.000000e-01	6.692422e-01	5.631416e-01	1.497888e+00	0.000000e+00	0.000000e+00	0.000000e+00	
-4.000000e-01	-3.500000e-01	7.342433e-01	0.000000e+00	1.692877e+00	0.000000e+00	2.153762e+00	0.000000e+00	
-3.500000e-01	-3.000000e-01	7.987350e-01	0.000000e+00	1.913524e+00	0.000000e+00	4.419971e+00	0.000000e+00	
-3.000000e-01	-2.500000e-01	8.720303e-01	0.000000e+00	2.160981e+00	0.000000e+00	3.839381e+00	0.000000e+00	
-2.500000e-01	-2.000000e-01	9.467298e-01	0.000000e+00	9.430556e-01	0.000000e+00	2.931034e+00	0.000000e+00	
-2.000000e-01	-1.500000e-01	1.029743e+00	0.000000e+00	0.000000e+00	0.000000e+00	2.083371e+00	0.000000e+00	
-1.500000e-01	-1.000000e-01	1.114113e+00	0.000000e+00	0.000000e+00	0.000000e+00	1.447477e+00	0.000000e+00	
-1.000000e-01	-5.000000e-02	1.201691e+00	0.000000e+00	0.000000e+00	0.000000e+00	1.024474e+00	0.000000e+00	
-5.000000e-02	0.000000e+00	1.291696e+00	0.000000e+00	0.000000e+00	0.000000e+00	7.901654e-01	0.000000e+00	
0.000000e+00	5.000000e-02	1.374760e+00	0.000000e+00	0.000000e+00	0.000000e+00	1.310365e+00	0.000000e+00	
5.000000e-02	1.000000e-01	1.454676e+00	0.000000e+00	0.000000e+00	0.000000e+00	0.000000e+00	0.000000e+00	
1.000000e-01	1.500000e-01	1.352749e+00	0.000000e+00	0.000000e+00	0.000000e+00	0.000000e+00	0.000000e+00	
1.500000e-01	2.000000e-01	0.000000e+00	0.000000e+00	0.000000e+00	0.000000e+00	0.000000e+00	3.664186e-01	
2.000000e-01	2.500000e-01	0.000000e+00	0.000000e+00	0.000000e+00	0.000000e+00	0.000000e+00	1.181804e+00	
2.500000e-01	3.000000e-01	0.000000e+00	0.000000e+00	0.000000e+00	0.000000e+00	0.000000e+00	1.223030e+00	
3.000000e-01	3.500000e-01	0.000000e+00	0.000000e+00	0.000000e+00	0.000000e+00	0.000000e+00	1.322305e+00	
3.500000e-01	4.000000e-01	0.000000e+00	0.000000e+00	0.000000e+00	0.000000e+00	0.000000e+00	1.498701e+00	
4.000000e-01	4.500000e-01	0.000000e+00	0.000000e+00	0.000000e+00	0.000000e+00	0.000000e+00	1.821613e+00	
4.500000e-01	5.000000e-01	0.000000e+00	0.000000e+00	0.000000e+00	0.000000e+00	0.000000e+00	2.777651e+00	
5.000000e-01	5.500000e-01	0.000000e+00	0.000000e+00	0.000000e+00	0.000000e+00	0.000000e+00	9.808478e+00	
5.500000e-01	6.000000e-01	0.000000e+00	0.000000e+00	0.000000e+00	0.000000e+00	0.000000e+00	0.000000e+00	
6.000000e-01	6.500000e-01	0.000000e+00	0.000000e+00	0.000000e+00	0.000000e+00	0.000000e+00	0.000000e+00	
6.500000e-01	7.000000e-01	0.000000e+00	0.000000e+00	0.000000e+00	0.000000e+00	0.000000e+00	0.000000e+00	
7.000000e-01	7.500000e-01	0.000000e+00	0.000000e+00	0.000000e+00	0.000000e+00	0.000000e+00	0.000000e+00	
7.500000e-01	8.000000e-01	0.000000e+00	0.000000e+00	0.000000e+00	0.000000e+00	0.000000e+00	0.000000e+00	
8.000000e-01	8.500000e-01	0.000000e+00	0.000000e+00	0.000000e+00	0.000000e+00	0.000000e+00	0.000000e+00	
8.500000e-01	9.000000e-01	0.000000e+00	0.000000e+00	0.000000e+00	0.000000e+00	0.000000e+00	0.000000e+00	
9.000000e-01	9.500000e-01	0.000000e+00	0.000000e+00	0.000000e+00	0.000000e+00	0.000000e+00	0.000000e+00	
9.500000e-01	1.000000e+00	0.000000e+00	0.000000e+00	0.000000e+00	0.000000e+00	0.000000e+00	0.000000e+00	
